{"timestamp":"2026-01-10T07:22:12.514800Z","level":"info","event":"DAG bundles loaded: dags-folder, example_dags","logger":"airflow.dag_processing.bundles.manager.DagBundlesManager","filename":"manager.py","lineno":179}
{"timestamp":"2026-01-10T07:22:12.515752Z","level":"info","event":"Filling up the DagBag from /home/nishita/Desktop/IS/BigQueryIS/airflow/dags/multimodal_pipeline.py","logger":"airflow.models.dagbag.DagBag","filename":"dagbag.py","lineno":593}
{"timestamp":"2026-01-10T07:22:12.554065Z","level":"info","event":"Task instance is in running state","logger":"task.stdout"}
{"timestamp":"2026-01-10T07:22:12.554278Z","level":"info","event":" Previous state of the Task instance: TaskInstanceState.QUEUED","logger":"task.stdout"}
{"timestamp":"2026-01-10T07:22:12.554423Z","level":"info","event":"Current task name:spark_fusion","logger":"task.stdout"}
{"timestamp":"2026-01-10T07:22:12.554485Z","level":"info","event":"Dag name:multimodal_pipeline","logger":"task.stdout"}
{"timestamp":"2026-01-10T07:22:12.555112Z","level":"info","event":"Tmp dir root location: /tmp","logger":"airflow.task.hooks.airflow.providers.standard.hooks.subprocess.SubprocessHook","filename":"subprocess.py","lineno":78}
{"timestamp":"2026-01-10T07:22:12.555762Z","level":"info","event":"Running command: ['/usr/bin/bash', '-c', '\\n        set -ux\\n        echo \"PWD=$(pwd)\"\\n        echo \"USER=$(whoami)\"\\n\\n        echo \"JAVA:\"\\n        java -version || echo \"JAVA NOT FOUND\"\\n\\n        echo \"SPARK:\"\\n        which spark-submit || echo \"spark-submit NOT FOUND\"\\n        ls -l /opt/spark/bin || echo \"/opt/spark/bin NOT FOUND\"\\n\\n        echo \"PYTHON:\"\\n        source cuda/bin/activate\\n        which python\\n        python -V\\n        ']","logger":"airflow.task.hooks.airflow.providers.standard.hooks.subprocess.SubprocessHook","filename":"subprocess.py","lineno":80}
{"timestamp":"2026-01-10T07:22:12.556816Z","level":"info","event":"Output:","logger":"airflow.task.hooks.airflow.providers.standard.hooks.subprocess.SubprocessHook","filename":"subprocess.py","lineno":92}
{"timestamp":"2026-01-10T07:22:12.558739Z","level":"info","event":"++ pwd","logger":"airflow.task.hooks.airflow.providers.standard.hooks.subprocess.SubprocessHook","filename":"subprocess.py","lineno":99}
{"timestamp":"2026-01-10T07:22:12.558985Z","level":"info","event":"+ echo PWD=/tmp/airflowtmpjm9wg3ee","logger":"airflow.task.hooks.airflow.providers.standard.hooks.subprocess.SubprocessHook","filename":"subprocess.py","lineno":99}
{"timestamp":"2026-01-10T07:22:12.559090Z","level":"info","event":"PWD=/tmp/airflowtmpjm9wg3ee","logger":"airflow.task.hooks.airflow.providers.standard.hooks.subprocess.SubprocessHook","filename":"subprocess.py","lineno":99}
{"timestamp":"2026-01-10T07:22:12.559608Z","level":"info","event":"++ whoami","logger":"airflow.task.hooks.airflow.providers.standard.hooks.subprocess.SubprocessHook","filename":"subprocess.py","lineno":99}
{"timestamp":"2026-01-10T07:22:12.561679Z","level":"info","event":"+ echo USER=nishita","logger":"airflow.task.hooks.airflow.providers.standard.hooks.subprocess.SubprocessHook","filename":"subprocess.py","lineno":99}
{"timestamp":"2026-01-10T07:22:12.561821Z","level":"info","event":"USER=nishita","logger":"airflow.task.hooks.airflow.providers.standard.hooks.subprocess.SubprocessHook","filename":"subprocess.py","lineno":99}
{"timestamp":"2026-01-10T07:22:12.561881Z","level":"info","event":"+ echo JAVA:","logger":"airflow.task.hooks.airflow.providers.standard.hooks.subprocess.SubprocessHook","filename":"subprocess.py","lineno":99}
{"timestamp":"2026-01-10T07:22:12.561926Z","level":"info","event":"JAVA:","logger":"airflow.task.hooks.airflow.providers.standard.hooks.subprocess.SubprocessHook","filename":"subprocess.py","lineno":99}
{"timestamp":"2026-01-10T07:22:12.561965Z","level":"info","event":"+ java -version","logger":"airflow.task.hooks.airflow.providers.standard.hooks.subprocess.SubprocessHook","filename":"subprocess.py","lineno":99}
{"timestamp":"2026-01-10T07:22:12.601877Z","level":"info","event":"openjdk version \"21.0.9\" 2025-10-21","logger":"airflow.task.hooks.airflow.providers.standard.hooks.subprocess.SubprocessHook","filename":"subprocess.py","lineno":99}
{"timestamp":"2026-01-10T07:22:12.602069Z","level":"info","event":"OpenJDK Runtime Environment (build 21.0.9+10-Ubuntu-124.04)","logger":"airflow.task.hooks.airflow.providers.standard.hooks.subprocess.SubprocessHook","filename":"subprocess.py","lineno":99}
{"timestamp":"2026-01-10T07:22:12.602132Z","level":"info","event":"OpenJDK 64-Bit Server VM (build 21.0.9+10-Ubuntu-124.04, mixed mode, sharing)","logger":"airflow.task.hooks.airflow.providers.standard.hooks.subprocess.SubprocessHook","filename":"subprocess.py","lineno":99}
{"timestamp":"2026-01-10T07:22:12.611026Z","level":"info","event":"+ echo SPARK:","logger":"airflow.task.hooks.airflow.providers.standard.hooks.subprocess.SubprocessHook","filename":"subprocess.py","lineno":99}
{"timestamp":"2026-01-10T07:22:12.611214Z","level":"info","event":"SPARK:","logger":"airflow.task.hooks.airflow.providers.standard.hooks.subprocess.SubprocessHook","filename":"subprocess.py","lineno":99}
{"timestamp":"2026-01-10T07:22:12.611295Z","level":"info","event":"+ which spark-submit","logger":"airflow.task.hooks.airflow.providers.standard.hooks.subprocess.SubprocessHook","filename":"subprocess.py","lineno":99}
{"timestamp":"2026-01-10T07:22:12.612873Z","level":"info","event":"/home/nishita/cuda/bin/spark-submit","logger":"airflow.task.hooks.airflow.providers.standard.hooks.subprocess.SubprocessHook","filename":"subprocess.py","lineno":99}
{"timestamp":"2026-01-10T07:22:12.613270Z","level":"info","event":"+ ls -l /opt/spark/bin","logger":"airflow.task.hooks.airflow.providers.standard.hooks.subprocess.SubprocessHook","filename":"subprocess.py","lineno":99}
{"timestamp":"2026-01-10T07:22:12.615733Z","level":"info","event":"total 120","logger":"airflow.task.hooks.airflow.providers.standard.hooks.subprocess.SubprocessHook","filename":"subprocess.py","lineno":99}
{"timestamp":"2026-01-10T07:22:12.615897Z","level":"info","event":"-rwxr-xr-x 1 nishita nishita  1089 Feb 15  2024 beeline","logger":"airflow.task.hooks.airflow.providers.standard.hooks.subprocess.SubprocessHook","filename":"subprocess.py","lineno":99}
{"timestamp":"2026-01-10T07:22:12.615989Z","level":"info","event":"-rw-r--r-- 1 nishita nishita  1064 Feb 15  2024 beeline.cmd","logger":"airflow.task.hooks.airflow.providers.standard.hooks.subprocess.SubprocessHook","filename":"subprocess.py","lineno":99}
{"timestamp":"2026-01-10T07:22:12.616070Z","level":"info","event":"-rwxr-xr-x 1 nishita nishita 10987 Feb 15  2024 docker-image-tool.sh","logger":"airflow.task.hooks.airflow.providers.standard.hooks.subprocess.SubprocessHook","filename":"subprocess.py","lineno":99}
{"timestamp":"2026-01-10T07:22:12.616145Z","level":"info","event":"-rwxr-xr-x 1 nishita nishita  1935 Feb 15  2024 find-spark-home","logger":"airflow.task.hooks.airflow.providers.standard.hooks.subprocess.SubprocessHook","filename":"subprocess.py","lineno":99}
{"timestamp":"2026-01-10T07:22:12.616215Z","level":"info","event":"-rw-r--r-- 1 nishita nishita  2685 Feb 15  2024 find-spark-home.cmd","logger":"airflow.task.hooks.airflow.providers.standard.hooks.subprocess.SubprocessHook","filename":"subprocess.py","lineno":99}
{"timestamp":"2026-01-10T07:22:12.616283Z","level":"info","event":"-rw-r--r-- 1 nishita nishita  2337 Feb 15  2024 load-spark-env.cmd","logger":"airflow.task.hooks.airflow.providers.standard.hooks.subprocess.SubprocessHook","filename":"subprocess.py","lineno":99}
{"timestamp":"2026-01-10T07:22:12.616348Z","level":"info","event":"-rw-r--r-- 1 nishita nishita  2678 Feb 15  2024 load-spark-env.sh","logger":"airflow.task.hooks.airflow.providers.standard.hooks.subprocess.SubprocessHook","filename":"subprocess.py","lineno":99}
{"timestamp":"2026-01-10T07:22:12.616412Z","level":"info","event":"-rwxr-xr-x 1 nishita nishita  2636 Feb 15  2024 pyspark","logger":"airflow.task.hooks.airflow.providers.standard.hooks.subprocess.SubprocessHook","filename":"subprocess.py","lineno":99}
{"timestamp":"2026-01-10T07:22:12.616477Z","level":"info","event":"-rw-r--r-- 1 nishita nishita  1542 Feb 15  2024 pyspark2.cmd","logger":"airflow.task.hooks.airflow.providers.standard.hooks.subprocess.SubprocessHook","filename":"subprocess.py","lineno":99}
{"timestamp":"2026-01-10T07:22:12.616542Z","level":"info","event":"-rw-r--r-- 1 nishita nishita  1170 Feb 15  2024 pyspark.cmd","logger":"airflow.task.hooks.airflow.providers.standard.hooks.subprocess.SubprocessHook","filename":"subprocess.py","lineno":99}
{"timestamp":"2026-01-10T07:22:12.616624Z","level":"info","event":"-rwxr-xr-x 1 nishita nishita  1030 Feb 15  2024 run-example","logger":"airflow.task.hooks.airflow.providers.standard.hooks.subprocess.SubprocessHook","filename":"subprocess.py","lineno":99}
{"timestamp":"2026-01-10T07:22:12.616689Z","level":"info","event":"-rw-r--r-- 1 nishita nishita  1223 Feb 15  2024 run-example.cmd","logger":"airflow.task.hooks.airflow.providers.standard.hooks.subprocess.SubprocessHook","filename":"subprocess.py","lineno":99}
{"timestamp":"2026-01-10T07:22:12.616754Z","level":"info","event":"-rwxr-xr-x 1 nishita nishita  3561 Feb 15  2024 spark-class","logger":"airflow.task.hooks.airflow.providers.standard.hooks.subprocess.SubprocessHook","filename":"subprocess.py","lineno":99}
{"timestamp":"2026-01-10T07:22:12.616819Z","level":"info","event":"-rwxr-xr-x 1 nishita nishita  2891 Feb 15  2024 spark-class2.cmd","logger":"airflow.task.hooks.airflow.providers.standard.hooks.subprocess.SubprocessHook","filename":"subprocess.py","lineno":99}
{"timestamp":"2026-01-10T07:22:12.616883Z","level":"info","event":"-rw-r--r-- 1 nishita nishita  1180 Feb 15  2024 spark-class.cmd","logger":"airflow.task.hooks.airflow.providers.standard.hooks.subprocess.SubprocessHook","filename":"subprocess.py","lineno":99}
{"timestamp":"2026-01-10T07:22:12.616946Z","level":"info","event":"-rwxr-xr-x 1 nishita nishita  1154 Feb 15  2024 spark-connect-shell","logger":"airflow.task.hooks.airflow.providers.standard.hooks.subprocess.SubprocessHook","filename":"subprocess.py","lineno":99}
{"timestamp":"2026-01-10T07:22:12.617010Z","level":"info","event":"-rwxr-xr-x 1 nishita nishita  1047 Feb 15  2024 sparkR","logger":"airflow.task.hooks.airflow.providers.standard.hooks.subprocess.SubprocessHook","filename":"subprocess.py","lineno":99}
{"timestamp":"2026-01-10T07:22:12.617073Z","level":"info","event":"-rw-r--r-- 1 nishita nishita  1097 Feb 15  2024 sparkR2.cmd","logger":"airflow.task.hooks.airflow.providers.standard.hooks.subprocess.SubprocessHook","filename":"subprocess.py","lineno":99}
{"timestamp":"2026-01-10T07:22:12.617135Z","level":"info","event":"-rw-r--r-- 1 nishita nishita  1168 Feb 15  2024 sparkR.cmd","logger":"airflow.task.hooks.airflow.providers.standard.hooks.subprocess.SubprocessHook","filename":"subprocess.py","lineno":99}
{"timestamp":"2026-01-10T07:22:12.617198Z","level":"info","event":"-rwxr-xr-x 1 nishita nishita  3122 Feb 15  2024 spark-shell","logger":"airflow.task.hooks.airflow.providers.standard.hooks.subprocess.SubprocessHook","filename":"subprocess.py","lineno":99}
{"timestamp":"2026-01-10T07:22:12.617262Z","level":"info","event":"-rw-r--r-- 1 nishita nishita  1818 Feb 15  2024 spark-shell2.cmd","logger":"airflow.task.hooks.airflow.providers.standard.hooks.subprocess.SubprocessHook","filename":"subprocess.py","lineno":99}
{"timestamp":"2026-01-10T07:22:12.617327Z","level":"info","event":"-rw-r--r-- 1 nishita nishita  1178 Feb 15  2024 spark-shell.cmd","logger":"airflow.task.hooks.airflow.providers.standard.hooks.subprocess.SubprocessHook","filename":"subprocess.py","lineno":99}
{"timestamp":"2026-01-10T07:22:12.617390Z","level":"info","event":"-rwxr-xr-x 1 nishita nishita  1065 Feb 15  2024 spark-sql","logger":"airflow.task.hooks.airflow.providers.standard.hooks.subprocess.SubprocessHook","filename":"subprocess.py","lineno":99}
{"timestamp":"2026-01-10T07:22:12.617452Z","level":"info","event":"-rw-r--r-- 1 nishita nishita  1118 Feb 15  2024 spark-sql2.cmd","logger":"airflow.task.hooks.airflow.providers.standard.hooks.subprocess.SubprocessHook","filename":"subprocess.py","lineno":99}
{"timestamp":"2026-01-10T07:22:12.617517Z","level":"info","event":"-rw-r--r-- 1 nishita nishita  1173 Feb 15  2024 spark-sql.cmd","logger":"airflow.task.hooks.airflow.providers.standard.hooks.subprocess.SubprocessHook","filename":"subprocess.py","lineno":99}
{"timestamp":"2026-01-10T07:22:12.617588Z","level":"info","event":"-rwxr-xr-x 1 nishita nishita  1040 Feb 15  2024 spark-submit","logger":"airflow.task.hooks.airflow.providers.standard.hooks.subprocess.SubprocessHook","filename":"subprocess.py","lineno":99}
{"timestamp":"2026-01-10T07:22:12.617654Z","level":"info","event":"-rw-r--r-- 1 nishita nishita  1155 Feb 15  2024 spark-submit2.cmd","logger":"airflow.task.hooks.airflow.providers.standard.hooks.subprocess.SubprocessHook","filename":"subprocess.py","lineno":99}
{"timestamp":"2026-01-10T07:22:12.617716Z","level":"info","event":"-rw-r--r-- 1 nishita nishita  1180 Feb 15  2024 spark-submit.cmd","logger":"airflow.task.hooks.airflow.providers.standard.hooks.subprocess.SubprocessHook","filename":"subprocess.py","lineno":99}
{"timestamp":"2026-01-10T07:22:12.617787Z","level":"info","event":"+ echo PYTHON:","logger":"airflow.task.hooks.airflow.providers.standard.hooks.subprocess.SubprocessHook","filename":"subprocess.py","lineno":99}
{"timestamp":"2026-01-10T07:22:12.617853Z","level":"info","event":"PYTHON:","logger":"airflow.task.hooks.airflow.providers.standard.hooks.subprocess.SubprocessHook","filename":"subprocess.py","lineno":99}
{"timestamp":"2026-01-10T07:22:12.617918Z","level":"info","event":"+ source cuda/bin/activate","logger":"airflow.task.hooks.airflow.providers.standard.hooks.subprocess.SubprocessHook","filename":"subprocess.py","lineno":99}
{"timestamp":"2026-01-10T07:22:12.617982Z","level":"info","event":"/usr/bin/bash: line 14: cuda/bin/activate: No such file or directory","logger":"airflow.task.hooks.airflow.providers.standard.hooks.subprocess.SubprocessHook","filename":"subprocess.py","lineno":99}
{"timestamp":"2026-01-10T07:22:12.618046Z","level":"info","event":"+ which python","logger":"airflow.task.hooks.airflow.providers.standard.hooks.subprocess.SubprocessHook","filename":"subprocess.py","lineno":99}
{"timestamp":"2026-01-10T07:22:12.618109Z","level":"info","event":"/home/nishita/cuda/bin/python","logger":"airflow.task.hooks.airflow.providers.standard.hooks.subprocess.SubprocessHook","filename":"subprocess.py","lineno":99}
{"timestamp":"2026-01-10T07:22:12.618176Z","level":"info","event":"+ python -V","logger":"airflow.task.hooks.airflow.providers.standard.hooks.subprocess.SubprocessHook","filename":"subprocess.py","lineno":99}
{"timestamp":"2026-01-10T07:22:12.619772Z","level":"info","event":"Python 3.12.7","logger":"airflow.task.hooks.airflow.providers.standard.hooks.subprocess.SubprocessHook","filename":"subprocess.py","lineno":99}
{"timestamp":"2026-01-10T07:22:12.620385Z","level":"info","event":"Command exited with return code 0","logger":"airflow.task.hooks.airflow.providers.standard.hooks.subprocess.SubprocessHook","filename":"subprocess.py","lineno":103}
{"timestamp":"2026-01-10T07:22:12.620932Z","level":"info","event":"Pushing xcom","ti":"RuntimeTaskInstance(id=UUID('019ba6c8-b87d-79f6-8fde-68738181a68e'), task_id='spark_fusion', dag_id='multimodal_pipeline', run_id='manual__2026-01-10T07:22:09+00:00', try_number=1, dag_version_id=UUID('019ba6c8-12c6-747e-94b5-8de71e635472'), map_index=-1, hostname='bytepaws', context_carrier={}, task=<Task(BashOperator): spark_fusion>, bundle_instance=LocalDagBundle(name=dags-folder), max_tries=0, start_date=datetime.datetime(2026, 1, 10, 7, 22, 12, 486508, tzinfo=datetime.timezone.utc), end_date=None, state=<TaskInstanceState.RUNNING: 'running'>, is_mapped=False, rendered_map_index=None)","logger":"task","filename":"task_runner.py","lineno":1370}
{"timestamp":"2026-01-10T07:22:12.651111Z","level":"info","event":"Task instance in success state","logger":"task.stdout"}
{"timestamp":"2026-01-10T07:22:12.651294Z","level":"info","event":" Previous state of the Task instance: TaskInstanceState.RUNNING","logger":"task.stdout"}
{"timestamp":"2026-01-10T07:22:12.651424Z","level":"info","event":"Task operator:<Task(BashOperator): spark_fusion>","logger":"task.stdout"}
