{"timestamp":"2026-01-07T13:18:50.694508Z","level":"info","event":"DAG bundles loaded: dags-folder, example_dags","logger":"airflow.dag_processing.bundles.manager.DagBundlesManager","filename":"manager.py","lineno":179}
{"timestamp":"2026-01-07T13:18:50.696235Z","level":"info","event":"Filling up the DagBag from /home/dell/IS/airflow/dags/multimodal_pipeline.py","logger":"airflow.models.dagbag.DagBag","filename":"dagbag.py","lineno":593}
{"timestamp":"2026-01-07T13:18:50.760771Z","level":"info","event":"Task instance is in running state","logger":"task.stdout"}
{"timestamp":"2026-01-07T13:18:50.761126Z","level":"info","event":" Previous state of the Task instance: TaskInstanceState.QUEUED","logger":"task.stdout"}
{"timestamp":"2026-01-07T13:18:50.761580Z","level":"info","event":"Current task name:tika_extract","logger":"task.stdout"}
{"timestamp":"2026-01-07T13:18:50.761803Z","level":"info","event":"Dag name:multimodal_pipeline","logger":"task.stdout"}
{"timestamp":"2026-01-07T13:18:50.762954Z","level":"info","event":"Tmp dir root location: /tmp","logger":"airflow.task.hooks.airflow.providers.standard.hooks.subprocess.SubprocessHook","filename":"subprocess.py","lineno":78}
{"timestamp":"2026-01-07T13:18:50.764963Z","level":"info","event":"Running command: ['/usr/bin/bash', '-c', '\\n    echo \"PWD=$(pwd)\"\\n    which python\\n    python --version\\n    ls -l /home/dell/IS\\n    python /home/dell/IS/tika_extract.py\\n    ']","logger":"airflow.task.hooks.airflow.providers.standard.hooks.subprocess.SubprocessHook","filename":"subprocess.py","lineno":80}
{"timestamp":"2026-01-07T13:18:50.766822Z","level":"info","event":"Output:","logger":"airflow.task.hooks.airflow.providers.standard.hooks.subprocess.SubprocessHook","filename":"subprocess.py","lineno":92}
{"timestamp":"2026-01-07T13:18:50.770320Z","level":"info","event":"PWD=/tmp/airflowtmpg362_7ma","logger":"airflow.task.hooks.airflow.providers.standard.hooks.subprocess.SubprocessHook","filename":"subprocess.py","lineno":99}
{"timestamp":"2026-01-07T13:18:50.772762Z","level":"info","event":"/home/dell/IS/venv/bin/python","logger":"airflow.task.hooks.airflow.providers.standard.hooks.subprocess.SubprocessHook","filename":"subprocess.py","lineno":99}
{"timestamp":"2026-01-07T13:18:50.776254Z","level":"info","event":"Python 3.12.3","logger":"airflow.task.hooks.airflow.providers.standard.hooks.subprocess.SubprocessHook","filename":"subprocess.py","lineno":99}
{"timestamp":"2026-01-07T13:18:50.782223Z","level":"info","event":"total 44","logger":"airflow.task.hooks.airflow.providers.standard.hooks.subprocess.SubprocessHook","filename":"subprocess.py","lineno":99}
{"timestamp":"2026-01-07T13:18:50.782527Z","level":"info","event":"drwxrwxr-x 4 dell dell 4096 Jan  7 18:48 airflow","logger":"airflow.task.hooks.airflow.providers.standard.hooks.subprocess.SubprocessHook","filename":"subprocess.py","lineno":99}
{"timestamp":"2026-01-07T13:18:50.782724Z","level":"info","event":"drwxrwxr-x 5 dell dell 4096 Jan  7 16:26 data","logger":"airflow.task.hooks.airflow.providers.standard.hooks.subprocess.SubprocessHook","filename":"subprocess.py","lineno":99}
{"timestamp":"2026-01-07T13:18:50.782872Z","level":"info","event":"-rw-rw-r-- 1 dell dell  685 Jan  7 16:20 derby.log","logger":"airflow.task.hooks.airflow.providers.standard.hooks.subprocess.SubprocessHook","filename":"subprocess.py","lineno":99}
{"timestamp":"2026-01-07T13:18:50.783030Z","level":"info","event":"-rw-rw-r-- 1 dell dell  151 Jan  7 15:15 hive_load.sql","logger":"airflow.task.hooks.airflow.providers.standard.hooks.subprocess.SubprocessHook","filename":"subprocess.py","lineno":99}
{"timestamp":"2026-01-07T13:18:50.783168Z","level":"info","event":"drwxrwxr-x 5 dell dell 4096 Jan  7 16:20 metastore_db","logger":"airflow.task.hooks.airflow.providers.standard.hooks.subprocess.SubprocessHook","filename":"subprocess.py","lineno":99}
{"timestamp":"2026-01-07T13:18:50.783314Z","level":"info","event":"drwxrwxr-x 2 dell dell 4096 Jan  7 17:23 __pycache__","logger":"airflow.task.hooks.airflow.providers.standard.hooks.subprocess.SubprocessHook","filename":"subprocess.py","lineno":99}
{"timestamp":"2026-01-07T13:18:50.783447Z","level":"info","event":"-rw-rw-r-- 1 dell dell  822 Jan  7 17:03 singa_model.py","logger":"airflow.task.hooks.airflow.providers.standard.hooks.subprocess.SubprocessHook","filename":"subprocess.py","lineno":99}
{"timestamp":"2026-01-07T13:18:50.783577Z","level":"info","event":"-rw-rw-r-- 1 dell dell 1340 Jan  7 17:05 spark_fusion.py","logger":"airflow.task.hooks.airflow.providers.standard.hooks.subprocess.SubprocessHook","filename":"subprocess.py","lineno":99}
{"timestamp":"2026-01-07T13:18:50.783706Z","level":"info","event":"drwxrwxr-x 2 dell dell 4096 Jan  7 16:23 spark-warehouse","logger":"airflow.task.hooks.airflow.providers.standard.hooks.subprocess.SubprocessHook","filename":"subprocess.py","lineno":99}
{"timestamp":"2026-01-07T13:18:50.783839Z","level":"info","event":"-rw-rw-r-- 1 dell dell  638 Jan  7 18:47 tika_extract.py","logger":"airflow.task.hooks.airflow.providers.standard.hooks.subprocess.SubprocessHook","filename":"subprocess.py","lineno":99}
{"timestamp":"2026-01-07T13:18:50.783972Z","level":"info","event":"drwxrwxr-x 6 dell dell 4096 Jan  7 15:26 venv","logger":"airflow.task.hooks.airflow.providers.standard.hooks.subprocess.SubprocessHook","filename":"subprocess.py","lineno":99}
{"timestamp":"2026-01-07T13:18:51.033845Z","level":"info","event":"/home/dell/IS/venv/lib/python3.12/site-packages/tika/__init__.py:20: UserWarning: pkg_resources is deprecated as an API. See https://setuptools.pypa.io/en/latest/pkg_resources.html. The pkg_resources package is slated for removal as early as 2025-11-30. Refrain from using this package or pin to Setuptools<81.","logger":"airflow.task.hooks.airflow.providers.standard.hooks.subprocess.SubprocessHook","filename":"subprocess.py","lineno":99}
{"timestamp":"2026-01-07T13:18:51.034112Z","level":"info","event":"  __import__('pkg_resources').declare_namespace(__name__)","logger":"airflow.task.hooks.airflow.providers.standard.hooks.subprocess.SubprocessHook","filename":"subprocess.py","lineno":99}
{"timestamp":"2026-01-07T13:18:51.861522Z","level":"info","event":"Tika extraction complete - Extracted info from unstructured data","logger":"airflow.task.hooks.airflow.providers.standard.hooks.subprocess.SubprocessHook","filename":"subprocess.py","lineno":99}
{"timestamp":"2026-01-07T13:18:51.948883Z","level":"info","event":"Command exited with return code 0","logger":"airflow.task.hooks.airflow.providers.standard.hooks.subprocess.SubprocessHook","filename":"subprocess.py","lineno":103}
{"timestamp":"2026-01-07T13:18:51.949927Z","level":"info","event":"Pushing xcom","ti":"RuntimeTaskInstance(id=UUID('019b989c-28a6-7b66-9352-db67ea5bca2c'), task_id='tika_extract', dag_id='multimodal_pipeline', run_id='manual__2026-01-07T13:18:47+00:00', try_number=1, dag_version_id=UUID('019b9899-8856-73fe-a3d5-ff9b05be9b61'), map_index=-1, hostname='dell-Vostro-3590', context_carrier={}, task=<Task(BashOperator): tika_extract>, bundle_instance=LocalDagBundle(name=dags-folder), max_tries=0, start_date=datetime.datetime(2026, 1, 7, 13, 18, 50, 642153, tzinfo=datetime.timezone.utc), end_date=None, state=<TaskInstanceState.RUNNING: 'running'>, is_mapped=False, rendered_map_index=None)","logger":"task","filename":"task_runner.py","lineno":1370}
{"timestamp":"2026-01-07T13:18:52.004782Z","level":"info","event":"Task instance in success state","logger":"task.stdout"}
{"timestamp":"2026-01-07T13:18:52.005122Z","level":"info","event":" Previous state of the Task instance: TaskInstanceState.RUNNING","logger":"task.stdout"}
{"timestamp":"2026-01-07T13:18:52.005514Z","level":"info","event":"Task operator:<Task(BashOperator): tika_extract>","logger":"task.stdout"}
