{"timestamp":"2026-01-07T13:26:47.373637Z","level":"info","event":"DAG bundles loaded: dags-folder, example_dags","logger":"airflow.dag_processing.bundles.manager.DagBundlesManager","filename":"manager.py","lineno":179}
{"timestamp":"2026-01-07T13:26:47.376961Z","level":"info","event":"Filling up the DagBag from /home/dell/IS/airflow/dags/multimodal_pipeline.py","logger":"airflow.models.dagbag.DagBag","filename":"dagbag.py","lineno":593}
{"timestamp":"2026-01-07T13:26:47.532408Z","level":"info","event":"Task instance is in running state","logger":"task.stdout"}
{"timestamp":"2026-01-07T13:26:47.532817Z","level":"info","event":" Previous state of the Task instance: TaskInstanceState.QUEUED","logger":"task.stdout"}
{"timestamp":"2026-01-07T13:26:47.533127Z","level":"info","event":"Current task name:tika_extract","logger":"task.stdout"}
{"timestamp":"2026-01-07T13:26:47.533316Z","level":"info","event":"Dag name:multimodal_pipeline","logger":"task.stdout"}
{"timestamp":"2026-01-07T13:26:47.532534Z","level":"info","event":"Tmp dir root location: /tmp","logger":"airflow.task.hooks.airflow.providers.standard.hooks.subprocess.SubprocessHook","filename":"subprocess.py","lineno":78}
{"timestamp":"2026-01-07T13:26:47.534329Z","level":"info","event":"Running command: ['/usr/bin/bash', '-c', '\\n    echo \"PWD=$(pwd)\"\\n    which python\\n    python --version\\n    ls -l /home/dell/IS\\n    python /home/dell/IS/tika_extract.py\\n    ']","logger":"airflow.task.hooks.airflow.providers.standard.hooks.subprocess.SubprocessHook","filename":"subprocess.py","lineno":80}
{"timestamp":"2026-01-07T13:26:47.537283Z","level":"info","event":"Output:","logger":"airflow.task.hooks.airflow.providers.standard.hooks.subprocess.SubprocessHook","filename":"subprocess.py","lineno":92}
{"timestamp":"2026-01-07T13:26:47.546594Z","level":"info","event":"PWD=/tmp/airflowtmpywq5cqw2","logger":"airflow.task.hooks.airflow.providers.standard.hooks.subprocess.SubprocessHook","filename":"subprocess.py","lineno":99}
{"timestamp":"2026-01-07T13:26:47.550768Z","level":"info","event":"/home/dell/IS/venv/bin/python","logger":"airflow.task.hooks.airflow.providers.standard.hooks.subprocess.SubprocessHook","filename":"subprocess.py","lineno":99}
{"timestamp":"2026-01-07T13:26:47.560091Z","level":"info","event":"Python 3.12.3","logger":"airflow.task.hooks.airflow.providers.standard.hooks.subprocess.SubprocessHook","filename":"subprocess.py","lineno":99}
{"timestamp":"2026-01-07T13:26:47.572240Z","level":"info","event":"total 44","logger":"airflow.task.hooks.airflow.providers.standard.hooks.subprocess.SubprocessHook","filename":"subprocess.py","lineno":99}
{"timestamp":"2026-01-07T13:26:47.572602Z","level":"info","event":"drwxrwxr-x 4 dell dell 4096 Jan  7 18:56 airflow","logger":"airflow.task.hooks.airflow.providers.standard.hooks.subprocess.SubprocessHook","filename":"subprocess.py","lineno":99}
{"timestamp":"2026-01-07T13:26:47.572824Z","level":"info","event":"drwxrwxr-x 5 dell dell 4096 Jan  7 16:26 data","logger":"airflow.task.hooks.airflow.providers.standard.hooks.subprocess.SubprocessHook","filename":"subprocess.py","lineno":99}
{"timestamp":"2026-01-07T13:26:47.573029Z","level":"info","event":"-rw-rw-r-- 1 dell dell  685 Jan  7 16:20 derby.log","logger":"airflow.task.hooks.airflow.providers.standard.hooks.subprocess.SubprocessHook","filename":"subprocess.py","lineno":99}
{"timestamp":"2026-01-07T13:26:47.573181Z","level":"info","event":"-rw-rw-r-- 1 dell dell  151 Jan  7 15:15 hive_load.sql","logger":"airflow.task.hooks.airflow.providers.standard.hooks.subprocess.SubprocessHook","filename":"subprocess.py","lineno":99}
{"timestamp":"2026-01-07T13:26:47.573322Z","level":"info","event":"drwxrwxr-x 5 dell dell 4096 Jan  7 16:20 metastore_db","logger":"airflow.task.hooks.airflow.providers.standard.hooks.subprocess.SubprocessHook","filename":"subprocess.py","lineno":99}
{"timestamp":"2026-01-07T13:26:47.573447Z","level":"info","event":"drwxrwxr-x 2 dell dell 4096 Jan  7 17:23 __pycache__","logger":"airflow.task.hooks.airflow.providers.standard.hooks.subprocess.SubprocessHook","filename":"subprocess.py","lineno":99}
{"timestamp":"2026-01-07T13:26:47.573565Z","level":"info","event":"-rw-rw-r-- 1 dell dell  822 Jan  7 17:03 singa_model.py","logger":"airflow.task.hooks.airflow.providers.standard.hooks.subprocess.SubprocessHook","filename":"subprocess.py","lineno":99}
{"timestamp":"2026-01-07T13:26:47.573684Z","level":"info","event":"-rw-rw-r-- 1 dell dell 1580 Jan  7 18:55 spark_fusion.py","logger":"airflow.task.hooks.airflow.providers.standard.hooks.subprocess.SubprocessHook","filename":"subprocess.py","lineno":99}
{"timestamp":"2026-01-07T13:26:47.573803Z","level":"info","event":"drwxrwxr-x 2 dell dell 4096 Jan  7 16:23 spark-warehouse","logger":"airflow.task.hooks.airflow.providers.standard.hooks.subprocess.SubprocessHook","filename":"subprocess.py","lineno":99}
{"timestamp":"2026-01-07T13:26:47.573926Z","level":"info","event":"-rw-rw-r-- 1 dell dell  638 Jan  7 18:47 tika_extract.py","logger":"airflow.task.hooks.airflow.providers.standard.hooks.subprocess.SubprocessHook","filename":"subprocess.py","lineno":99}
{"timestamp":"2026-01-07T13:26:47.574068Z","level":"info","event":"drwxrwxr-x 6 dell dell 4096 Jan  7 15:26 venv","logger":"airflow.task.hooks.airflow.providers.standard.hooks.subprocess.SubprocessHook","filename":"subprocess.py","lineno":99}
{"timestamp":"2026-01-07T13:26:48.015404Z","level":"info","event":"/home/dell/IS/venv/lib/python3.12/site-packages/tika/__init__.py:20: UserWarning: pkg_resources is deprecated as an API. See https://setuptools.pypa.io/en/latest/pkg_resources.html. The pkg_resources package is slated for removal as early as 2025-11-30. Refrain from using this package or pin to Setuptools<81.","logger":"airflow.task.hooks.airflow.providers.standard.hooks.subprocess.SubprocessHook","filename":"subprocess.py","lineno":99}
{"timestamp":"2026-01-07T13:26:48.015683Z","level":"info","event":"  __import__('pkg_resources').declare_namespace(__name__)","logger":"airflow.task.hooks.airflow.providers.standard.hooks.subprocess.SubprocessHook","filename":"subprocess.py","lineno":99}
{"timestamp":"2026-01-07T13:26:49.224919Z","level":"info","event":"Tika extraction complete - Extracted info from unstructured data","logger":"airflow.task.hooks.airflow.providers.standard.hooks.subprocess.SubprocessHook","filename":"subprocess.py","lineno":99}
{"timestamp":"2026-01-07T13:26:49.353196Z","level":"info","event":"Command exited with return code 0","logger":"airflow.task.hooks.airflow.providers.standard.hooks.subprocess.SubprocessHook","filename":"subprocess.py","lineno":103}
{"timestamp":"2026-01-07T13:26:49.354286Z","level":"info","event":"Pushing xcom","ti":"RuntimeTaskInstance(id=UUID('019b98a3-6ec2-7ffc-a9d2-6c57ccd5e48c'), task_id='tika_extract', dag_id='multimodal_pipeline', run_id='manual__2026-01-07T13:26:44+00:00', try_number=1, dag_version_id=UUID('019b9899-8856-73fe-a3d5-ff9b05be9b61'), map_index=-1, hostname='dell-Vostro-3590', context_carrier={}, task=<Task(BashOperator): tika_extract>, bundle_instance=LocalDagBundle(name=dags-folder), max_tries=0, start_date=datetime.datetime(2026, 1, 7, 13, 26, 47, 283317, tzinfo=datetime.timezone.utc), end_date=None, state=<TaskInstanceState.RUNNING: 'running'>, is_mapped=False, rendered_map_index=None)","logger":"task","filename":"task_runner.py","lineno":1370}
{"timestamp":"2026-01-07T13:26:49.676503Z","level":"info","event":"Task instance in success state","logger":"task.stdout"}
{"timestamp":"2026-01-07T13:26:49.676781Z","level":"info","event":" Previous state of the Task instance: TaskInstanceState.RUNNING","logger":"task.stdout"}
{"timestamp":"2026-01-07T13:26:49.678300Z","level":"info","event":"Task operator:<Task(BashOperator): tika_extract>","logger":"task.stdout"}
