{"timestamp":"2026-01-10T06:46:10.855087Z","level":"info","event":"DAG bundles loaded: dags-folder, example_dags","logger":"airflow.dag_processing.bundles.manager.DagBundlesManager","filename":"manager.py","lineno":179}
{"timestamp":"2026-01-10T06:46:10.856245Z","level":"info","event":"Filling up the DagBag from /home/nishita/Desktop/IS/BigQueryIS/airflow/dags/multimodal_pipeline.py","logger":"airflow.models.dagbag.DagBag","filename":"dagbag.py","lineno":593}
{"timestamp":"2026-01-10T06:46:10.906608Z","level":"info","event":"Task instance is in running state","logger":"task.stdout"}
{"timestamp":"2026-01-10T06:46:10.906860Z","level":"info","event":" Previous state of the Task instance: TaskInstanceState.QUEUED","logger":"task.stdout"}
{"timestamp":"2026-01-10T06:46:10.907042Z","level":"info","event":"Current task name:tika_extract","logger":"task.stdout"}
{"timestamp":"2026-01-10T06:46:10.907120Z","level":"info","event":"Dag name:multimodal_pipeline","logger":"task.stdout"}
{"timestamp":"2026-01-10T06:46:10.907871Z","level":"info","event":"Tmp dir root location: /tmp","logger":"airflow.task.hooks.airflow.providers.standard.hooks.subprocess.SubprocessHook","filename":"subprocess.py","lineno":78}
{"timestamp":"2026-01-10T06:46:10.908776Z","level":"info","event":"Running command: ['/usr/bin/bash', '-c', '\\n        source /home/nishita/Desktop/IS/BigQueryIS/venv/bin/activate\\n        python /home/nishita/Desktop/IS/BigQueryIS/tika_extract.py\\n        ']","logger":"airflow.task.hooks.airflow.providers.standard.hooks.subprocess.SubprocessHook","filename":"subprocess.py","lineno":80}
{"timestamp":"2026-01-10T06:46:10.910207Z","level":"info","event":"Output:","logger":"airflow.task.hooks.airflow.providers.standard.hooks.subprocess.SubprocessHook","filename":"subprocess.py","lineno":92}
{"timestamp":"2026-01-10T06:46:10.912059Z","level":"info","event":"/usr/bin/bash: line 2: /home/nishita/Desktop/IS/BigQueryIS/venv/bin/activate: No such file or directory","logger":"airflow.task.hooks.airflow.providers.standard.hooks.subprocess.SubprocessHook","filename":"subprocess.py","lineno":99}
{"timestamp":"2026-01-10T06:46:11.235370Z","level":"info","event":"2026-01-10 12:16:11,234 [MainThread  ] [INFO ]  Retrieving http://search.maven.org/remotecontent?filepath=org/apache/tika/tika-server-standard/3.1.0/tika-server-standard-3.1.0.jar to /tmp/tika-server.jar.","logger":"airflow.task.hooks.airflow.providers.standard.hooks.subprocess.SubprocessHook","filename":"subprocess.py","lineno":99}
{"timestamp":"2026-01-10T06:46:34.008928Z","level":"info","event":"2026-01-10 12:16:34,008 [MainThread  ] [WARNI]  Failed to see startup log message; retrying...","logger":"airflow.task.hooks.airflow.providers.standard.hooks.subprocess.SubprocessHook","filename":"subprocess.py","lineno":99}
{"timestamp":"2026-01-10T06:46:39.009659Z","level":"info","event":"2026-01-10 12:16:39,009 [MainThread  ] [WARNI]  Failed to see startup log message; retrying...","logger":"airflow.task.hooks.airflow.providers.standard.hooks.subprocess.SubprocessHook","filename":"subprocess.py","lineno":99}
{"timestamp":"2026-01-10T06:46:44.010289Z","level":"info","event":"2026-01-10 12:16:44,009 [MainThread  ] [WARNI]  Failed to see startup log message; retrying...","logger":"airflow.task.hooks.airflow.providers.standard.hooks.subprocess.SubprocessHook","filename":"subprocess.py","lineno":99}
{"timestamp":"2026-01-10T06:46:49.010847Z","level":"info","event":"2026-01-10 12:16:49,010 [MainThread  ] [ERROR]  Tika startup log message not received after 3 tries.","logger":"airflow.task.hooks.airflow.providers.standard.hooks.subprocess.SubprocessHook","filename":"subprocess.py","lineno":99}
{"timestamp":"2026-01-10T06:46:49.011129Z","level":"info","event":"2026-01-10 12:16:49,010 [MainThread  ] [ERROR]  Failed to receive startup confirmation from startServer.","logger":"airflow.task.hooks.airflow.providers.standard.hooks.subprocess.SubprocessHook","filename":"subprocess.py","lineno":99}
{"timestamp":"2026-01-10T06:46:49.011268Z","level":"info","event":"Traceback (most recent call last):","logger":"airflow.task.hooks.airflow.providers.standard.hooks.subprocess.SubprocessHook","filename":"subprocess.py","lineno":99}
{"timestamp":"2026-01-10T06:46:49.011362Z","level":"info","event":"  File \"/home/nishita/Desktop/IS/BigQueryIS/tika_extract.py\", line 14, in <module>","logger":"airflow.task.hooks.airflow.providers.standard.hooks.subprocess.SubprocessHook","filename":"subprocess.py","lineno":99}
{"timestamp":"2026-01-10T06:46:49.011527Z","level":"info","event":"    parsed = parser.from_file(filepath)","logger":"airflow.task.hooks.airflow.providers.standard.hooks.subprocess.SubprocessHook","filename":"subprocess.py","lineno":99}
{"timestamp":"2026-01-10T06:46:49.011644Z","level":"info","event":"             ^^^^^^^^^^^^^^^^^^^^^^^^^^","logger":"airflow.task.hooks.airflow.providers.standard.hooks.subprocess.SubprocessHook","filename":"subprocess.py","lineno":99}
{"timestamp":"2026-01-10T06:46:49.011735Z","level":"info","event":"  File \"/home/nishita/cuda/lib/python3.12/site-packages/tika/parser.py\", line 40, in from_file","logger":"airflow.task.hooks.airflow.providers.standard.hooks.subprocess.SubprocessHook","filename":"subprocess.py","lineno":99}
{"timestamp":"2026-01-10T06:46:49.012025Z","level":"info","event":"    output = parse1(service, filename, serverEndpoint, headers=headers, config_path=config_path, requestOptions=requestOptions)","logger":"airflow.task.hooks.airflow.providers.standard.hooks.subprocess.SubprocessHook","filename":"subprocess.py","lineno":99}
{"timestamp":"2026-01-10T06:46:49.012218Z","level":"info","event":"             ^^^^^^^^^^^^^^^^^^^^^^^^^^^^^^^^^^^^^^^^^^^^^^^^^^^^^^^^^^^^^^^^^^^^^^^^^^^^^^^^^^^^^^^^^^^^^^^^^^^^^^^^^^^^^^^^^^","logger":"airflow.task.hooks.airflow.providers.standard.hooks.subprocess.SubprocessHook","filename":"subprocess.py","lineno":99}
{"timestamp":"2026-01-10T06:46:49.012320Z","level":"info","event":"  File \"/home/nishita/cuda/lib/python3.12/site-packages/tika/tika.py\", line 337, in parse1","logger":"airflow.task.hooks.airflow.providers.standard.hooks.subprocess.SubprocessHook","filename":"subprocess.py","lineno":99}
{"timestamp":"2026-01-10T06:46:49.012740Z","level":"info","event":"    status, response = callServer('put', serverEndpoint, service, f,","logger":"airflow.task.hooks.airflow.providers.standard.hooks.subprocess.SubprocessHook","filename":"subprocess.py","lineno":99}
{"timestamp":"2026-01-10T06:46:49.012861Z","level":"info","event":"                       ^^^^^^^^^^^^^^^^^^^^^^^^^^^^^^^^^^^^^^^^^^^^^","logger":"airflow.task.hooks.airflow.providers.standard.hooks.subprocess.SubprocessHook","filename":"subprocess.py","lineno":99}
{"timestamp":"2026-01-10T06:46:49.012954Z","level":"info","event":"  File \"/home/nishita/cuda/lib/python3.12/site-packages/tika/tika.py\", line 532, in callServer","logger":"airflow.task.hooks.airflow.providers.standard.hooks.subprocess.SubprocessHook","filename":"subprocess.py","lineno":99}
{"timestamp":"2026-01-10T06:46:49.013145Z","level":"info","event":"    serverEndpoint = checkTikaServer(scheme, serverHost, port, tikaServerJar, classpath, config_path)","logger":"airflow.task.hooks.airflow.providers.standard.hooks.subprocess.SubprocessHook","filename":"subprocess.py","lineno":99}
{"timestamp":"2026-01-10T06:46:49.013292Z","level":"info","event":"                     ^^^^^^^^^^^^^^^^^^^^^^^^^^^^^^^^^^^^^^^^^^^^^^^^^^^^^^^^^^^^^^^^^^^^^^^^^^^^^^^^","logger":"airflow.task.hooks.airflow.providers.standard.hooks.subprocess.SubprocessHook","filename":"subprocess.py","lineno":99}
{"timestamp":"2026-01-10T06:46:49.013394Z","level":"info","event":"  File \"/home/nishita/cuda/lib/python3.12/site-packages/tika/tika.py\", line 602, in checkTikaServer","logger":"airflow.task.hooks.airflow.providers.standard.hooks.subprocess.SubprocessHook","filename":"subprocess.py","lineno":99}
{"timestamp":"2026-01-10T06:46:49.013609Z","level":"info","event":"    raise RuntimeError(\"Unable to start Tika server.\")","logger":"airflow.task.hooks.airflow.providers.standard.hooks.subprocess.SubprocessHook","filename":"subprocess.py","lineno":99}
{"timestamp":"2026-01-10T06:46:49.013715Z","level":"info","event":"RuntimeError: Unable to start Tika server.","logger":"airflow.task.hooks.airflow.providers.standard.hooks.subprocess.SubprocessHook","filename":"subprocess.py","lineno":99}
{"timestamp":"2026-01-10T06:46:49.088868Z","level":"info","event":"Command exited with return code 1","logger":"airflow.task.hooks.airflow.providers.standard.hooks.subprocess.SubprocessHook","filename":"subprocess.py","lineno":103}
{"timestamp":"2026-01-10T06:46:49.089700Z","level":"error","event":"Task failed with exception","logger":"task","filename":"task_runner.py","lineno":986,"error_detail":[{"exc_type":"AirflowException","exc_value":"Bash command failed. The command returned a non-zero exit code 1.","exc_notes":[],"syntax_error":null,"is_cause":false,"frames":[{"filename":"/home/nishita/cuda/lib/python3.12/site-packages/airflow/sdk/execution_time/task_runner.py","lineno":934,"name":"run"},{"filename":"/home/nishita/cuda/lib/python3.12/site-packages/airflow/sdk/execution_time/task_runner.py","lineno":1325,"name":"_execute_task"},{"filename":"/home/nishita/cuda/lib/python3.12/site-packages/airflow/sdk/bases/operator.py","lineno":417,"name":"wrapper"},{"filename":"/home/nishita/cuda/lib/python3.12/site-packages/airflow/providers/standard/operators/bash.py","lineno":227,"name":"execute"}],"is_group":false,"exceptions":[]}]}
{"timestamp":"2026-01-10T06:46:49.091778Z","level":"info","event":"Task instance in failure state","logger":"task.stdout"}
{"timestamp":"2026-01-10T06:46:49.092402Z","level":"info","event":"Task start","logger":"task.stdout"}
{"timestamp":"2026-01-10T06:46:49.092683Z","level":"info","event":"Task:<Task(BashOperator): tika_extract>","logger":"task.stdout"}
{"timestamp":"2026-01-10T06:46:49.092873Z","level":"info","event":"Failure caused by Bash command failed. The command returned a non-zero exit code 1.","logger":"task.stdout"}
