{"timestamp":"2026-01-07T13:47:16.259546Z","level":"info","event":"DAG bundles loaded: dags-folder, example_dags","logger":"airflow.dag_processing.bundles.manager.DagBundlesManager","filename":"manager.py","lineno":179}
{"timestamp":"2026-01-07T13:47:16.260191Z","level":"info","event":"Filling up the DagBag from /home/dell/IS/airflow/dags/multimodal_pipeline.py","logger":"airflow.models.dagbag.DagBag","filename":"dagbag.py","lineno":593}
{"timestamp":"2026-01-07T13:47:16.337665Z","level":"info","event":"Task instance is in running state","logger":"task.stdout"}
{"timestamp":"2026-01-07T13:47:16.337770Z","level":"info","event":" Previous state of the Task instance: TaskInstanceState.QUEUED","logger":"task.stdout"}
{"timestamp":"2026-01-07T13:47:16.338160Z","level":"info","event":"Current task name:tika_extract","logger":"task.stdout"}
{"timestamp":"2026-01-07T13:47:16.338222Z","level":"info","event":"Dag name:multimodal_pipeline","logger":"task.stdout"}
{"timestamp":"2026-01-07T13:47:16.338584Z","level":"info","event":"Tmp dir root location: /tmp","logger":"airflow.task.hooks.airflow.providers.standard.hooks.subprocess.SubprocessHook","filename":"subprocess.py","lineno":78}
{"timestamp":"2026-01-07T13:47:16.339064Z","level":"info","event":"Running command: ['/usr/bin/bash', '-c', '\\n    echo \"PWD=$(pwd)\"\\n    which python\\n    python --version\\n    ls -l /home/dell/IS/airflow/dags\\n    python /home/dell/IS/airflow/dags/tika_extract.py\\n    ']","logger":"airflow.task.hooks.airflow.providers.standard.hooks.subprocess.SubprocessHook","filename":"subprocess.py","lineno":80}
{"timestamp":"2026-01-07T13:47:16.339668Z","level":"info","event":"Output:","logger":"airflow.task.hooks.airflow.providers.standard.hooks.subprocess.SubprocessHook","filename":"subprocess.py","lineno":92}
{"timestamp":"2026-01-07T13:47:16.341388Z","level":"info","event":"PWD=/tmp/airflowtmpeozbcuyw","logger":"airflow.task.hooks.airflow.providers.standard.hooks.subprocess.SubprocessHook","filename":"subprocess.py","lineno":99}
{"timestamp":"2026-01-07T13:47:16.342769Z","level":"info","event":"/home/dell/IS/venv/bin/python","logger":"airflow.task.hooks.airflow.providers.standard.hooks.subprocess.SubprocessHook","filename":"subprocess.py","lineno":99}
{"timestamp":"2026-01-07T13:47:16.344337Z","level":"info","event":"Python 3.12.3","logger":"airflow.task.hooks.airflow.providers.standard.hooks.subprocess.SubprocessHook","filename":"subprocess.py","lineno":99}
{"timestamp":"2026-01-07T13:47:16.346552Z","level":"info","event":"total 8","logger":"airflow.task.hooks.airflow.providers.standard.hooks.subprocess.SubprocessHook","filename":"subprocess.py","lineno":99}
{"timestamp":"2026-01-07T13:47:16.346706Z","level":"info","event":"-rw-rw-r-- 1 dell dell  806 Jan  7 19:15 multimodal_pipeline.py","logger":"airflow.task.hooks.airflow.providers.standard.hooks.subprocess.SubprocessHook","filename":"subprocess.py","lineno":99}
{"timestamp":"2026-01-07T13:47:16.346770Z","level":"info","event":"drwxrwxr-x 2 dell dell 4096 Jan  7 19:15 __pycache__","logger":"airflow.task.hooks.airflow.providers.standard.hooks.subprocess.SubprocessHook","filename":"subprocess.py","lineno":99}
{"timestamp":"2026-01-07T13:47:16.359419Z","level":"info","event":"python: can't open file '/home/dell/IS/airflow/dags/tika_extract.py': [Errno 2] No such file or directory","logger":"airflow.task.hooks.airflow.providers.standard.hooks.subprocess.SubprocessHook","filename":"subprocess.py","lineno":99}
{"timestamp":"2026-01-07T13:47:16.363642Z","level":"info","event":"Command exited with return code 2","logger":"airflow.task.hooks.airflow.providers.standard.hooks.subprocess.SubprocessHook","filename":"subprocess.py","lineno":103}
{"timestamp":"2026-01-07T13:47:16.364023Z","level":"error","event":"Task failed with exception","logger":"task","filename":"task_runner.py","lineno":986,"error_detail":[{"exc_type":"AirflowException","exc_value":"Bash command failed. The command returned a non-zero exit code 2.","exc_notes":[],"syntax_error":null,"is_cause":false,"frames":[{"filename":"/home/dell/IS/venv/lib/python3.12/site-packages/airflow/sdk/execution_time/task_runner.py","lineno":934,"name":"run"},{"filename":"/home/dell/IS/venv/lib/python3.12/site-packages/airflow/sdk/execution_time/task_runner.py","lineno":1325,"name":"_execute_task"},{"filename":"/home/dell/IS/venv/lib/python3.12/site-packages/airflow/sdk/bases/operator.py","lineno":417,"name":"wrapper"},{"filename":"/home/dell/IS/venv/lib/python3.12/site-packages/airflow/providers/standard/operators/bash.py","lineno":227,"name":"execute"}],"is_group":false,"exceptions":[]}]}
{"timestamp":"2026-01-07T13:47:16.364803Z","level":"info","event":"Task instance in failure state","logger":"task.stdout"}
{"timestamp":"2026-01-07T13:47:16.364993Z","level":"info","event":"Task start","logger":"task.stdout"}
{"timestamp":"2026-01-07T13:47:16.365077Z","level":"info","event":"Task:<Task(BashOperator): tika_extract>","logger":"task.stdout"}
{"timestamp":"2026-01-07T13:47:16.365124Z","level":"info","event":"Failure caused by Bash command failed. The command returned a non-zero exit code 2.","logger":"task.stdout"}
