{"timestamp":"2026-01-10T06:56:02.144493Z","level":"info","event":"DAG bundles loaded: dags-folder, example_dags","logger":"airflow.dag_processing.bundles.manager.DagBundlesManager","filename":"manager.py","lineno":179}
{"timestamp":"2026-01-10T06:56:02.145805Z","level":"info","event":"Filling up the DagBag from /home/nishita/Desktop/IS/BigQueryIS/airflow/dags/multimodal_pipeline.py","logger":"airflow.models.dagbag.DagBag","filename":"dagbag.py","lineno":593}
{"timestamp":"2026-01-10T06:56:02.193909Z","level":"info","event":"Task instance is in running state","logger":"task.stdout"}
{"timestamp":"2026-01-10T06:56:02.194099Z","level":"info","event":" Previous state of the Task instance: TaskInstanceState.QUEUED","logger":"task.stdout"}
{"timestamp":"2026-01-10T06:56:02.194227Z","level":"info","event":"Current task name:spark_fusion","logger":"task.stdout"}
{"timestamp":"2026-01-10T06:56:02.194287Z","level":"info","event":"Dag name:multimodal_pipeline","logger":"task.stdout"}
{"timestamp":"2026-01-10T06:56:02.194908Z","level":"info","event":"Tmp dir root location: /tmp","logger":"airflow.task.hooks.airflow.providers.standard.hooks.subprocess.SubprocessHook","filename":"subprocess.py","lineno":78}
{"timestamp":"2026-01-10T06:56:02.195626Z","level":"info","event":"Running command: ['/usr/bin/bash', '-c', '\\n        source cuda/bin/activate\\n        python3 /home/nishita/Desktop/IS/BigQueryIS/spark_fusion.py\\n        ']","logger":"airflow.task.hooks.airflow.providers.standard.hooks.subprocess.SubprocessHook","filename":"subprocess.py","lineno":80}
{"timestamp":"2026-01-10T06:56:02.196814Z","level":"info","event":"Output:","logger":"airflow.task.hooks.airflow.providers.standard.hooks.subprocess.SubprocessHook","filename":"subprocess.py","lineno":92}
{"timestamp":"2026-01-10T06:56:02.198752Z","level":"info","event":"/usr/bin/bash: line 2: cuda/bin/activate: No such file or directory","logger":"airflow.task.hooks.airflow.providers.standard.hooks.subprocess.SubprocessHook","filename":"subprocess.py","lineno":99}
{"timestamp":"2026-01-10T06:56:02.980853Z","level":"info","event":"WARNING: Using incubator modules: jdk.incubator.vector","logger":"airflow.task.hooks.airflow.providers.standard.hooks.subprocess.SubprocessHook","filename":"subprocess.py","lineno":99}
{"timestamp":"2026-01-10T06:56:04.644914Z","level":"info","event":"Using Spark's default log4j profile: org/apache/spark/log4j2-defaults.properties","logger":"airflow.task.hooks.airflow.providers.standard.hooks.subprocess.SubprocessHook","filename":"subprocess.py","lineno":99}
{"timestamp":"2026-01-10T06:56:04.662921Z","level":"info","event":"26/01/10 12:26:04 WARN Utils: Your hostname, bytepaws, resolves to a loopback address: 127.0.1.1; using 10.1.99.109 instead (on interface enx00e06c38efff)","logger":"airflow.task.hooks.airflow.providers.standard.hooks.subprocess.SubprocessHook","filename":"subprocess.py","lineno":99}
{"timestamp":"2026-01-10T06:56:04.669158Z","level":"info","event":"26/01/10 12:26:04 WARN Utils: Set SPARK_LOCAL_IP if you need to bind to another address","logger":"airflow.task.hooks.airflow.providers.standard.hooks.subprocess.SubprocessHook","filename":"subprocess.py","lineno":99}
{"timestamp":"2026-01-10T06:56:05.475414Z","level":"info","event":"Using Spark's default log4j profile: org/apache/spark/log4j2-defaults.properties","logger":"airflow.task.hooks.airflow.providers.standard.hooks.subprocess.SubprocessHook","filename":"subprocess.py","lineno":99}
{"timestamp":"2026-01-10T06:56:05.476288Z","level":"info","event":"Setting default log level to \"WARN\".","logger":"airflow.task.hooks.airflow.providers.standard.hooks.subprocess.SubprocessHook","filename":"subprocess.py","lineno":99}
{"timestamp":"2026-01-10T06:56:05.476624Z","level":"info","event":"To adjust logging level use sc.setLogLevel(newLevel). For SparkR, use setLogLevel(newLevel).","logger":"airflow.task.hooks.airflow.providers.standard.hooks.subprocess.SubprocessHook","filename":"subprocess.py","lineno":99}
{"timestamp":"2026-01-10T06:56:06.366840Z","level":"info","event":"26/01/10 12:26:06 WARN NativeCodeLoader: Unable to load native-hadoop library for your platform... using builtin-java classes where applicable","logger":"airflow.task.hooks.airflow.providers.standard.hooks.subprocess.SubprocessHook","filename":"subprocess.py","lineno":99}
{"timestamp":"2026-01-10T06:56:21.567097Z","level":"info","event":"\r[Stage 4:>                                                          (0 + 1) / 1]\r\r                                                                                \rSpark fusion complete - merged unstructured and structured data","logger":"airflow.task.hooks.airflow.providers.standard.hooks.subprocess.SubprocessHook","filename":"subprocess.py","lineno":99}
{"timestamp":"2026-01-10T06:56:22.259465Z","level":"info","event":"Command exited with return code 0","logger":"airflow.task.hooks.airflow.providers.standard.hooks.subprocess.SubprocessHook","filename":"subprocess.py","lineno":103}
{"timestamp":"2026-01-10T06:56:22.260154Z","level":"info","event":"Pushing xcom","ti":"RuntimeTaskInstance(id=UUID('019ba6b0-bef0-7ff9-8b67-c9cdc6f6fc45'), task_id='spark_fusion', dag_id='multimodal_pipeline', run_id='manual__2026-01-10T06:55:57+00:00', try_number=1, dag_version_id=UUID('019ba6b0-6dba-7edc-826c-6150cf121773'), map_index=-1, hostname='bytepaws', context_carrier={}, task=<Task(BashOperator): spark_fusion>, bundle_instance=LocalDagBundle(name=dags-folder), max_tries=0, start_date=datetime.datetime(2026, 1, 10, 6, 56, 2, 105953, tzinfo=datetime.timezone.utc), end_date=None, state=<TaskInstanceState.RUNNING: 'running'>, is_mapped=False, rendered_map_index=None)","logger":"task","filename":"task_runner.py","lineno":1370}
{"timestamp":"2026-01-10T06:56:22.295720Z","level":"info","event":"Task instance in success state","logger":"task.stdout"}
{"timestamp":"2026-01-10T06:56:22.295958Z","level":"info","event":" Previous state of the Task instance: TaskInstanceState.RUNNING","logger":"task.stdout"}
{"timestamp":"2026-01-10T06:56:22.296185Z","level":"info","event":"Task operator:<Task(BashOperator): spark_fusion>","logger":"task.stdout"}
