{"timestamp":"2026-01-10T06:46:09.457557Z","level":"info","event":"DAG bundles loaded: dags-folder, example_dags","logger":"airflow.dag_processing.bundles.manager.DagBundlesManager","filename":"manager.py","lineno":179}
{"timestamp":"2026-01-10T06:46:09.458850Z","level":"info","event":"Filling up the DagBag from /home/nishita/Desktop/IS/BigQueryIS/airflow/dags/multimodal_pipeline.py","logger":"airflow.models.dagbag.DagBag","filename":"dagbag.py","lineno":593}
{"timestamp":"2026-01-10T06:46:09.655271Z","level":"info","event":"Task instance is in running state","logger":"task.stdout"}
{"timestamp":"2026-01-10T06:46:09.655550Z","level":"info","event":" Previous state of the Task instance: TaskInstanceState.QUEUED","logger":"task.stdout"}
{"timestamp":"2026-01-10T06:46:09.656178Z","level":"info","event":"Current task name:tika_extract","logger":"task.stdout"}
{"timestamp":"2026-01-10T06:46:09.656389Z","level":"info","event":"Dag name:multimodal_pipeline","logger":"task.stdout"}
{"timestamp":"2026-01-10T06:46:09.657236Z","level":"info","event":"Tmp dir root location: /tmp","logger":"airflow.task.hooks.airflow.providers.standard.hooks.subprocess.SubprocessHook","filename":"subprocess.py","lineno":78}
{"timestamp":"2026-01-10T06:46:09.658242Z","level":"info","event":"Running command: ['/usr/bin/bash', '-c', '\\n        source /home/nishita/Desktop/IS/BigQueryIS/venv/bin/activate\\n        python /home/nishita/Desktop/IS/BigQueryIS/tika_extract.py\\n        ']","logger":"airflow.task.hooks.airflow.providers.standard.hooks.subprocess.SubprocessHook","filename":"subprocess.py","lineno":80}
{"timestamp":"2026-01-10T06:46:09.659716Z","level":"info","event":"Output:","logger":"airflow.task.hooks.airflow.providers.standard.hooks.subprocess.SubprocessHook","filename":"subprocess.py","lineno":92}
{"timestamp":"2026-01-10T06:46:09.664543Z","level":"info","event":"/usr/bin/bash: line 2: /home/nishita/Desktop/IS/BigQueryIS/venv/bin/activate: No such file or directory","logger":"airflow.task.hooks.airflow.providers.standard.hooks.subprocess.SubprocessHook","filename":"subprocess.py","lineno":99}
{"timestamp":"2026-01-10T06:46:10.014499Z","level":"info","event":"2026-01-10 12:16:10,014 [MainThread  ] [INFO ]  Retrieving http://search.maven.org/remotecontent?filepath=org/apache/tika/tika-server-standard/3.1.0/tika-server-standard-3.1.0.jar to /tmp/tika-server.jar.","logger":"airflow.task.hooks.airflow.providers.standard.hooks.subprocess.SubprocessHook","filename":"subprocess.py","lineno":99}
{"timestamp":"2026-01-10T06:46:29.024916Z","level":"info","event":"2026-01-10 12:16:29,024 [MainThread  ] [INFO ]  Retrieving http://search.maven.org/remotecontent?filepath=org/apache/tika/tika-server-standard/3.1.0/tika-server-standard-3.1.0.jar.md5 to /tmp/tika-server.jar.md5.","logger":"airflow.task.hooks.airflow.providers.standard.hooks.subprocess.SubprocessHook","filename":"subprocess.py","lineno":99}
{"timestamp":"2026-01-10T06:46:31.026362Z","level":"info","event":"2026-01-10 12:16:31,025 [MainThread  ] [WARNI]  Failed to see startup log message; retrying...","logger":"airflow.task.hooks.airflow.providers.standard.hooks.subprocess.SubprocessHook","filename":"subprocess.py","lineno":99}
{"timestamp":"2026-01-10T06:46:38.604890Z","level":"info","event":"Tika extraction complete - Extracted info from unstructured data","logger":"airflow.task.hooks.airflow.providers.standard.hooks.subprocess.SubprocessHook","filename":"subprocess.py","lineno":99}
{"timestamp":"2026-01-10T06:46:38.668313Z","level":"info","event":"Command exited with return code 0","logger":"airflow.task.hooks.airflow.providers.standard.hooks.subprocess.SubprocessHook","filename":"subprocess.py","lineno":103}
{"timestamp":"2026-01-10T06:46:38.669120Z","level":"info","event":"Pushing xcom","ti":"RuntimeTaskInstance(id=UUID('019ba6a7-af4d-77aa-9e93-2de9ce148a5d'), task_id='tika_extract', dag_id='multimodal_pipeline', run_id='scheduled__2026-01-10T00:00:00+00:00', try_number=1, dag_version_id=UUID('019ba6a6-61f0-7dc8-ac92-dc24c1ba3aad'), map_index=-1, hostname='bytepaws', context_carrier={}, task=<Task(BashOperator): tika_extract>, bundle_instance=LocalDagBundle(name=dags-folder), max_tries=0, start_date=datetime.datetime(2026, 1, 10, 6, 46, 6, 92037, tzinfo=datetime.timezone.utc), end_date=None, state=<TaskInstanceState.RUNNING: 'running'>, is_mapped=False, rendered_map_index=None)","logger":"task","filename":"task_runner.py","lineno":1370}
{"timestamp":"2026-01-10T06:46:38.730415Z","level":"info","event":"Task instance in success state","logger":"task.stdout"}
{"timestamp":"2026-01-10T06:46:38.730729Z","level":"info","event":" Previous state of the Task instance: TaskInstanceState.RUNNING","logger":"task.stdout"}
{"timestamp":"2026-01-10T06:46:38.731006Z","level":"info","event":"Task operator:<Task(BashOperator): tika_extract>","logger":"task.stdout"}
{"timestamp":"2026-01-10T06:50:51.994107Z","level":"info","event":"DAG bundles loaded: dags-folder, example_dags","logger":"airflow.dag_processing.bundles.manager.DagBundlesManager","filename":"manager.py","lineno":179}
{"timestamp":"2026-01-10T06:50:51.995192Z","level":"info","event":"Filling up the DagBag from /home/nishita/Desktop/IS/BigQueryIS/airflow/dags/multimodal_pipeline.py","logger":"airflow.models.dagbag.DagBag","filename":"dagbag.py","lineno":593}
{"timestamp":"2026-01-10T06:50:52.718779Z","level":"info","event":"Task instance is in running state","logger":"task.stdout"}
{"timestamp":"2026-01-10T06:50:52.719002Z","level":"info","event":" Previous state of the Task instance: TaskInstanceState.QUEUED","logger":"task.stdout"}
{"timestamp":"2026-01-10T06:50:52.719197Z","level":"info","event":"Current task name:tika_extract","logger":"task.stdout"}
{"timestamp":"2026-01-10T06:50:52.719271Z","level":"info","event":"Dag name:multimodal_pipeline","logger":"task.stdout"}
{"timestamp":"2026-01-10T06:50:52.720029Z","level":"info","event":"Tmp dir root location: /tmp","logger":"airflow.task.hooks.airflow.providers.standard.hooks.subprocess.SubprocessHook","filename":"subprocess.py","lineno":78}
{"timestamp":"2026-01-10T06:50:52.720841Z","level":"info","event":"Running command: ['/usr/bin/bash', '-c', '\\n        source cuda/bin/activate\\n        python /home/nishita/Desktop/IS/BigQueryIS/tika_extract.py\\n        ']","logger":"airflow.task.hooks.airflow.providers.standard.hooks.subprocess.SubprocessHook","filename":"subprocess.py","lineno":80}
{"timestamp":"2026-01-10T06:50:52.722080Z","level":"info","event":"Output:","logger":"airflow.task.hooks.airflow.providers.standard.hooks.subprocess.SubprocessHook","filename":"subprocess.py","lineno":92}
{"timestamp":"2026-01-10T06:50:52.723773Z","level":"info","event":"/usr/bin/bash: line 2: cuda/bin/activate: No such file or directory","logger":"airflow.task.hooks.airflow.providers.standard.hooks.subprocess.SubprocessHook","filename":"subprocess.py","lineno":99}
{"timestamp":"2026-01-10T06:50:53.658535Z","level":"info","event":"Tika extraction complete - Extracted info from unstructured data","logger":"airflow.task.hooks.airflow.providers.standard.hooks.subprocess.SubprocessHook","filename":"subprocess.py","lineno":99}
{"timestamp":"2026-01-10T06:50:53.796221Z","level":"info","event":"Command exited with return code 0","logger":"airflow.task.hooks.airflow.providers.standard.hooks.subprocess.SubprocessHook","filename":"subprocess.py","lineno":103}
{"timestamp":"2026-01-10T06:50:53.797938Z","level":"info","event":"Pushing xcom","ti":"RuntimeTaskInstance(id=UUID('019ba6ac-0043-7550-b418-91396b342469'), task_id='tika_extract', dag_id='multimodal_pipeline', run_id='scheduled__2026-01-10T00:00:00+00:00', try_number=1, dag_version_id=UUID('019ba6ab-b6e6-7df8-a6b4-4d91120cee59'), map_index=-1, hostname='bytepaws', context_carrier={}, task=<Task(BashOperator): tika_extract>, bundle_instance=LocalDagBundle(name=dags-folder), max_tries=0, start_date=datetime.datetime(2026, 1, 10, 6, 50, 48, 974650, tzinfo=datetime.timezone.utc), end_date=None, state=<TaskInstanceState.RUNNING: 'running'>, is_mapped=False, rendered_map_index=None)","logger":"task","filename":"task_runner.py","lineno":1370}
{"timestamp":"2026-01-10T06:50:53.878776Z","level":"info","event":"Task instance in success state","logger":"task.stdout"}
{"timestamp":"2026-01-10T06:50:53.879051Z","level":"info","event":" Previous state of the Task instance: TaskInstanceState.RUNNING","logger":"task.stdout"}
{"timestamp":"2026-01-10T06:50:53.879220Z","level":"info","event":"Task operator:<Task(BashOperator): tika_extract>","logger":"task.stdout"}
{"timestamp":"2026-01-10T06:55:59.695673Z","level":"info","event":"DAG bundles loaded: dags-folder, example_dags","logger":"airflow.dag_processing.bundles.manager.DagBundlesManager","filename":"manager.py","lineno":179}
{"timestamp":"2026-01-10T06:55:59.696826Z","level":"info","event":"Filling up the DagBag from /home/nishita/Desktop/IS/BigQueryIS/airflow/dags/multimodal_pipeline.py","logger":"airflow.models.dagbag.DagBag","filename":"dagbag.py","lineno":593}
{"timestamp":"2026-01-10T06:56:00.223624Z","level":"info","event":"Task instance is in running state","logger":"task.stdout"}
{"timestamp":"2026-01-10T06:56:00.223878Z","level":"info","event":" Previous state of the Task instance: TaskInstanceState.QUEUED","logger":"task.stdout"}
{"timestamp":"2026-01-10T06:56:00.224178Z","level":"info","event":"Current task name:tika_extract","logger":"task.stdout"}
{"timestamp":"2026-01-10T06:56:00.224320Z","level":"info","event":"Dag name:multimodal_pipeline","logger":"task.stdout"}
{"timestamp":"2026-01-10T06:56:00.225018Z","level":"info","event":"Tmp dir root location: /tmp","logger":"airflow.task.hooks.airflow.providers.standard.hooks.subprocess.SubprocessHook","filename":"subprocess.py","lineno":78}
{"timestamp":"2026-01-10T06:56:00.225859Z","level":"info","event":"Running command: ['/usr/bin/bash', '-c', '\\n        source cuda/bin/activate\\n        python3 /home/nishita/Desktop/IS/BigQueryIS/tika_extract.py\\n        ']","logger":"airflow.task.hooks.airflow.providers.standard.hooks.subprocess.SubprocessHook","filename":"subprocess.py","lineno":80}
{"timestamp":"2026-01-10T06:56:00.227287Z","level":"info","event":"Output:","logger":"airflow.task.hooks.airflow.providers.standard.hooks.subprocess.SubprocessHook","filename":"subprocess.py","lineno":92}
{"timestamp":"2026-01-10T06:56:00.228855Z","level":"info","event":"/usr/bin/bash: line 2: cuda/bin/activate: No such file or directory","logger":"airflow.task.hooks.airflow.providers.standard.hooks.subprocess.SubprocessHook","filename":"subprocess.py","lineno":99}
{"timestamp":"2026-01-10T06:56:00.915200Z","level":"info","event":"Tika extraction complete - Extracted info from unstructured data","logger":"airflow.task.hooks.airflow.providers.standard.hooks.subprocess.SubprocessHook","filename":"subprocess.py","lineno":99}
{"timestamp":"2026-01-10T06:56:01.010059Z","level":"info","event":"Command exited with return code 0","logger":"airflow.task.hooks.airflow.providers.standard.hooks.subprocess.SubprocessHook","filename":"subprocess.py","lineno":103}
{"timestamp":"2026-01-10T06:56:01.011249Z","level":"info","event":"Pushing xcom","ti":"RuntimeTaskInstance(id=UUID('019ba6b0-b34c-7692-864e-f98d77513bd0'), task_id='tika_extract', dag_id='multimodal_pipeline', run_id='scheduled__2026-01-10T00:00:00+00:00', try_number=1, dag_version_id=UUID('019ba6b0-6dba-7edc-826c-6150cf121773'), map_index=-1, hostname='bytepaws', context_carrier={}, task=<Task(BashOperator): tika_extract>, bundle_instance=LocalDagBundle(name=dags-folder), max_tries=0, start_date=datetime.datetime(2026, 1, 10, 6, 55, 56, 945049, tzinfo=datetime.timezone.utc), end_date=None, state=<TaskInstanceState.RUNNING: 'running'>, is_mapped=False, rendered_map_index=None)","logger":"task","filename":"task_runner.py","lineno":1370}
{"timestamp":"2026-01-10T06:56:01.128116Z","level":"info","event":"Task instance in success state","logger":"task.stdout"}
{"timestamp":"2026-01-10T06:56:01.128344Z","level":"info","event":" Previous state of the Task instance: TaskInstanceState.RUNNING","logger":"task.stdout"}
{"timestamp":"2026-01-10T06:56:01.128610Z","level":"info","event":"Task operator:<Task(BashOperator): tika_extract>","logger":"task.stdout"}
{"timestamp":"2026-01-10T06:57:46.375613Z","level":"info","event":"DAG bundles loaded: dags-folder, example_dags","logger":"airflow.dag_processing.bundles.manager.DagBundlesManager","filename":"manager.py","lineno":179}
{"timestamp":"2026-01-10T06:57:46.376723Z","level":"info","event":"Filling up the DagBag from /home/nishita/Desktop/IS/BigQueryIS/airflow/dags/multimodal_pipeline.py","logger":"airflow.models.dagbag.DagBag","filename":"dagbag.py","lineno":593}
{"timestamp":"2026-01-10T06:57:46.469052Z","level":"info","event":"Task instance is in running state","logger":"task.stdout"}
{"timestamp":"2026-01-10T06:57:46.469266Z","level":"info","event":" Previous state of the Task instance: TaskInstanceState.QUEUED","logger":"task.stdout"}
{"timestamp":"2026-01-10T06:57:46.469583Z","level":"info","event":"Current task name:tika_extract","logger":"task.stdout"}
{"timestamp":"2026-01-10T06:57:46.469760Z","level":"info","event":"Dag name:multimodal_pipeline","logger":"task.stdout"}
{"timestamp":"2026-01-10T06:57:46.470625Z","level":"info","event":"Tmp dir root location: /tmp","logger":"airflow.task.hooks.airflow.providers.standard.hooks.subprocess.SubprocessHook","filename":"subprocess.py","lineno":78}
{"timestamp":"2026-01-10T06:57:46.471352Z","level":"info","event":"Running command: ['/usr/bin/bash', '-c', '\\n        source cuda/bin/activate\\n        python /home/nishita/Desktop/IS/BigQueryIS/tika_extract.py\\n        ']","logger":"airflow.task.hooks.airflow.providers.standard.hooks.subprocess.SubprocessHook","filename":"subprocess.py","lineno":80}
{"timestamp":"2026-01-10T06:57:46.472605Z","level":"info","event":"Output:","logger":"airflow.task.hooks.airflow.providers.standard.hooks.subprocess.SubprocessHook","filename":"subprocess.py","lineno":92}
{"timestamp":"2026-01-10T06:57:46.474457Z","level":"info","event":"/usr/bin/bash: line 2: cuda/bin/activate: No such file or directory","logger":"airflow.task.hooks.airflow.providers.standard.hooks.subprocess.SubprocessHook","filename":"subprocess.py","lineno":99}
{"timestamp":"2026-01-10T06:57:47.109831Z","level":"info","event":"Tika extraction complete - Extracted info from unstructured data","logger":"airflow.task.hooks.airflow.providers.standard.hooks.subprocess.SubprocessHook","filename":"subprocess.py","lineno":99}
{"timestamp":"2026-01-10T06:57:47.159992Z","level":"info","event":"Command exited with return code 0","logger":"airflow.task.hooks.airflow.providers.standard.hooks.subprocess.SubprocessHook","filename":"subprocess.py","lineno":103}
{"timestamp":"2026-01-10T06:57:47.160906Z","level":"info","event":"Pushing xcom","ti":"RuntimeTaskInstance(id=UUID('019ba6b2-53dd-7085-83b8-d4c6f2ba2a85'), task_id='tika_extract', dag_id='multimodal_pipeline', run_id='scheduled__2026-01-10T00:00:00+00:00', try_number=1, dag_version_id=UUID('019ba6b2-127d-7eb2-a9f1-1615ddc568eb'), map_index=-1, hostname='bytepaws', context_carrier={}, task=<Task(BashOperator): tika_extract>, bundle_instance=LocalDagBundle(name=dags-folder), max_tries=0, start_date=datetime.datetime(2026, 1, 10, 6, 57, 43, 549149, tzinfo=datetime.timezone.utc), end_date=None, state=<TaskInstanceState.RUNNING: 'running'>, is_mapped=False, rendered_map_index=None)","logger":"task","filename":"task_runner.py","lineno":1370}
{"timestamp":"2026-01-10T06:57:47.232442Z","level":"info","event":"Task instance in success state","logger":"task.stdout"}
{"timestamp":"2026-01-10T06:57:47.232737Z","level":"info","event":" Previous state of the Task instance: TaskInstanceState.RUNNING","logger":"task.stdout"}
{"timestamp":"2026-01-10T06:57:47.233074Z","level":"info","event":"Task operator:<Task(BashOperator): tika_extract>","logger":"task.stdout"}
{"timestamp":"2026-01-10T07:00:55.677066Z","level":"info","event":"DAG bundles loaded: dags-folder, example_dags","logger":"airflow.dag_processing.bundles.manager.DagBundlesManager","filename":"manager.py","lineno":179}
{"timestamp":"2026-01-10T07:00:55.678319Z","level":"info","event":"Filling up the DagBag from /home/nishita/Desktop/IS/BigQueryIS/airflow/dags/multimodal_pipeline.py","logger":"airflow.models.dagbag.DagBag","filename":"dagbag.py","lineno":593}
{"timestamp":"2026-01-10T07:00:56.170697Z","level":"info","event":"Task instance is in running state","logger":"task.stdout"}
{"timestamp":"2026-01-10T07:00:56.171364Z","level":"info","event":" Previous state of the Task instance: TaskInstanceState.QUEUED","logger":"task.stdout"}
{"timestamp":"2026-01-10T07:00:56.171544Z","level":"info","event":"Current task name:tika_extract","logger":"task.stdout"}
{"timestamp":"2026-01-10T07:00:56.171667Z","level":"info","event":"Dag name:multimodal_pipeline","logger":"task.stdout"}
{"timestamp":"2026-01-10T07:00:56.171674Z","level":"info","event":"Tmp dir root location: /tmp","logger":"airflow.task.hooks.airflow.providers.standard.hooks.subprocess.SubprocessHook","filename":"subprocess.py","lineno":78}
{"timestamp":"2026-01-10T07:00:56.172404Z","level":"info","event":"Running command: ['/usr/bin/bash', '-c', '\\n        source cuda/bin/activate\\n        python /home/nishita/Desktop/IS/BigQueryIS/tika_extract.py\\n        ']","logger":"airflow.task.hooks.airflow.providers.standard.hooks.subprocess.SubprocessHook","filename":"subprocess.py","lineno":80}
{"timestamp":"2026-01-10T07:00:56.173636Z","level":"info","event":"Output:","logger":"airflow.task.hooks.airflow.providers.standard.hooks.subprocess.SubprocessHook","filename":"subprocess.py","lineno":92}
{"timestamp":"2026-01-10T07:00:56.175341Z","level":"info","event":"/usr/bin/bash: line 2: cuda/bin/activate: No such file or directory","logger":"airflow.task.hooks.airflow.providers.standard.hooks.subprocess.SubprocessHook","filename":"subprocess.py","lineno":99}
{"timestamp":"2026-01-10T07:00:56.853719Z","level":"info","event":"Tika extraction complete - Extracted info from unstructured data","logger":"airflow.task.hooks.airflow.providers.standard.hooks.subprocess.SubprocessHook","filename":"subprocess.py","lineno":99}
{"timestamp":"2026-01-10T07:00:56.943175Z","level":"info","event":"Command exited with return code 0","logger":"airflow.task.hooks.airflow.providers.standard.hooks.subprocess.SubprocessHook","filename":"subprocess.py","lineno":103}
{"timestamp":"2026-01-10T07:00:56.944710Z","level":"info","event":"Pushing xcom","ti":"RuntimeTaskInstance(id=UUID('019ba6b5-379f-7aec-9e18-26d18ab21412'), task_id='tika_extract', dag_id='multimodal_pipeline', run_id='scheduled__2026-01-10T00:00:00+00:00', try_number=1, dag_version_id=UUID('019ba6b4-eaf9-7e69-85d3-2c5ce5d02e69'), map_index=-1, hostname='bytepaws', context_carrier={}, task=<Task(BashOperator): tika_extract>, bundle_instance=LocalDagBundle(name=dags-folder), max_tries=0, start_date=datetime.datetime(2026, 1, 10, 7, 0, 52, 938792, tzinfo=datetime.timezone.utc), end_date=None, state=<TaskInstanceState.RUNNING: 'running'>, is_mapped=False, rendered_map_index=None)","logger":"task","filename":"task_runner.py","lineno":1370}
{"timestamp":"2026-01-10T07:00:57.039499Z","level":"info","event":"Task instance in success state","logger":"task.stdout"}
{"timestamp":"2026-01-10T07:00:57.039862Z","level":"info","event":" Previous state of the Task instance: TaskInstanceState.RUNNING","logger":"task.stdout"}
{"timestamp":"2026-01-10T07:00:57.040232Z","level":"info","event":"Task operator:<Task(BashOperator): tika_extract>","logger":"task.stdout"}
{"timestamp":"2026-01-10T07:02:48.995644Z","level":"info","event":"DAG bundles loaded: dags-folder, example_dags","logger":"airflow.dag_processing.bundles.manager.DagBundlesManager","filename":"manager.py","lineno":179}
{"timestamp":"2026-01-10T07:02:48.996967Z","level":"info","event":"Filling up the DagBag from /home/nishita/Desktop/IS/BigQueryIS/airflow/dags/multimodal_pipeline.py","logger":"airflow.models.dagbag.DagBag","filename":"dagbag.py","lineno":593}
{"timestamp":"2026-01-10T07:02:49.520487Z","level":"info","event":"Task instance is in running state","logger":"task.stdout"}
{"timestamp":"2026-01-10T07:02:49.520700Z","level":"info","event":" Previous state of the Task instance: TaskInstanceState.QUEUED","logger":"task.stdout"}
{"timestamp":"2026-01-10T07:02:49.520948Z","level":"info","event":"Current task name:tika_extract","logger":"task.stdout"}
{"timestamp":"2026-01-10T07:02:49.521037Z","level":"info","event":"Dag name:multimodal_pipeline","logger":"task.stdout"}
{"timestamp":"2026-01-10T07:02:49.521771Z","level":"info","event":"Tmp dir root location: /tmp","logger":"airflow.task.hooks.airflow.providers.standard.hooks.subprocess.SubprocessHook","filename":"subprocess.py","lineno":78}
{"timestamp":"2026-01-10T07:02:49.522532Z","level":"info","event":"Running command: ['/usr/bin/bash', '-c', '\\n        source cuda/bin/activate\\n        python /home/nishita/Desktop/IS/BigQueryIS/tika_extract.py\\n        ']","logger":"airflow.task.hooks.airflow.providers.standard.hooks.subprocess.SubprocessHook","filename":"subprocess.py","lineno":80}
{"timestamp":"2026-01-10T07:02:49.523800Z","level":"info","event":"Output:","logger":"airflow.task.hooks.airflow.providers.standard.hooks.subprocess.SubprocessHook","filename":"subprocess.py","lineno":92}
{"timestamp":"2026-01-10T07:02:49.525704Z","level":"info","event":"/usr/bin/bash: line 2: cuda/bin/activate: No such file or directory","logger":"airflow.task.hooks.airflow.providers.standard.hooks.subprocess.SubprocessHook","filename":"subprocess.py","lineno":99}
{"timestamp":"2026-01-10T07:02:50.061435Z","level":"info","event":"Tika extraction complete - Extracted info from unstructured data","logger":"airflow.task.hooks.airflow.providers.standard.hooks.subprocess.SubprocessHook","filename":"subprocess.py","lineno":99}
{"timestamp":"2026-01-10T07:02:50.131734Z","level":"info","event":"Command exited with return code 0","logger":"airflow.task.hooks.airflow.providers.standard.hooks.subprocess.SubprocessHook","filename":"subprocess.py","lineno":103}
{"timestamp":"2026-01-10T07:02:50.132668Z","level":"info","event":"Pushing xcom","ti":"RuntimeTaskInstance(id=UUID('019ba6b6-f12d-7e73-a4de-1fb8e9294335'), task_id='tika_extract', dag_id='multimodal_pipeline', run_id='scheduled__2026-01-10T00:00:00+00:00', try_number=1, dag_version_id=UUID('019ba6b6-a43d-7005-902e-8c0581b57a6e'), map_index=-1, hostname='bytepaws', context_carrier={}, task=<Task(BashOperator): tika_extract>, bundle_instance=LocalDagBundle(name=dags-folder), max_tries=0, start_date=datetime.datetime(2026, 1, 10, 7, 2, 45, 980922, tzinfo=datetime.timezone.utc), end_date=None, state=<TaskInstanceState.RUNNING: 'running'>, is_mapped=False, rendered_map_index=None)","logger":"task","filename":"task_runner.py","lineno":1370}
{"timestamp":"2026-01-10T07:02:50.222093Z","level":"info","event":"Task instance in success state","logger":"task.stdout"}
{"timestamp":"2026-01-10T07:02:50.222373Z","level":"info","event":" Previous state of the Task instance: TaskInstanceState.RUNNING","logger":"task.stdout"}
{"timestamp":"2026-01-10T07:02:50.222672Z","level":"info","event":"Task operator:<Task(BashOperator): tika_extract>","logger":"task.stdout"}
{"timestamp":"2026-01-10T07:05:11.674833Z","level":"info","event":"DAG bundles loaded: dags-folder, example_dags","logger":"airflow.dag_processing.bundles.manager.DagBundlesManager","filename":"manager.py","lineno":179}
{"timestamp":"2026-01-10T07:05:11.675952Z","level":"info","event":"Filling up the DagBag from /home/nishita/Desktop/IS/BigQueryIS/airflow/dags/multimodal_pipeline.py","logger":"airflow.models.dagbag.DagBag","filename":"dagbag.py","lineno":593}
{"timestamp":"2026-01-10T07:05:12.111412Z","level":"info","event":"Task instance is in running state","logger":"task.stdout"}
{"timestamp":"2026-01-10T07:05:12.111628Z","level":"info","event":" Previous state of the Task instance: TaskInstanceState.QUEUED","logger":"task.stdout"}
{"timestamp":"2026-01-10T07:05:12.111772Z","level":"info","event":"Current task name:tika_extract","logger":"task.stdout"}
{"timestamp":"2026-01-10T07:05:12.111834Z","level":"info","event":"Dag name:multimodal_pipeline","logger":"task.stdout"}
{"timestamp":"2026-01-10T07:05:12.112547Z","level":"info","event":"Tmp dir root location: /tmp","logger":"airflow.task.hooks.airflow.providers.standard.hooks.subprocess.SubprocessHook","filename":"subprocess.py","lineno":78}
{"timestamp":"2026-01-10T07:05:12.113289Z","level":"info","event":"Running command: ['/usr/bin/bash', '-c', '\\n        source cuda/bin/activate\\n        python /home/nishita/Desktop/IS/BigQueryIS/tika_extract.py\\n        ']","logger":"airflow.task.hooks.airflow.providers.standard.hooks.subprocess.SubprocessHook","filename":"subprocess.py","lineno":80}
{"timestamp":"2026-01-10T07:05:12.114580Z","level":"info","event":"Output:","logger":"airflow.task.hooks.airflow.providers.standard.hooks.subprocess.SubprocessHook","filename":"subprocess.py","lineno":92}
{"timestamp":"2026-01-10T07:05:12.116468Z","level":"info","event":"/usr/bin/bash: line 2: cuda/bin/activate: No such file or directory","logger":"airflow.task.hooks.airflow.providers.standard.hooks.subprocess.SubprocessHook","filename":"subprocess.py","lineno":99}
{"timestamp":"2026-01-10T07:05:12.732702Z","level":"info","event":"Tika extraction complete - Extracted info from unstructured data","logger":"airflow.task.hooks.airflow.providers.standard.hooks.subprocess.SubprocessHook","filename":"subprocess.py","lineno":99}
{"timestamp":"2026-01-10T07:05:12.792030Z","level":"info","event":"Command exited with return code 0","logger":"airflow.task.hooks.airflow.providers.standard.hooks.subprocess.SubprocessHook","filename":"subprocess.py","lineno":103}
{"timestamp":"2026-01-10T07:05:12.793395Z","level":"info","event":"Pushing xcom","ti":"RuntimeTaskInstance(id=UUID('019ba6b9-1e3a-7bfd-ab73-77799bd6b5a0'), task_id='tika_extract', dag_id='multimodal_pipeline', run_id='scheduled__2026-01-10T00:00:00+00:00', try_number=1, dag_version_id=UUID('019ba6b8-e8cd-7f38-bd92-51b9659364c3'), map_index=-1, hostname='bytepaws', context_carrier={}, task=<Task(BashOperator): tika_extract>, bundle_instance=LocalDagBundle(name=dags-folder), max_tries=0, start_date=datetime.datetime(2026, 1, 10, 7, 5, 8, 607245, tzinfo=datetime.timezone.utc), end_date=None, state=<TaskInstanceState.RUNNING: 'running'>, is_mapped=False, rendered_map_index=None)","logger":"task","filename":"task_runner.py","lineno":1370}
{"timestamp":"2026-01-10T07:05:12.856987Z","level":"info","event":"Task instance in success state","logger":"task.stdout"}
{"timestamp":"2026-01-10T07:05:12.857178Z","level":"info","event":" Previous state of the Task instance: TaskInstanceState.RUNNING","logger":"task.stdout"}
{"timestamp":"2026-01-10T07:05:12.857519Z","level":"info","event":"Task operator:<Task(BashOperator): tika_extract>","logger":"task.stdout"}
{"timestamp":"2026-01-10T07:15:06.572129Z","level":"info","event":"DAG bundles loaded: dags-folder, example_dags","logger":"airflow.dag_processing.bundles.manager.DagBundlesManager","filename":"manager.py","lineno":179}
{"timestamp":"2026-01-10T07:15:06.573321Z","level":"info","event":"Filling up the DagBag from /home/nishita/Desktop/IS/BigQueryIS/airflow/dags/multimodal_pipeline.py","logger":"airflow.models.dagbag.DagBag","filename":"dagbag.py","lineno":593}
{"timestamp":"2026-01-10T07:15:07.012268Z","level":"info","event":"Task instance is in running state","logger":"task.stdout"}
{"timestamp":"2026-01-10T07:15:07.012476Z","level":"info","event":" Previous state of the Task instance: TaskInstanceState.QUEUED","logger":"task.stdout"}
{"timestamp":"2026-01-10T07:15:07.012672Z","level":"info","event":"Current task name:tika_extract","logger":"task.stdout"}
{"timestamp":"2026-01-10T07:15:07.012790Z","level":"info","event":"Dag name:multimodal_pipeline","logger":"task.stdout"}
{"timestamp":"2026-01-10T07:15:07.013514Z","level":"info","event":"Tmp dir root location: /tmp","logger":"airflow.task.hooks.airflow.providers.standard.hooks.subprocess.SubprocessHook","filename":"subprocess.py","lineno":78}
{"timestamp":"2026-01-10T07:15:07.014365Z","level":"info","event":"Running command: ['/usr/bin/bash', '-c', '\\n        source cuda/bin/activate\\n        python /home/nishita/Desktop/IS/BigQueryIS/tika_extract.py\\n        ']","logger":"airflow.task.hooks.airflow.providers.standard.hooks.subprocess.SubprocessHook","filename":"subprocess.py","lineno":80}
{"timestamp":"2026-01-10T07:15:07.015729Z","level":"info","event":"Output:","logger":"airflow.task.hooks.airflow.providers.standard.hooks.subprocess.SubprocessHook","filename":"subprocess.py","lineno":92}
{"timestamp":"2026-01-10T07:15:07.017526Z","level":"info","event":"/usr/bin/bash: line 2: cuda/bin/activate: No such file or directory","logger":"airflow.task.hooks.airflow.providers.standard.hooks.subprocess.SubprocessHook","filename":"subprocess.py","lineno":99}
{"timestamp":"2026-01-10T07:15:07.592912Z","level":"info","event":"Tika extraction complete - Extracted info from unstructured data","logger":"airflow.task.hooks.airflow.providers.standard.hooks.subprocess.SubprocessHook","filename":"subprocess.py","lineno":99}
{"timestamp":"2026-01-10T07:15:07.694312Z","level":"info","event":"Command exited with return code 0","logger":"airflow.task.hooks.airflow.providers.standard.hooks.subprocess.SubprocessHook","filename":"subprocess.py","lineno":103}
{"timestamp":"2026-01-10T07:15:07.695797Z","level":"info","event":"Pushing xcom","ti":"RuntimeTaskInstance(id=UUID('019ba6c2-3252-72ad-95f2-0f62c87336a4'), task_id='tika_extract', dag_id='multimodal_pipeline', run_id='scheduled__2026-01-10T00:00:00+00:00', try_number=1, dag_version_id=UUID('019ba6c1-ae4b-74c6-8ed7-38c627d13491'), map_index=-1, hostname='bytepaws', context_carrier={}, task=<Task(BashOperator): tika_extract>, bundle_instance=LocalDagBundle(name=dags-folder), max_tries=0, start_date=datetime.datetime(2026, 1, 10, 7, 15, 3, 647277, tzinfo=datetime.timezone.utc), end_date=None, state=<TaskInstanceState.RUNNING: 'running'>, is_mapped=False, rendered_map_index=None)","logger":"task","filename":"task_runner.py","lineno":1370}
{"timestamp":"2026-01-10T07:15:07.809298Z","level":"info","event":"Task instance in success state","logger":"task.stdout"}
{"timestamp":"2026-01-10T07:15:07.809708Z","level":"info","event":" Previous state of the Task instance: TaskInstanceState.RUNNING","logger":"task.stdout"}
{"timestamp":"2026-01-10T07:15:07.810182Z","level":"info","event":"Task operator:<Task(BashOperator): tika_extract>","logger":"task.stdout"}
{"timestamp":"2026-01-10T07:17:21.878541Z","level":"info","event":"DAG bundles loaded: dags-folder, example_dags","logger":"airflow.dag_processing.bundles.manager.DagBundlesManager","filename":"manager.py","lineno":179}
{"timestamp":"2026-01-10T07:17:21.879578Z","level":"info","event":"Filling up the DagBag from /home/nishita/Desktop/IS/BigQueryIS/airflow/dags/multimodal_pipeline.py","logger":"airflow.models.dagbag.DagBag","filename":"dagbag.py","lineno":593}
{"timestamp":"2026-01-10T07:17:21.973757Z","level":"info","event":"Task instance is in running state","logger":"task.stdout"}
{"timestamp":"2026-01-10T07:17:21.974041Z","level":"info","event":" Previous state of the Task instance: TaskInstanceState.QUEUED","logger":"task.stdout"}
{"timestamp":"2026-01-10T07:17:21.974246Z","level":"info","event":"Current task name:tika_extract","logger":"task.stdout"}
{"timestamp":"2026-01-10T07:17:21.974367Z","level":"info","event":"Dag name:multimodal_pipeline","logger":"task.stdout"}
{"timestamp":"2026-01-10T07:17:21.975280Z","level":"info","event":"Tmp dir root location: /tmp","logger":"airflow.task.hooks.airflow.providers.standard.hooks.subprocess.SubprocessHook","filename":"subprocess.py","lineno":78}
{"timestamp":"2026-01-10T07:17:21.976103Z","level":"info","event":"Running command: ['/usr/bin/bash', '-c', '\\n        source cuda/bin/activate\\n        python /home/nishita/Desktop/IS/BigQueryIS/tika_extract.py\\n        ']","logger":"airflow.task.hooks.airflow.providers.standard.hooks.subprocess.SubprocessHook","filename":"subprocess.py","lineno":80}
{"timestamp":"2026-01-10T07:17:21.977429Z","level":"info","event":"Output:","logger":"airflow.task.hooks.airflow.providers.standard.hooks.subprocess.SubprocessHook","filename":"subprocess.py","lineno":92}
{"timestamp":"2026-01-10T07:17:21.979450Z","level":"info","event":"/usr/bin/bash: line 2: cuda/bin/activate: No such file or directory","logger":"airflow.task.hooks.airflow.providers.standard.hooks.subprocess.SubprocessHook","filename":"subprocess.py","lineno":99}
{"timestamp":"2026-01-10T07:17:22.480807Z","level":"info","event":"Tika extraction complete - Extracted info from unstructured data","logger":"airflow.task.hooks.airflow.providers.standard.hooks.subprocess.SubprocessHook","filename":"subprocess.py","lineno":99}
{"timestamp":"2026-01-10T07:17:22.533148Z","level":"info","event":"Command exited with return code 0","logger":"airflow.task.hooks.airflow.providers.standard.hooks.subprocess.SubprocessHook","filename":"subprocess.py","lineno":103}
{"timestamp":"2026-01-10T07:17:22.533892Z","level":"info","event":"Pushing xcom","ti":"RuntimeTaskInstance(id=UUID('019ba6c4-44c0-79ed-8885-8055b50d874b'), task_id='tika_extract', dag_id='multimodal_pipeline', run_id='scheduled__2026-01-10T00:00:00+00:00', try_number=1, dag_version_id=UUID('019ba6c3-e3f8-75fa-97bb-f2fb1b3558f4'), map_index=-1, hostname='bytepaws', context_carrier={}, task=<Task(BashOperator): tika_extract>, bundle_instance=LocalDagBundle(name=dags-folder), max_tries=0, start_date=datetime.datetime(2026, 1, 10, 7, 17, 19, 334393, tzinfo=datetime.timezone.utc), end_date=None, state=<TaskInstanceState.RUNNING: 'running'>, is_mapped=False, rendered_map_index=None)","logger":"task","filename":"task_runner.py","lineno":1370}
{"timestamp":"2026-01-10T07:17:22.935179Z","level":"info","event":"Task instance in success state","logger":"task.stdout"}
{"timestamp":"2026-01-10T07:17:22.935420Z","level":"info","event":" Previous state of the Task instance: TaskInstanceState.RUNNING","logger":"task.stdout"}
{"timestamp":"2026-01-10T07:17:22.935605Z","level":"info","event":"Task operator:<Task(BashOperator): tika_extract>","logger":"task.stdout"}
{"timestamp":"2026-01-10T07:21:56.497421Z","level":"info","event":"DAG bundles loaded: dags-folder, example_dags","logger":"airflow.dag_processing.bundles.manager.DagBundlesManager","filename":"manager.py","lineno":179}
{"timestamp":"2026-01-10T07:21:56.499012Z","level":"info","event":"Filling up the DagBag from /home/nishita/Desktop/IS/BigQueryIS/airflow/dags/multimodal_pipeline.py","logger":"airflow.models.dagbag.DagBag","filename":"dagbag.py","lineno":593}
{"timestamp":"2026-01-10T07:21:56.936224Z","level":"info","event":"Task instance is in running state","logger":"task.stdout"}
{"timestamp":"2026-01-10T07:21:56.936397Z","level":"info","event":" Previous state of the Task instance: TaskInstanceState.QUEUED","logger":"task.stdout"}
{"timestamp":"2026-01-10T07:21:56.936538Z","level":"info","event":"Current task name:tika_extract","logger":"task.stdout"}
{"timestamp":"2026-01-10T07:21:56.936608Z","level":"info","event":"Dag name:multimodal_pipeline","logger":"task.stdout"}
{"timestamp":"2026-01-10T07:21:56.937203Z","level":"info","event":"Tmp dir root location: /tmp","logger":"airflow.task.hooks.airflow.providers.standard.hooks.subprocess.SubprocessHook","filename":"subprocess.py","lineno":78}
{"timestamp":"2026-01-10T07:21:56.937946Z","level":"info","event":"Running command: ['/usr/bin/bash', '-c', '\\n        source cuda/bin/activate\\n        python /home/nishita/Desktop/IS/BigQueryIS/tika_extract.py\\n        ']","logger":"airflow.task.hooks.airflow.providers.standard.hooks.subprocess.SubprocessHook","filename":"subprocess.py","lineno":80}
{"timestamp":"2026-01-10T07:21:56.939091Z","level":"info","event":"Output:","logger":"airflow.task.hooks.airflow.providers.standard.hooks.subprocess.SubprocessHook","filename":"subprocess.py","lineno":92}
{"timestamp":"2026-01-10T07:21:56.940859Z","level":"info","event":"/usr/bin/bash: line 2: cuda/bin/activate: No such file or directory","logger":"airflow.task.hooks.airflow.providers.standard.hooks.subprocess.SubprocessHook","filename":"subprocess.py","lineno":99}
{"timestamp":"2026-01-10T07:21:57.454659Z","level":"info","event":"Tika extraction complete - Extracted info from unstructured data","logger":"airflow.task.hooks.airflow.providers.standard.hooks.subprocess.SubprocessHook","filename":"subprocess.py","lineno":99}
{"timestamp":"2026-01-10T07:21:57.508291Z","level":"info","event":"Command exited with return code 0","logger":"airflow.task.hooks.airflow.providers.standard.hooks.subprocess.SubprocessHook","filename":"subprocess.py","lineno":103}
{"timestamp":"2026-01-10T07:21:57.508970Z","level":"info","event":"Pushing xcom","ti":"RuntimeTaskInstance(id=UUID('019ba6c8-7355-793d-8cae-a9781f19670b'), task_id='tika_extract', dag_id='multimodal_pipeline', run_id='scheduled__2026-01-10T00:00:00+00:00', try_number=1, dag_version_id=UUID('019ba6c8-12c6-747e-94b5-8de71e635472'), map_index=-1, hostname='bytepaws', context_carrier={}, task=<Task(BashOperator): tika_extract>, bundle_instance=LocalDagBundle(name=dags-folder), max_tries=0, start_date=datetime.datetime(2026, 1, 10, 7, 21, 53, 433760, tzinfo=datetime.timezone.utc), end_date=None, state=<TaskInstanceState.RUNNING: 'running'>, is_mapped=False, rendered_map_index=None)","logger":"task","filename":"task_runner.py","lineno":1370}
{"timestamp":"2026-01-10T07:21:57.561171Z","level":"info","event":"Task instance in success state","logger":"task.stdout"}
{"timestamp":"2026-01-10T07:21:57.561404Z","level":"info","event":" Previous state of the Task instance: TaskInstanceState.RUNNING","logger":"task.stdout"}
{"timestamp":"2026-01-10T07:21:57.561582Z","level":"info","event":"Task operator:<Task(BashOperator): tika_extract>","logger":"task.stdout"}
