{"timestamp":"2026-01-10T06:50:54.198389Z","level":"info","event":"DAG bundles loaded: dags-folder, example_dags","logger":"airflow.dag_processing.bundles.manager.DagBundlesManager","filename":"manager.py","lineno":179}
{"timestamp":"2026-01-10T06:50:54.199559Z","level":"info","event":"Filling up the DagBag from /home/nishita/Desktop/IS/BigQueryIS/airflow/dags/multimodal_pipeline.py","logger":"airflow.models.dagbag.DagBag","filename":"dagbag.py","lineno":593}
{"timestamp":"2026-01-10T06:50:54.246456Z","level":"info","event":"Task instance is in running state","logger":"task.stdout"}
{"timestamp":"2026-01-10T06:50:54.246733Z","level":"info","event":" Previous state of the Task instance: TaskInstanceState.QUEUED","logger":"task.stdout"}
{"timestamp":"2026-01-10T06:50:54.246952Z","level":"info","event":"Current task name:spark_fusion","logger":"task.stdout"}
{"timestamp":"2026-01-10T06:50:54.247072Z","level":"info","event":"Dag name:multimodal_pipeline","logger":"task.stdout"}
{"timestamp":"2026-01-10T06:50:54.247550Z","level":"info","event":"Tmp dir root location: /tmp","logger":"airflow.task.hooks.airflow.providers.standard.hooks.subprocess.SubprocessHook","filename":"subprocess.py","lineno":78}
{"timestamp":"2026-01-10T06:50:54.248335Z","level":"info","event":"Running command: ['/usr/bin/bash', '-c', '\\n        source cuda/bin/activate\\n        spark-submit /home/nishita/Desktop/IS/BigQueryIS/spark_fusion.py\\n        ']","logger":"airflow.task.hooks.airflow.providers.standard.hooks.subprocess.SubprocessHook","filename":"subprocess.py","lineno":80}
{"timestamp":"2026-01-10T06:50:54.249628Z","level":"info","event":"Output:","logger":"airflow.task.hooks.airflow.providers.standard.hooks.subprocess.SubprocessHook","filename":"subprocess.py","lineno":92}
{"timestamp":"2026-01-10T06:50:54.251533Z","level":"info","event":"/usr/bin/bash: line 2: cuda/bin/activate: No such file or directory","logger":"airflow.task.hooks.airflow.providers.standard.hooks.subprocess.SubprocessHook","filename":"subprocess.py","lineno":99}
{"timestamp":"2026-01-10T06:50:54.749046Z","level":"info","event":"WARNING: Using incubator modules: jdk.incubator.vector","logger":"airflow.task.hooks.airflow.providers.standard.hooks.subprocess.SubprocessHook","filename":"subprocess.py","lineno":99}
{"timestamp":"2026-01-10T06:50:56.352438Z","level":"info","event":"Using Spark's default log4j profile: org/apache/spark/log4j2-defaults.properties","logger":"airflow.task.hooks.airflow.providers.standard.hooks.subprocess.SubprocessHook","filename":"subprocess.py","lineno":99}
{"timestamp":"2026-01-10T06:50:56.368885Z","level":"info","event":"26/01/10 12:20:56 WARN Utils: Your hostname, bytepaws, resolves to a loopback address: 127.0.1.1; using 10.1.99.109 instead (on interface enx00e06c38efff)","logger":"airflow.task.hooks.airflow.providers.standard.hooks.subprocess.SubprocessHook","filename":"subprocess.py","lineno":99}
{"timestamp":"2026-01-10T06:50:56.376024Z","level":"info","event":"26/01/10 12:20:56 WARN Utils: Set SPARK_LOCAL_IP if you need to bind to another address","logger":"airflow.task.hooks.airflow.providers.standard.hooks.subprocess.SubprocessHook","filename":"subprocess.py","lineno":99}
{"timestamp":"2026-01-10T06:50:58.872497Z","level":"info","event":"Using Spark's default log4j profile: org/apache/spark/log4j2-defaults.properties","logger":"airflow.task.hooks.airflow.providers.standard.hooks.subprocess.SubprocessHook","filename":"subprocess.py","lineno":99}
{"timestamp":"2026-01-10T06:50:58.879777Z","level":"info","event":"26/01/10 12:20:58 INFO SparkContext: Running Spark version 4.0.1","logger":"airflow.task.hooks.airflow.providers.standard.hooks.subprocess.SubprocessHook","filename":"subprocess.py","lineno":99}
{"timestamp":"2026-01-10T06:50:58.882003Z","level":"info","event":"26/01/10 12:20:58 INFO SparkContext: OS info Linux, 6.11.0-29-generic, amd64","logger":"airflow.task.hooks.airflow.providers.standard.hooks.subprocess.SubprocessHook","filename":"subprocess.py","lineno":99}
{"timestamp":"2026-01-10T06:50:58.883237Z","level":"info","event":"26/01/10 12:20:58 INFO SparkContext: Java version 21.0.9","logger":"airflow.task.hooks.airflow.providers.standard.hooks.subprocess.SubprocessHook","filename":"subprocess.py","lineno":99}
{"timestamp":"2026-01-10T06:50:59.035700Z","level":"info","event":"26/01/10 12:20:59 WARN NativeCodeLoader: Unable to load native-hadoop library for your platform... using builtin-java classes where applicable","logger":"airflow.task.hooks.airflow.providers.standard.hooks.subprocess.SubprocessHook","filename":"subprocess.py","lineno":99}
{"timestamp":"2026-01-10T06:50:59.118146Z","level":"info","event":"26/01/10 12:20:59 INFO ResourceUtils: ==============================================================","logger":"airflow.task.hooks.airflow.providers.standard.hooks.subprocess.SubprocessHook","filename":"subprocess.py","lineno":99}
{"timestamp":"2026-01-10T06:50:59.118835Z","level":"info","event":"26/01/10 12:20:59 INFO ResourceUtils: No custom resources configured for spark.driver.","logger":"airflow.task.hooks.airflow.providers.standard.hooks.subprocess.SubprocessHook","filename":"subprocess.py","lineno":99}
{"timestamp":"2026-01-10T06:50:59.119353Z","level":"info","event":"26/01/10 12:20:59 INFO ResourceUtils: ==============================================================","logger":"airflow.task.hooks.airflow.providers.standard.hooks.subprocess.SubprocessHook","filename":"subprocess.py","lineno":99}
{"timestamp":"2026-01-10T06:50:59.120660Z","level":"info","event":"26/01/10 12:20:59 INFO SparkContext: Submitted application: Generic-Multimodal-Fusion","logger":"airflow.task.hooks.airflow.providers.standard.hooks.subprocess.SubprocessHook","filename":"subprocess.py","lineno":99}
{"timestamp":"2026-01-10T06:50:59.163280Z","level":"info","event":"26/01/10 12:20:59 INFO ResourceProfile: Default ResourceProfile created, executor resources: Map(cores -> name: cores, amount: 1, script: , vendor: , memory -> name: memory, amount: 1024, script: , vendor: , offHeap -> name: offHeap, amount: 0, script: , vendor: ), task resources: Map(cpus -> name: cpus, amount: 1.0)","logger":"airflow.task.hooks.airflow.providers.standard.hooks.subprocess.SubprocessHook","filename":"subprocess.py","lineno":99}
{"timestamp":"2026-01-10T06:50:59.168322Z","level":"info","event":"26/01/10 12:20:59 INFO ResourceProfile: Limiting resource is cpu","logger":"airflow.task.hooks.airflow.providers.standard.hooks.subprocess.SubprocessHook","filename":"subprocess.py","lineno":99}
{"timestamp":"2026-01-10T06:50:59.170546Z","level":"info","event":"26/01/10 12:20:59 INFO ResourceProfileManager: Added ResourceProfile id: 0","logger":"airflow.task.hooks.airflow.providers.standard.hooks.subprocess.SubprocessHook","filename":"subprocess.py","lineno":99}
{"timestamp":"2026-01-10T06:50:59.253674Z","level":"info","event":"26/01/10 12:20:59 INFO SecurityManager: Changing view acls to: nishita","logger":"airflow.task.hooks.airflow.providers.standard.hooks.subprocess.SubprocessHook","filename":"subprocess.py","lineno":99}
{"timestamp":"2026-01-10T06:50:59.255929Z","level":"info","event":"26/01/10 12:20:59 INFO SecurityManager: Changing modify acls to: nishita","logger":"airflow.task.hooks.airflow.providers.standard.hooks.subprocess.SubprocessHook","filename":"subprocess.py","lineno":99}
{"timestamp":"2026-01-10T06:50:59.256975Z","level":"info","event":"26/01/10 12:20:59 INFO SecurityManager: Changing view acls groups to: nishita","logger":"airflow.task.hooks.airflow.providers.standard.hooks.subprocess.SubprocessHook","filename":"subprocess.py","lineno":99}
{"timestamp":"2026-01-10T06:50:59.257993Z","level":"info","event":"26/01/10 12:20:59 INFO SecurityManager: Changing modify acls groups to: nishita","logger":"airflow.task.hooks.airflow.providers.standard.hooks.subprocess.SubprocessHook","filename":"subprocess.py","lineno":99}
{"timestamp":"2026-01-10T06:50:59.261144Z","level":"info","event":"26/01/10 12:20:59 INFO SecurityManager: SecurityManager: authentication disabled; ui acls disabled; users with view permissions: nishita groups with view permissions: EMPTY; users with modify permissions: nishita; groups with modify permissions: EMPTY; RPC SSL disabled","logger":"airflow.task.hooks.airflow.providers.standard.hooks.subprocess.SubprocessHook","filename":"subprocess.py","lineno":99}
{"timestamp":"2026-01-10T06:50:59.664717Z","level":"info","event":"26/01/10 12:20:59 INFO Utils: Successfully started service 'sparkDriver' on port 46077.","logger":"airflow.task.hooks.airflow.providers.standard.hooks.subprocess.SubprocessHook","filename":"subprocess.py","lineno":99}
{"timestamp":"2026-01-10T06:50:59.708315Z","level":"info","event":"26/01/10 12:20:59 INFO SparkEnv: Registering MapOutputTracker","logger":"airflow.task.hooks.airflow.providers.standard.hooks.subprocess.SubprocessHook","filename":"subprocess.py","lineno":99}
{"timestamp":"2026-01-10T06:50:59.731035Z","level":"info","event":"26/01/10 12:20:59 INFO SparkEnv: Registering BlockManagerMaster","logger":"airflow.task.hooks.airflow.providers.standard.hooks.subprocess.SubprocessHook","filename":"subprocess.py","lineno":99}
{"timestamp":"2026-01-10T06:50:59.755884Z","level":"info","event":"26/01/10 12:20:59 INFO BlockManagerMasterEndpoint: Using org.apache.spark.storage.DefaultTopologyMapper for getting topology information","logger":"airflow.task.hooks.airflow.providers.standard.hooks.subprocess.SubprocessHook","filename":"subprocess.py","lineno":99}
{"timestamp":"2026-01-10T06:50:59.756856Z","level":"info","event":"26/01/10 12:20:59 INFO BlockManagerMasterEndpoint: BlockManagerMasterEndpoint up","logger":"airflow.task.hooks.airflow.providers.standard.hooks.subprocess.SubprocessHook","filename":"subprocess.py","lineno":99}
{"timestamp":"2026-01-10T06:50:59.762145Z","level":"info","event":"26/01/10 12:20:59 INFO SparkEnv: Registering BlockManagerMasterHeartbeat","logger":"airflow.task.hooks.airflow.providers.standard.hooks.subprocess.SubprocessHook","filename":"subprocess.py","lineno":99}
{"timestamp":"2026-01-10T06:50:59.798003Z","level":"info","event":"26/01/10 12:20:59 INFO DiskBlockManager: Created local directory at /tmp/blockmgr-8592a1ef-1d08-43d3-bc78-b15349d11c5d","logger":"airflow.task.hooks.airflow.providers.standard.hooks.subprocess.SubprocessHook","filename":"subprocess.py","lineno":99}
{"timestamp":"2026-01-10T06:50:59.833732Z","level":"info","event":"26/01/10 12:20:59 INFO SparkEnv: Registering OutputCommitCoordinator","logger":"airflow.task.hooks.airflow.providers.standard.hooks.subprocess.SubprocessHook","filename":"subprocess.py","lineno":99}
{"timestamp":"2026-01-10T06:51:00.029000Z","level":"info","event":"26/01/10 12:21:00 INFO JettyUtils: Start Jetty 0.0.0.0:4040 for SparkUI","logger":"airflow.task.hooks.airflow.providers.standard.hooks.subprocess.SubprocessHook","filename":"subprocess.py","lineno":99}
{"timestamp":"2026-01-10T06:51:00.202959Z","level":"info","event":"26/01/10 12:21:00 INFO Utils: Successfully started service 'SparkUI' on port 4040.","logger":"airflow.task.hooks.airflow.providers.standard.hooks.subprocess.SubprocessHook","filename":"subprocess.py","lineno":99}
{"timestamp":"2026-01-10T06:51:00.326417Z","level":"info","event":"26/01/10 12:21:00 INFO SecurityManager: Changing view acls to: nishita","logger":"airflow.task.hooks.airflow.providers.standard.hooks.subprocess.SubprocessHook","filename":"subprocess.py","lineno":99}
{"timestamp":"2026-01-10T06:51:00.326752Z","level":"info","event":"26/01/10 12:21:00 INFO SecurityManager: Changing modify acls to: nishita","logger":"airflow.task.hooks.airflow.providers.standard.hooks.subprocess.SubprocessHook","filename":"subprocess.py","lineno":99}
{"timestamp":"2026-01-10T06:51:00.326908Z","level":"info","event":"26/01/10 12:21:00 INFO SecurityManager: Changing view acls groups to: nishita","logger":"airflow.task.hooks.airflow.providers.standard.hooks.subprocess.SubprocessHook","filename":"subprocess.py","lineno":99}
{"timestamp":"2026-01-10T06:51:00.327154Z","level":"info","event":"26/01/10 12:21:00 INFO SecurityManager: Changing modify acls groups to: nishita","logger":"airflow.task.hooks.airflow.providers.standard.hooks.subprocess.SubprocessHook","filename":"subprocess.py","lineno":99}
{"timestamp":"2026-01-10T06:51:00.327623Z","level":"info","event":"26/01/10 12:21:00 INFO SecurityManager: SecurityManager: authentication disabled; ui acls disabled; users with view permissions: nishita groups with view permissions: EMPTY; users with modify permissions: nishita; groups with modify permissions: EMPTY; RPC SSL disabled","logger":"airflow.task.hooks.airflow.providers.standard.hooks.subprocess.SubprocessHook","filename":"subprocess.py","lineno":99}
{"timestamp":"2026-01-10T06:51:00.671721Z","level":"info","event":"26/01/10 12:21:00 INFO Executor: Starting executor ID driver on host 10.1.99.109","logger":"airflow.task.hooks.airflow.providers.standard.hooks.subprocess.SubprocessHook","filename":"subprocess.py","lineno":99}
{"timestamp":"2026-01-10T06:51:00.673260Z","level":"info","event":"26/01/10 12:21:00 INFO Executor: OS info Linux, 6.11.0-29-generic, amd64","logger":"airflow.task.hooks.airflow.providers.standard.hooks.subprocess.SubprocessHook","filename":"subprocess.py","lineno":99}
{"timestamp":"2026-01-10T06:51:00.674588Z","level":"info","event":"26/01/10 12:21:00 INFO Executor: Java version 21.0.9","logger":"airflow.task.hooks.airflow.providers.standard.hooks.subprocess.SubprocessHook","filename":"subprocess.py","lineno":99}
{"timestamp":"2026-01-10T06:51:00.715751Z","level":"info","event":"26/01/10 12:21:00 INFO Executor: Starting executor with user classpath (userClassPathFirst = false): ''","logger":"airflow.task.hooks.airflow.providers.standard.hooks.subprocess.SubprocessHook","filename":"subprocess.py","lineno":99}
{"timestamp":"2026-01-10T06:51:00.719583Z","level":"info","event":"26/01/10 12:21:00 INFO Executor: Created or updated repl class loader org.apache.spark.util.MutableURLClassLoader@e2ef159 for default.","logger":"airflow.task.hooks.airflow.providers.standard.hooks.subprocess.SubprocessHook","filename":"subprocess.py","lineno":99}
{"timestamp":"2026-01-10T06:51:00.781427Z","level":"info","event":"26/01/10 12:21:00 INFO Utils: Successfully started service 'org.apache.spark.network.netty.NettyBlockTransferService' on port 42799.","logger":"airflow.task.hooks.airflow.providers.standard.hooks.subprocess.SubprocessHook","filename":"subprocess.py","lineno":99}
{"timestamp":"2026-01-10T06:51:00.804718Z","level":"info","event":"26/01/10 12:21:00 INFO NettyBlockTransferService: Server created on 10.1.99.109:42799","logger":"airflow.task.hooks.airflow.providers.standard.hooks.subprocess.SubprocessHook","filename":"subprocess.py","lineno":99}
{"timestamp":"2026-01-10T06:51:00.812729Z","level":"info","event":"26/01/10 12:21:00 INFO BlockManager: Using org.apache.spark.storage.RandomBlockReplicationPolicy for block replication policy","logger":"airflow.task.hooks.airflow.providers.standard.hooks.subprocess.SubprocessHook","filename":"subprocess.py","lineno":99}
{"timestamp":"2026-01-10T06:51:00.862910Z","level":"info","event":"26/01/10 12:21:00 INFO BlockManagerMaster: Registering BlockManager BlockManagerId(driver, 10.1.99.109, 42799, None)","logger":"airflow.task.hooks.airflow.providers.standard.hooks.subprocess.SubprocessHook","filename":"subprocess.py","lineno":99}
{"timestamp":"2026-01-10T06:51:00.878539Z","level":"info","event":"26/01/10 12:21:00 INFO BlockManagerMasterEndpoint: Registering block manager 10.1.99.109:42799 with 434.4 MiB RAM, BlockManagerId(driver, 10.1.99.109, 42799, None)","logger":"airflow.task.hooks.airflow.providers.standard.hooks.subprocess.SubprocessHook","filename":"subprocess.py","lineno":99}
{"timestamp":"2026-01-10T06:51:00.885850Z","level":"info","event":"26/01/10 12:21:00 INFO BlockManagerMaster: Registered BlockManager BlockManagerId(driver, 10.1.99.109, 42799, None)","logger":"airflow.task.hooks.airflow.providers.standard.hooks.subprocess.SubprocessHook","filename":"subprocess.py","lineno":99}
{"timestamp":"2026-01-10T06:51:00.889562Z","level":"info","event":"26/01/10 12:21:00 INFO BlockManager: Initialized BlockManager: BlockManagerId(driver, 10.1.99.109, 42799, None)","logger":"airflow.task.hooks.airflow.providers.standard.hooks.subprocess.SubprocessHook","filename":"subprocess.py","lineno":99}
{"timestamp":"2026-01-10T06:51:05.433863Z","level":"info","event":"26/01/10 12:21:05 INFO SharedState: Setting hive.metastore.warehouse.dir ('null') to the value of spark.sql.warehouse.dir.","logger":"airflow.task.hooks.airflow.providers.standard.hooks.subprocess.SubprocessHook","filename":"subprocess.py","lineno":99}
{"timestamp":"2026-01-10T06:51:05.458468Z","level":"info","event":"26/01/10 12:21:05 INFO SharedState: Warehouse path is 'file:/tmp/airflowtmpalbznsqm/spark-warehouse'.","logger":"airflow.task.hooks.airflow.providers.standard.hooks.subprocess.SubprocessHook","filename":"subprocess.py","lineno":99}
{"timestamp":"2026-01-10T06:51:06.902641Z","level":"info","event":"26/01/10 12:21:06 INFO InMemoryFileIndex: It took 40 ms to list leaf files for 1 paths.","logger":"airflow.task.hooks.airflow.providers.standard.hooks.subprocess.SubprocessHook","filename":"subprocess.py","lineno":99}
{"timestamp":"2026-01-10T06:51:06.965073Z","level":"info","event":"26/01/10 12:21:06 INFO InMemoryFileIndex: It took 2 ms to list leaf files for 1 paths.","logger":"airflow.task.hooks.airflow.providers.standard.hooks.subprocess.SubprocessHook","filename":"subprocess.py","lineno":99}
{"timestamp":"2026-01-10T06:51:07.996732Z","level":"info","event":"26/01/10 12:21:07 INFO FileSourceStrategy: Pushed Filters:","logger":"airflow.task.hooks.airflow.providers.standard.hooks.subprocess.SubprocessHook","filename":"subprocess.py","lineno":99}
{"timestamp":"2026-01-10T06:51:08.002707Z","level":"info","event":"26/01/10 12:21:08 INFO FileSourceStrategy: Post-Scan Filters: Set((length(trim(value#0, None)) > 0))","logger":"airflow.task.hooks.airflow.providers.standard.hooks.subprocess.SubprocessHook","filename":"subprocess.py","lineno":99}
{"timestamp":"2026-01-10T06:51:08.776107Z","level":"info","event":"26/01/10 12:21:08 INFO CodeGenerator: Code generated in 401.054912 ms","logger":"airflow.task.hooks.airflow.providers.standard.hooks.subprocess.SubprocessHook","filename":"subprocess.py","lineno":99}
{"timestamp":"2026-01-10T06:51:08.815033Z","level":"info","event":"26/01/10 12:21:08 INFO MemoryStore: MemoryStore started with capacity 434.4 MiB","logger":"airflow.task.hooks.airflow.providers.standard.hooks.subprocess.SubprocessHook","filename":"subprocess.py","lineno":99}
{"timestamp":"2026-01-10T06:51:08.861344Z","level":"info","event":"26/01/10 12:21:08 INFO MemoryStore: Block broadcast_0 stored as values in memory (estimated size 214.3 KiB, free 434.2 MiB)","logger":"airflow.task.hooks.airflow.providers.standard.hooks.subprocess.SubprocessHook","filename":"subprocess.py","lineno":99}
{"timestamp":"2026-01-10T06:51:08.946275Z","level":"info","event":"26/01/10 12:21:08 INFO MemoryStore: Block broadcast_0_piece0 stored as bytes in memory (estimated size 38.7 KiB, free 434.2 MiB)","logger":"airflow.task.hooks.airflow.providers.standard.hooks.subprocess.SubprocessHook","filename":"subprocess.py","lineno":99}
{"timestamp":"2026-01-10T06:51:08.958263Z","level":"info","event":"26/01/10 12:21:08 INFO SparkContext: Created broadcast 0 from csv at NativeMethodAccessorImpl.java:0","logger":"airflow.task.hooks.airflow.providers.standard.hooks.subprocess.SubprocessHook","filename":"subprocess.py","lineno":99}
{"timestamp":"2026-01-10T06:51:08.981673Z","level":"info","event":"26/01/10 12:21:08 INFO FileSourceScanExec: Planning scan with bin packing, max size: 4194304 bytes, open cost is considered as scanning 4194304 bytes.","logger":"airflow.task.hooks.airflow.providers.standard.hooks.subprocess.SubprocessHook","filename":"subprocess.py","lineno":99}
{"timestamp":"2026-01-10T06:51:09.174385Z","level":"info","event":"26/01/10 12:21:09 INFO SparkContext: Starting job: csv at NativeMethodAccessorImpl.java:0","logger":"airflow.task.hooks.airflow.providers.standard.hooks.subprocess.SubprocessHook","filename":"subprocess.py","lineno":99}
{"timestamp":"2026-01-10T06:51:09.195901Z","level":"info","event":"26/01/10 12:21:09 INFO DAGScheduler: Got job 0 (csv at NativeMethodAccessorImpl.java:0) with 1 output partitions","logger":"airflow.task.hooks.airflow.providers.standard.hooks.subprocess.SubprocessHook","filename":"subprocess.py","lineno":99}
{"timestamp":"2026-01-10T06:51:09.198193Z","level":"info","event":"26/01/10 12:21:09 INFO DAGScheduler: Final stage: ResultStage 0 (csv at NativeMethodAccessorImpl.java:0)","logger":"airflow.task.hooks.airflow.providers.standard.hooks.subprocess.SubprocessHook","filename":"subprocess.py","lineno":99}
{"timestamp":"2026-01-10T06:51:09.199447Z","level":"info","event":"26/01/10 12:21:09 INFO DAGScheduler: Parents of final stage: List()","logger":"airflow.task.hooks.airflow.providers.standard.hooks.subprocess.SubprocessHook","filename":"subprocess.py","lineno":99}
{"timestamp":"2026-01-10T06:51:09.201833Z","level":"info","event":"26/01/10 12:21:09 INFO DAGScheduler: Missing parents: List()","logger":"airflow.task.hooks.airflow.providers.standard.hooks.subprocess.SubprocessHook","filename":"subprocess.py","lineno":99}
{"timestamp":"2026-01-10T06:51:09.207464Z","level":"info","event":"26/01/10 12:21:09 INFO DAGScheduler: Submitting ResultStage 0 (MapPartitionsRDD[3] at csv at NativeMethodAccessorImpl.java:0), which has no missing parents","logger":"airflow.task.hooks.airflow.providers.standard.hooks.subprocess.SubprocessHook","filename":"subprocess.py","lineno":99}
{"timestamp":"2026-01-10T06:51:09.323290Z","level":"info","event":"26/01/10 12:21:09 INFO MemoryStore: Block broadcast_1 stored as values in memory (estimated size 14.3 KiB, free 434.1 MiB)","logger":"airflow.task.hooks.airflow.providers.standard.hooks.subprocess.SubprocessHook","filename":"subprocess.py","lineno":99}
{"timestamp":"2026-01-10T06:51:09.325784Z","level":"info","event":"26/01/10 12:21:09 INFO MemoryStore: Block broadcast_1_piece0 stored as bytes in memory (estimated size 6.8 KiB, free 434.1 MiB)","logger":"airflow.task.hooks.airflow.providers.standard.hooks.subprocess.SubprocessHook","filename":"subprocess.py","lineno":99}
{"timestamp":"2026-01-10T06:51:09.327598Z","level":"info","event":"26/01/10 12:21:09 INFO SparkContext: Created broadcast 1 from broadcast at DAGScheduler.scala:1676","logger":"airflow.task.hooks.airflow.providers.standard.hooks.subprocess.SubprocessHook","filename":"subprocess.py","lineno":99}
{"timestamp":"2026-01-10T06:51:09.363149Z","level":"info","event":"26/01/10 12:21:09 INFO DAGScheduler: Submitting 1 missing tasks from ResultStage 0 (MapPartitionsRDD[3] at csv at NativeMethodAccessorImpl.java:0) (first 15 tasks are for partitions Vector(0))","logger":"airflow.task.hooks.airflow.providers.standard.hooks.subprocess.SubprocessHook","filename":"subprocess.py","lineno":99}
{"timestamp":"2026-01-10T06:51:09.367865Z","level":"info","event":"26/01/10 12:21:09 INFO TaskSchedulerImpl: Adding task set 0.0 with 1 tasks resource profile 0","logger":"airflow.task.hooks.airflow.providers.standard.hooks.subprocess.SubprocessHook","filename":"subprocess.py","lineno":99}
{"timestamp":"2026-01-10T06:51:09.417883Z","level":"info","event":"26/01/10 12:21:09 INFO TaskSetManager: Starting task 0.0 in stage 0.0 (TID 0) (10.1.99.109,executor driver, partition 0, PROCESS_LOCAL, 10265 bytes)","logger":"airflow.task.hooks.airflow.providers.standard.hooks.subprocess.SubprocessHook","filename":"subprocess.py","lineno":99}
{"timestamp":"2026-01-10T06:51:09.443285Z","level":"info","event":"26/01/10 12:21:09 INFO Executor: Running task 0.0 in stage 0.0 (TID 0)","logger":"airflow.task.hooks.airflow.providers.standard.hooks.subprocess.SubprocessHook","filename":"subprocess.py","lineno":99}
{"timestamp":"2026-01-10T06:51:09.612411Z","level":"info","event":"26/01/10 12:21:09 INFO CodeGenerator: Code generated in 21.06761 ms","logger":"airflow.task.hooks.airflow.providers.standard.hooks.subprocess.SubprocessHook","filename":"subprocess.py","lineno":99}
{"timestamp":"2026-01-10T06:51:09.622924Z","level":"info","event":"26/01/10 12:21:09 INFO FileScanRDD: Reading File path: file:///home/nishita/Desktop/IS/BigQueryIS/data/structured/diabetes.csv, range: 0-128, partition values: [empty row]","logger":"airflow.task.hooks.airflow.providers.standard.hooks.subprocess.SubprocessHook","filename":"subprocess.py","lineno":99}
{"timestamp":"2026-01-10T06:51:09.650902Z","level":"info","event":"26/01/10 12:21:09 INFO CodeGenerator: Code generated in 17.547602 ms","logger":"airflow.task.hooks.airflow.providers.standard.hooks.subprocess.SubprocessHook","filename":"subprocess.py","lineno":99}
{"timestamp":"2026-01-10T06:51:09.761393Z","level":"info","event":"26/01/10 12:21:09 INFO Executor: Finished task 0.0 in stage 0.0 (TID 0). 1727 bytes result sent to driver","logger":"airflow.task.hooks.airflow.providers.standard.hooks.subprocess.SubprocessHook","filename":"subprocess.py","lineno":99}
{"timestamp":"2026-01-10T06:51:09.779620Z","level":"info","event":"26/01/10 12:21:09 INFO TaskSetManager: Finished task 0.0 in stage 0.0 (TID 0) in 383 ms on 10.1.99.109 (executor driver) (1/1)","logger":"airflow.task.hooks.airflow.providers.standard.hooks.subprocess.SubprocessHook","filename":"subprocess.py","lineno":99}
{"timestamp":"2026-01-10T06:51:09.783760Z","level":"info","event":"26/01/10 12:21:09 INFO TaskSchedulerImpl: Removed TaskSet 0.0 whose tasks have all completed, from pool","logger":"airflow.task.hooks.airflow.providers.standard.hooks.subprocess.SubprocessHook","filename":"subprocess.py","lineno":99}
{"timestamp":"2026-01-10T06:51:09.794032Z","level":"info","event":"26/01/10 12:21:09 INFO DAGScheduler: ResultStage 0 (csv at NativeMethodAccessorImpl.java:0) finished in 568 ms","logger":"airflow.task.hooks.airflow.providers.standard.hooks.subprocess.SubprocessHook","filename":"subprocess.py","lineno":99}
{"timestamp":"2026-01-10T06:51:09.801214Z","level":"info","event":"26/01/10 12:21:09 INFO DAGScheduler: Job 0 is finished. Cancelling potential speculative or zombie tasks for this job","logger":"airflow.task.hooks.airflow.providers.standard.hooks.subprocess.SubprocessHook","filename":"subprocess.py","lineno":99}
{"timestamp":"2026-01-10T06:51:09.801907Z","level":"info","event":"26/01/10 12:21:09 INFO TaskSchedulerImpl: Canceling stage 0","logger":"airflow.task.hooks.airflow.providers.standard.hooks.subprocess.SubprocessHook","filename":"subprocess.py","lineno":99}
{"timestamp":"2026-01-10T06:51:09.803668Z","level":"info","event":"26/01/10 12:21:09 INFO TaskSchedulerImpl: Killing all running tasks in stage 0: Stage finished","logger":"airflow.task.hooks.airflow.providers.standard.hooks.subprocess.SubprocessHook","filename":"subprocess.py","lineno":99}
{"timestamp":"2026-01-10T06:51:09.807519Z","level":"info","event":"26/01/10 12:21:09 INFO DAGScheduler: Job 0 finished: csv at NativeMethodAccessorImpl.java:0, took 632.636893 ms","logger":"airflow.task.hooks.airflow.providers.standard.hooks.subprocess.SubprocessHook","filename":"subprocess.py","lineno":99}
{"timestamp":"2026-01-10T06:51:09.844868Z","level":"info","event":"26/01/10 12:21:09 INFO CodeGenerator: Code generated in 17.179267 ms","logger":"airflow.task.hooks.airflow.providers.standard.hooks.subprocess.SubprocessHook","filename":"subprocess.py","lineno":99}
{"timestamp":"2026-01-10T06:51:09.919726Z","level":"info","event":"26/01/10 12:21:09 INFO FileSourceStrategy: Pushed Filters:","logger":"airflow.task.hooks.airflow.providers.standard.hooks.subprocess.SubprocessHook","filename":"subprocess.py","lineno":99}
{"timestamp":"2026-01-10T06:51:09.919990Z","level":"info","event":"26/01/10 12:21:09 INFO FileSourceStrategy: Post-Scan Filters: Set()","logger":"airflow.task.hooks.airflow.providers.standard.hooks.subprocess.SubprocessHook","filename":"subprocess.py","lineno":99}
{"timestamp":"2026-01-10T06:51:09.937102Z","level":"info","event":"26/01/10 12:21:09 INFO MemoryStore: Block broadcast_2 stored as values in memory (estimated size 214.3 KiB, free 433.9 MiB)","logger":"airflow.task.hooks.airflow.providers.standard.hooks.subprocess.SubprocessHook","filename":"subprocess.py","lineno":99}
{"timestamp":"2026-01-10T06:51:09.956456Z","level":"info","event":"26/01/10 12:21:09 INFO MemoryStore: Block broadcast_2_piece0 stored as bytes in memory (estimated size 38.7 KiB, free 433.9 MiB)","logger":"airflow.task.hooks.airflow.providers.standard.hooks.subprocess.SubprocessHook","filename":"subprocess.py","lineno":99}
{"timestamp":"2026-01-10T06:51:09.958654Z","level":"info","event":"26/01/10 12:21:09 INFO SparkContext: Created broadcast 2 from csv at NativeMethodAccessorImpl.java:0","logger":"airflow.task.hooks.airflow.providers.standard.hooks.subprocess.SubprocessHook","filename":"subprocess.py","lineno":99}
{"timestamp":"2026-01-10T06:51:09.960260Z","level":"info","event":"26/01/10 12:21:09 INFO FileSourceScanExec: Planning scan with bin packing, max size: 4194304 bytes, open cost is considered as scanning 4194304 bytes.","logger":"airflow.task.hooks.airflow.providers.standard.hooks.subprocess.SubprocessHook","filename":"subprocess.py","lineno":99}
{"timestamp":"2026-01-10T06:51:10.071247Z","level":"info","event":"26/01/10 12:21:10 INFO SparkContext: Starting job: csv at NativeMethodAccessorImpl.java:0","logger":"airflow.task.hooks.airflow.providers.standard.hooks.subprocess.SubprocessHook","filename":"subprocess.py","lineno":99}
{"timestamp":"2026-01-10T06:51:10.073418Z","level":"info","event":"26/01/10 12:21:10 INFO DAGScheduler: Got job 1 (csv at NativeMethodAccessorImpl.java:0) with 1 output partitions","logger":"airflow.task.hooks.airflow.providers.standard.hooks.subprocess.SubprocessHook","filename":"subprocess.py","lineno":99}
{"timestamp":"2026-01-10T06:51:10.073790Z","level":"info","event":"26/01/10 12:21:10 INFO DAGScheduler: Final stage: ResultStage 1 (csv at NativeMethodAccessorImpl.java:0)","logger":"airflow.task.hooks.airflow.providers.standard.hooks.subprocess.SubprocessHook","filename":"subprocess.py","lineno":99}
{"timestamp":"2026-01-10T06:51:10.074224Z","level":"info","event":"26/01/10 12:21:10 INFO DAGScheduler: Parents of final stage: List()","logger":"airflow.task.hooks.airflow.providers.standard.hooks.subprocess.SubprocessHook","filename":"subprocess.py","lineno":99}
{"timestamp":"2026-01-10T06:51:10.075046Z","level":"info","event":"26/01/10 12:21:10 INFO DAGScheduler: Missing parents: List()","logger":"airflow.task.hooks.airflow.providers.standard.hooks.subprocess.SubprocessHook","filename":"subprocess.py","lineno":99}
{"timestamp":"2026-01-10T06:51:10.076387Z","level":"info","event":"26/01/10 12:21:10 INFO DAGScheduler: Submitting ResultStage 1 (MapPartitionsRDD[9] at csv at NativeMethodAccessorImpl.java:0), which has no missing parents","logger":"airflow.task.hooks.airflow.providers.standard.hooks.subprocess.SubprocessHook","filename":"subprocess.py","lineno":99}
{"timestamp":"2026-01-10T06:51:10.114813Z","level":"info","event":"26/01/10 12:21:10 INFO MemoryStore: Block broadcast_3 stored as values in memory (estimated size 22.6 KiB, free 433.9 MiB)","logger":"airflow.task.hooks.airflow.providers.standard.hooks.subprocess.SubprocessHook","filename":"subprocess.py","lineno":99}
{"timestamp":"2026-01-10T06:51:10.125695Z","level":"info","event":"26/01/10 12:21:10 INFO MemoryStore: Block broadcast_3_piece0 stored as bytes in memory (estimated size 10.3 KiB, free 433.9 MiB)","logger":"airflow.task.hooks.airflow.providers.standard.hooks.subprocess.SubprocessHook","filename":"subprocess.py","lineno":99}
{"timestamp":"2026-01-10T06:51:10.127735Z","level":"info","event":"26/01/10 12:21:10 INFO SparkContext: Created broadcast 3 from broadcast at DAGScheduler.scala:1676","logger":"airflow.task.hooks.airflow.providers.standard.hooks.subprocess.SubprocessHook","filename":"subprocess.py","lineno":99}
{"timestamp":"2026-01-10T06:51:10.130014Z","level":"info","event":"26/01/10 12:21:10 INFO DAGScheduler: Submitting 1 missing tasks from ResultStage 1 (MapPartitionsRDD[9] at csv at NativeMethodAccessorImpl.java:0) (first 15 tasks are for partitions Vector(0))","logger":"airflow.task.hooks.airflow.providers.standard.hooks.subprocess.SubprocessHook","filename":"subprocess.py","lineno":99}
{"timestamp":"2026-01-10T06:51:10.130330Z","level":"info","event":"26/01/10 12:21:10 INFO TaskSchedulerImpl: Adding task set 1.0 with 1 tasks resource profile 0","logger":"airflow.task.hooks.airflow.providers.standard.hooks.subprocess.SubprocessHook","filename":"subprocess.py","lineno":99}
{"timestamp":"2026-01-10T06:51:10.134828Z","level":"info","event":"26/01/10 12:21:10 INFO TaskSetManager: Starting task 0.0 in stage 1.0 (TID 1) (10.1.99.109,executor driver, partition 0, PROCESS_LOCAL, 10265 bytes)","logger":"airflow.task.hooks.airflow.providers.standard.hooks.subprocess.SubprocessHook","filename":"subprocess.py","lineno":99}
{"timestamp":"2026-01-10T06:51:10.136765Z","level":"info","event":"26/01/10 12:21:10 INFO Executor: Running task 0.0 in stage 1.0 (TID 1)","logger":"airflow.task.hooks.airflow.providers.standard.hooks.subprocess.SubprocessHook","filename":"subprocess.py","lineno":99}
{"timestamp":"2026-01-10T06:51:10.233516Z","level":"info","event":"26/01/10 12:21:10 INFO CodeGenerator: Code generated in 20.13349 ms","logger":"airflow.task.hooks.airflow.providers.standard.hooks.subprocess.SubprocessHook","filename":"subprocess.py","lineno":99}
{"timestamp":"2026-01-10T06:51:10.237410Z","level":"info","event":"26/01/10 12:21:10 INFO FileScanRDD: Reading File path: file:///home/nishita/Desktop/IS/BigQueryIS/data/structured/diabetes.csv, range: 0-128, partition values: [empty row]","logger":"airflow.task.hooks.airflow.providers.standard.hooks.subprocess.SubprocessHook","filename":"subprocess.py","lineno":99}
{"timestamp":"2026-01-10T06:51:10.262798Z","level":"info","event":"26/01/10 12:21:10 INFO Executor: Finished task 0.0 in stage 1.0 (TID 1). 1954 bytes result sent to driver","logger":"airflow.task.hooks.airflow.providers.standard.hooks.subprocess.SubprocessHook","filename":"subprocess.py","lineno":99}
{"timestamp":"2026-01-10T06:51:10.267472Z","level":"info","event":"26/01/10 12:21:10 INFO TaskSetManager: Finished task 0.0 in stage 1.0 (TID 1) in 133 ms on 10.1.99.109 (executor driver) (1/1)","logger":"airflow.task.hooks.airflow.providers.standard.hooks.subprocess.SubprocessHook","filename":"subprocess.py","lineno":99}
{"timestamp":"2026-01-10T06:51:10.267754Z","level":"info","event":"26/01/10 12:21:10 INFO TaskSchedulerImpl: Removed TaskSet 1.0 whose tasks have all completed, from pool","logger":"airflow.task.hooks.airflow.providers.standard.hooks.subprocess.SubprocessHook","filename":"subprocess.py","lineno":99}
{"timestamp":"2026-01-10T06:51:10.269089Z","level":"info","event":"26/01/10 12:21:10 INFO DAGScheduler: ResultStage 1 (csv at NativeMethodAccessorImpl.java:0) finished in 191 ms","logger":"airflow.task.hooks.airflow.providers.standard.hooks.subprocess.SubprocessHook","filename":"subprocess.py","lineno":99}
{"timestamp":"2026-01-10T06:51:10.269805Z","level":"info","event":"26/01/10 12:21:10 INFO DAGScheduler: Job 1 is finished. Cancelling potential speculative or zombie tasks for this job","logger":"airflow.task.hooks.airflow.providers.standard.hooks.subprocess.SubprocessHook","filename":"subprocess.py","lineno":99}
{"timestamp":"2026-01-10T06:51:10.270032Z","level":"info","event":"26/01/10 12:21:10 INFO TaskSchedulerImpl: Canceling stage 1","logger":"airflow.task.hooks.airflow.providers.standard.hooks.subprocess.SubprocessHook","filename":"subprocess.py","lineno":99}
{"timestamp":"2026-01-10T06:51:10.270390Z","level":"info","event":"26/01/10 12:21:10 INFO TaskSchedulerImpl: Killing all running tasks in stage 1: Stage finished","logger":"airflow.task.hooks.airflow.providers.standard.hooks.subprocess.SubprocessHook","filename":"subprocess.py","lineno":99}
{"timestamp":"2026-01-10T06:51:10.272640Z","level":"info","event":"26/01/10 12:21:10 INFO DAGScheduler: Job 1 finished: csv at NativeMethodAccessorImpl.java:0, took 200.897632 ms","logger":"airflow.task.hooks.airflow.providers.standard.hooks.subprocess.SubprocessHook","filename":"subprocess.py","lineno":99}
{"timestamp":"2026-01-10T06:51:10.481651Z","level":"info","event":"26/01/10 12:21:10 INFO InMemoryFileIndex: It took 9 ms to list leaf files for 1 paths.","logger":"airflow.task.hooks.airflow.providers.standard.hooks.subprocess.SubprocessHook","filename":"subprocess.py","lineno":99}
{"timestamp":"2026-01-10T06:51:10.545555Z","level":"info","event":"26/01/10 12:21:10 INFO MemoryStore: Block broadcast_4 stored as values in memory (estimated size 214.6 KiB, free 433.9 MiB)","logger":"airflow.task.hooks.airflow.providers.standard.hooks.subprocess.SubprocessHook","filename":"subprocess.py","lineno":99}
{"timestamp":"2026-01-10T06:51:10.576660Z","level":"info","event":"26/01/10 12:21:10 INFO MemoryStore: Block broadcast_4_piece0 stored as bytes in memory (estimated size 38.7 KiB, free 433.9 MiB)","logger":"airflow.task.hooks.airflow.providers.standard.hooks.subprocess.SubprocessHook","filename":"subprocess.py","lineno":99}
{"timestamp":"2026-01-10T06:51:10.579349Z","level":"info","event":"26/01/10 12:21:10 INFO SparkContext: Created broadcast 4 from json at NativeMethodAccessorImpl.java:0","logger":"airflow.task.hooks.airflow.providers.standard.hooks.subprocess.SubprocessHook","filename":"subprocess.py","lineno":99}
{"timestamp":"2026-01-10T06:51:10.676370Z","level":"info","event":"26/01/10 12:21:10 INFO FileInputFormat: Total input files to process : 1","logger":"airflow.task.hooks.airflow.providers.standard.hooks.subprocess.SubprocessHook","filename":"subprocess.py","lineno":99}
{"timestamp":"2026-01-10T06:51:10.680938Z","level":"info","event":"26/01/10 12:21:10 INFO FileInputFormat: Total input files to process : 1","logger":"airflow.task.hooks.airflow.providers.standard.hooks.subprocess.SubprocessHook","filename":"subprocess.py","lineno":99}
{"timestamp":"2026-01-10T06:51:10.708828Z","level":"info","event":"26/01/10 12:21:10 INFO SparkContext: Starting job: json at NativeMethodAccessorImpl.java:0","logger":"airflow.task.hooks.airflow.providers.standard.hooks.subprocess.SubprocessHook","filename":"subprocess.py","lineno":99}
{"timestamp":"2026-01-10T06:51:10.710876Z","level":"info","event":"26/01/10 12:21:10 INFO DAGScheduler: Got job 2 (json at NativeMethodAccessorImpl.java:0) with 1 output partitions","logger":"airflow.task.hooks.airflow.providers.standard.hooks.subprocess.SubprocessHook","filename":"subprocess.py","lineno":99}
{"timestamp":"2026-01-10T06:51:10.711155Z","level":"info","event":"26/01/10 12:21:10 INFO DAGScheduler: Final stage: ResultStage 2 (json at NativeMethodAccessorImpl.java:0)","logger":"airflow.task.hooks.airflow.providers.standard.hooks.subprocess.SubprocessHook","filename":"subprocess.py","lineno":99}
{"timestamp":"2026-01-10T06:51:10.711304Z","level":"info","event":"26/01/10 12:21:10 INFO DAGScheduler: Parents of final stage: List()","logger":"airflow.task.hooks.airflow.providers.standard.hooks.subprocess.SubprocessHook","filename":"subprocess.py","lineno":99}
{"timestamp":"2026-01-10T06:51:10.711814Z","level":"info","event":"26/01/10 12:21:10 INFO DAGScheduler: Missing parents: List()","logger":"airflow.task.hooks.airflow.providers.standard.hooks.subprocess.SubprocessHook","filename":"subprocess.py","lineno":99}
{"timestamp":"2026-01-10T06:51:10.712783Z","level":"info","event":"26/01/10 12:21:10 INFO DAGScheduler: Submitting ResultStage 2 (MapPartitionsRDD[12] at json at NativeMethodAccessorImpl.java:0), which has no missing parents","logger":"airflow.task.hooks.airflow.providers.standard.hooks.subprocess.SubprocessHook","filename":"subprocess.py","lineno":99}
{"timestamp":"2026-01-10T06:51:10.738709Z","level":"info","event":"26/01/10 12:21:10 INFO MemoryStore: Block broadcast_5 stored as values in memory (estimated size 9.1 KiB, free 433.9 MiB)","logger":"airflow.task.hooks.airflow.providers.standard.hooks.subprocess.SubprocessHook","filename":"subprocess.py","lineno":99}
{"timestamp":"2026-01-10T06:51:10.741335Z","level":"info","event":"26/01/10 12:21:10 INFO MemoryStore: Block broadcast_5_piece0 stored as bytes in memory (estimated size 4.8 KiB, free 433.9 MiB)","logger":"airflow.task.hooks.airflow.providers.standard.hooks.subprocess.SubprocessHook","filename":"subprocess.py","lineno":99}
{"timestamp":"2026-01-10T06:51:10.743220Z","level":"info","event":"26/01/10 12:21:10 INFO SparkContext: Created broadcast 5 from broadcast at DAGScheduler.scala:1676","logger":"airflow.task.hooks.airflow.providers.standard.hooks.subprocess.SubprocessHook","filename":"subprocess.py","lineno":99}
{"timestamp":"2026-01-10T06:51:10.745020Z","level":"info","event":"26/01/10 12:21:10 INFO DAGScheduler: Submitting 1 missing tasks from ResultStage 2 (MapPartitionsRDD[12] at json at NativeMethodAccessorImpl.java:0) (first 15 tasks are for partitions Vector(0))","logger":"airflow.task.hooks.airflow.providers.standard.hooks.subprocess.SubprocessHook","filename":"subprocess.py","lineno":99}
{"timestamp":"2026-01-10T06:51:10.745484Z","level":"info","event":"26/01/10 12:21:10 INFO TaskSchedulerImpl: Adding task set 2.0 with 1 tasks resource profile 0","logger":"airflow.task.hooks.airflow.providers.standard.hooks.subprocess.SubprocessHook","filename":"subprocess.py","lineno":99}
{"timestamp":"2026-01-10T06:51:10.759829Z","level":"info","event":"26/01/10 12:21:10 INFO TaskSetManager: Starting task 0.0 in stage 2.0 (TID 2) (10.1.99.109,executor driver, partition 0, PROCESS_LOCAL, 9788 bytes)","logger":"airflow.task.hooks.airflow.providers.standard.hooks.subprocess.SubprocessHook","filename":"subprocess.py","lineno":99}
{"timestamp":"2026-01-10T06:51:10.761453Z","level":"info","event":"26/01/10 12:21:10 INFO Executor: Running task 0.0 in stage 2.0 (TID 2)","logger":"airflow.task.hooks.airflow.providers.standard.hooks.subprocess.SubprocessHook","filename":"subprocess.py","lineno":99}
{"timestamp":"2026-01-10T06:51:10.802684Z","level":"info","event":"26/01/10 12:21:10 INFO BinaryFileRDD: Task (TID 2) input split: Paths:/home/nishita/Desktop/IS/BigQueryIS/data/extracted_text.json:0+65779","logger":"airflow.task.hooks.airflow.providers.standard.hooks.subprocess.SubprocessHook","filename":"subprocess.py","lineno":99}
{"timestamp":"2026-01-10T06:51:10.876923Z","level":"info","event":"26/01/10 12:21:10 INFO Executor: Finished task 0.0 in stage 2.0 (TID 2). 4635 bytes result sent to driver","logger":"airflow.task.hooks.airflow.providers.standard.hooks.subprocess.SubprocessHook","filename":"subprocess.py","lineno":99}
{"timestamp":"2026-01-10T06:51:10.880744Z","level":"info","event":"26/01/10 12:21:10 INFO TaskSetManager: Finished task 0.0 in stage 2.0 (TID 2) in 133 ms on 10.1.99.109 (executor driver) (1/1)","logger":"airflow.task.hooks.airflow.providers.standard.hooks.subprocess.SubprocessHook","filename":"subprocess.py","lineno":99}
{"timestamp":"2026-01-10T06:51:10.881004Z","level":"info","event":"26/01/10 12:21:10 INFO TaskSchedulerImpl: Removed TaskSet 2.0 whose tasks have all completed, from pool","logger":"airflow.task.hooks.airflow.providers.standard.hooks.subprocess.SubprocessHook","filename":"subprocess.py","lineno":99}
{"timestamp":"2026-01-10T06:51:10.882138Z","level":"info","event":"26/01/10 12:21:10 INFO DAGScheduler: ResultStage 2 (json at NativeMethodAccessorImpl.java:0) finished in 164 ms","logger":"airflow.task.hooks.airflow.providers.standard.hooks.subprocess.SubprocessHook","filename":"subprocess.py","lineno":99}
{"timestamp":"2026-01-10T06:51:10.882835Z","level":"info","event":"26/01/10 12:21:10 INFO DAGScheduler: Job 2 is finished. Cancelling potential speculative or zombie tasks for this job","logger":"airflow.task.hooks.airflow.providers.standard.hooks.subprocess.SubprocessHook","filename":"subprocess.py","lineno":99}
{"timestamp":"2026-01-10T06:51:10.883272Z","level":"info","event":"26/01/10 12:21:10 INFO TaskSchedulerImpl: Canceling stage 2","logger":"airflow.task.hooks.airflow.providers.standard.hooks.subprocess.SubprocessHook","filename":"subprocess.py","lineno":99}
{"timestamp":"2026-01-10T06:51:10.883544Z","level":"info","event":"26/01/10 12:21:10 INFO TaskSchedulerImpl: Killing all running tasks in stage 2: Stage finished","logger":"airflow.task.hooks.airflow.providers.standard.hooks.subprocess.SubprocessHook","filename":"subprocess.py","lineno":99}
{"timestamp":"2026-01-10T06:51:10.885102Z","level":"info","event":"26/01/10 12:21:10 INFO DAGScheduler: Job 2 finished: json at NativeMethodAccessorImpl.java:0, took 175.855099 ms","logger":"airflow.task.hooks.airflow.providers.standard.hooks.subprocess.SubprocessHook","filename":"subprocess.py","lineno":99}
{"timestamp":"2026-01-10T06:51:11.740612Z","level":"info","event":"26/01/10 12:21:11 INFO FileSourceStrategy: Pushed Filters:","logger":"airflow.task.hooks.airflow.providers.standard.hooks.subprocess.SubprocessHook","filename":"subprocess.py","lineno":99}
{"timestamp":"2026-01-10T06:51:11.741012Z","level":"info","event":"26/01/10 12:21:11 INFO FileSourceStrategy: Post-Scan Filters: Set()","logger":"airflow.task.hooks.airflow.providers.standard.hooks.subprocess.SubprocessHook","filename":"subprocess.py","lineno":99}
{"timestamp":"2026-01-10T06:51:11.746608Z","level":"info","event":"26/01/10 12:21:11 INFO FileSourceStrategy: Pushed Filters: IsNotNull(file_name)","logger":"airflow.task.hooks.airflow.providers.standard.hooks.subprocess.SubprocessHook","filename":"subprocess.py","lineno":99}
{"timestamp":"2026-01-10T06:51:11.747311Z","level":"info","event":"26/01/10 12:21:11 INFO FileSourceStrategy: Post-Scan Filters: Set(isnotnull(file_name#28))","logger":"airflow.task.hooks.airflow.providers.standard.hooks.subprocess.SubprocessHook","filename":"subprocess.py","lineno":99}
{"timestamp":"2026-01-10T06:51:12.241922Z","level":"info","event":"26/01/10 12:21:12 INFO CodeGenerator: Code generated in 252.077294 ms","logger":"airflow.task.hooks.airflow.providers.standard.hooks.subprocess.SubprocessHook","filename":"subprocess.py","lineno":99}
{"timestamp":"2026-01-10T06:51:12.250548Z","level":"info","event":"26/01/10 12:21:12 INFO MemoryStore: Block broadcast_6 stored as values in memory (estimated size 214.0 KiB, free 433.9 MiB)","logger":"airflow.task.hooks.airflow.providers.standard.hooks.subprocess.SubprocessHook","filename":"subprocess.py","lineno":99}
{"timestamp":"2026-01-10T06:51:12.280174Z","level":"info","event":"26/01/10 12:21:12 INFO MemoryStore: Block broadcast_6_piece0 stored as bytes in memory (estimated size 38.5 KiB, free 433.9 MiB)","logger":"airflow.task.hooks.airflow.providers.standard.hooks.subprocess.SubprocessHook","filename":"subprocess.py","lineno":99}
{"timestamp":"2026-01-10T06:51:12.282361Z","level":"info","event":"26/01/10 12:21:12 INFO SparkContext: Created broadcast 6 from $anonfun$withThreadLocalCaptured$2 at CompletableFuture.java:1768","logger":"airflow.task.hooks.airflow.providers.standard.hooks.subprocess.SubprocessHook","filename":"subprocess.py","lineno":99}
{"timestamp":"2026-01-10T06:51:12.288751Z","level":"info","event":"26/01/10 12:21:12 INFO FileSourceScanExec: Planning scan with bin packing, max size: 4194304 bytes, open cost is considered as scanning 4194304 bytes.","logger":"airflow.task.hooks.airflow.providers.standard.hooks.subprocess.SubprocessHook","filename":"subprocess.py","lineno":99}
{"timestamp":"2026-01-10T06:51:12.323483Z","level":"info","event":"26/01/10 12:21:12 INFO SparkContext: Starting job: $anonfun$withThreadLocalCaptured$2 at CompletableFuture.java:1768","logger":"airflow.task.hooks.airflow.providers.standard.hooks.subprocess.SubprocessHook","filename":"subprocess.py","lineno":99}
{"timestamp":"2026-01-10T06:51:12.325066Z","level":"info","event":"26/01/10 12:21:12 INFO DAGScheduler: Got job 3 ($anonfun$withThreadLocalCaptured$2 at CompletableFuture.java:1768) with 1 output partitions","logger":"airflow.task.hooks.airflow.providers.standard.hooks.subprocess.SubprocessHook","filename":"subprocess.py","lineno":99}
{"timestamp":"2026-01-10T06:51:12.325324Z","level":"info","event":"26/01/10 12:21:12 INFO DAGScheduler: Final stage: ResultStage 3 ($anonfun$withThreadLocalCaptured$2 at CompletableFuture.java:1768)","logger":"airflow.task.hooks.airflow.providers.standard.hooks.subprocess.SubprocessHook","filename":"subprocess.py","lineno":99}
{"timestamp":"2026-01-10T06:51:12.325650Z","level":"info","event":"26/01/10 12:21:12 INFO DAGScheduler: Parents of final stage: List()","logger":"airflow.task.hooks.airflow.providers.standard.hooks.subprocess.SubprocessHook","filename":"subprocess.py","lineno":99}
{"timestamp":"2026-01-10T06:51:12.326267Z","level":"info","event":"26/01/10 12:21:12 INFO DAGScheduler: Missing parents: List()","logger":"airflow.task.hooks.airflow.providers.standard.hooks.subprocess.SubprocessHook","filename":"subprocess.py","lineno":99}
{"timestamp":"2026-01-10T06:51:12.327299Z","level":"info","event":"26/01/10 12:21:12 INFO DAGScheduler: Submitting ResultStage 3 (MapPartitionsRDD[16] at $anonfun$withThreadLocalCaptured$2 at CompletableFuture.java:1768), which has no missing parents","logger":"airflow.task.hooks.airflow.providers.standard.hooks.subprocess.SubprocessHook","filename":"subprocess.py","lineno":99}
{"timestamp":"2026-01-10T06:51:12.333674Z","level":"info","event":"26/01/10 12:21:12 INFO MemoryStore: Block broadcast_7 stored as values in memory (estimated size 50.1 KiB, free 433.9 MiB)","logger":"airflow.task.hooks.airflow.providers.standard.hooks.subprocess.SubprocessHook","filename":"subprocess.py","lineno":99}
{"timestamp":"2026-01-10T06:51:12.337064Z","level":"info","event":"26/01/10 12:21:12 INFO MemoryStore: Block broadcast_7_piece0 stored as bytes in memory (estimated size 15.0 KiB, free 433.8 MiB)","logger":"airflow.task.hooks.airflow.providers.standard.hooks.subprocess.SubprocessHook","filename":"subprocess.py","lineno":99}
{"timestamp":"2026-01-10T06:51:12.339112Z","level":"info","event":"26/01/10 12:21:12 INFO SparkContext: Created broadcast 7 from broadcast at DAGScheduler.scala:1676","logger":"airflow.task.hooks.airflow.providers.standard.hooks.subprocess.SubprocessHook","filename":"subprocess.py","lineno":99}
{"timestamp":"2026-01-10T06:51:12.340955Z","level":"info","event":"26/01/10 12:21:12 INFO DAGScheduler: Submitting 1 missing tasks from ResultStage 3 (MapPartitionsRDD[16] at $anonfun$withThreadLocalCaptured$2 at CompletableFuture.java:1768) (first 15 tasks are for partitions Vector(0))","logger":"airflow.task.hooks.airflow.providers.standard.hooks.subprocess.SubprocessHook","filename":"subprocess.py","lineno":99}
{"timestamp":"2026-01-10T06:51:12.341277Z","level":"info","event":"26/01/10 12:21:12 INFO TaskSchedulerImpl: Adding task set 3.0 with 1 tasks resource profile 0","logger":"airflow.task.hooks.airflow.providers.standard.hooks.subprocess.SubprocessHook","filename":"subprocess.py","lineno":99}
{"timestamp":"2026-01-10T06:51:12.344688Z","level":"info","event":"26/01/10 12:21:12 INFO TaskSetManager: Starting task 0.0 in stage 3.0 (TID 3) (10.1.99.109,executor driver, partition 0, PROCESS_LOCAL, 10261 bytes)","logger":"airflow.task.hooks.airflow.providers.standard.hooks.subprocess.SubprocessHook","filename":"subprocess.py","lineno":99}
{"timestamp":"2026-01-10T06:51:12.346299Z","level":"info","event":"26/01/10 12:21:12 INFO Executor: Running task 0.0 in stage 3.0 (TID 3)","logger":"airflow.task.hooks.airflow.providers.standard.hooks.subprocess.SubprocessHook","filename":"subprocess.py","lineno":99}
{"timestamp":"2026-01-10T06:51:12.439971Z","level":"info","event":"26/01/10 12:21:12 INFO CodeGenerator: Code generated in 78.939161 ms","logger":"airflow.task.hooks.airflow.providers.standard.hooks.subprocess.SubprocessHook","filename":"subprocess.py","lineno":99}
{"timestamp":"2026-01-10T06:51:12.443075Z","level":"info","event":"26/01/10 12:21:12 INFO FileScanRDD: Reading File path: file:///home/nishita/Desktop/IS/BigQueryIS/data/extracted_text.json, range: 0-65779, partition values: [empty row]","logger":"airflow.task.hooks.airflow.providers.standard.hooks.subprocess.SubprocessHook","filename":"subprocess.py","lineno":99}
{"timestamp":"2026-01-10T06:51:12.483927Z","level":"info","event":"26/01/10 12:21:12 INFO CodeGenerator: Code generated in 32.515597 ms","logger":"airflow.task.hooks.airflow.providers.standard.hooks.subprocess.SubprocessHook","filename":"subprocess.py","lineno":99}
{"timestamp":"2026-01-10T06:51:12.520224Z","level":"info","event":"26/01/10 12:21:12 INFO CodeGenerator: Code generated in 9.319273 ms","logger":"airflow.task.hooks.airflow.providers.standard.hooks.subprocess.SubprocessHook","filename":"subprocess.py","lineno":99}
{"timestamp":"2026-01-10T06:51:12.607623Z","level":"info","event":"26/01/10 12:21:12 INFO Executor: Finished task 0.0 in stage 3.0 (TID 3). 34166 bytes result sent to driver","logger":"airflow.task.hooks.airflow.providers.standard.hooks.subprocess.SubprocessHook","filename":"subprocess.py","lineno":99}
{"timestamp":"2026-01-10T06:51:12.612375Z","level":"info","event":"26/01/10 12:21:12 INFO TaskSetManager: Finished task 0.0 in stage 3.0 (TID 3) in 268 ms on 10.1.99.109 (executor driver) (1/1)","logger":"airflow.task.hooks.airflow.providers.standard.hooks.subprocess.SubprocessHook","filename":"subprocess.py","lineno":99}
{"timestamp":"2026-01-10T06:51:12.612945Z","level":"info","event":"26/01/10 12:21:12 INFO TaskSchedulerImpl: Removed TaskSet 3.0 whose tasks have all completed, from pool","logger":"airflow.task.hooks.airflow.providers.standard.hooks.subprocess.SubprocessHook","filename":"subprocess.py","lineno":99}
{"timestamp":"2026-01-10T06:51:12.613865Z","level":"info","event":"26/01/10 12:21:12 INFO DAGScheduler: ResultStage 3 ($anonfun$withThreadLocalCaptured$2 at CompletableFuture.java:1768) finished in 285 ms","logger":"airflow.task.hooks.airflow.providers.standard.hooks.subprocess.SubprocessHook","filename":"subprocess.py","lineno":99}
{"timestamp":"2026-01-10T06:51:12.614524Z","level":"info","event":"26/01/10 12:21:12 INFO DAGScheduler: Job 3 is finished. Cancelling potential speculative or zombie tasks for this job","logger":"airflow.task.hooks.airflow.providers.standard.hooks.subprocess.SubprocessHook","filename":"subprocess.py","lineno":99}
{"timestamp":"2026-01-10T06:51:12.614834Z","level":"info","event":"26/01/10 12:21:12 INFO TaskSchedulerImpl: Canceling stage 3","logger":"airflow.task.hooks.airflow.providers.standard.hooks.subprocess.SubprocessHook","filename":"subprocess.py","lineno":99}
{"timestamp":"2026-01-10T06:51:12.615047Z","level":"info","event":"26/01/10 12:21:12 INFO TaskSchedulerImpl: Killing all running tasks in stage 3: Stage finished","logger":"airflow.task.hooks.airflow.providers.standard.hooks.subprocess.SubprocessHook","filename":"subprocess.py","lineno":99}
{"timestamp":"2026-01-10T06:51:12.615702Z","level":"info","event":"26/01/10 12:21:12 INFO DAGScheduler: Job 3 finished: $anonfun$withThreadLocalCaptured$2 at CompletableFuture.java:1768, took 291.91312 ms","logger":"airflow.task.hooks.airflow.providers.standard.hooks.subprocess.SubprocessHook","filename":"subprocess.py","lineno":99}
{"timestamp":"2026-01-10T06:51:12.668807Z","level":"info","event":"26/01/10 12:21:12 INFO CodeGenerator: Code generated in 12.672239 ms","logger":"airflow.task.hooks.airflow.providers.standard.hooks.subprocess.SubprocessHook","filename":"subprocess.py","lineno":99}
{"timestamp":"2026-01-10T06:51:12.676034Z","level":"info","event":"26/01/10 12:21:12 INFO MemoryStore: Block broadcast_8 stored as values in memory (estimated size 2.0 MiB, free 431.8 MiB)","logger":"airflow.task.hooks.airflow.providers.standard.hooks.subprocess.SubprocessHook","filename":"subprocess.py","lineno":99}
{"timestamp":"2026-01-10T06:51:12.684549Z","level":"info","event":"26/01/10 12:21:12 INFO MemoryStore: Block broadcast_8_piece0 stored as bytes in memory (estimated size 31.8 KiB, free 431.8 MiB)","logger":"airflow.task.hooks.airflow.providers.standard.hooks.subprocess.SubprocessHook","filename":"subprocess.py","lineno":99}
{"timestamp":"2026-01-10T06:51:12.686381Z","level":"info","event":"26/01/10 12:21:12 INFO SparkContext: Created broadcast 8 from $anonfun$withThreadLocalCaptured$2 at CompletableFuture.java:1768","logger":"airflow.task.hooks.airflow.providers.standard.hooks.subprocess.SubprocessHook","filename":"subprocess.py","lineno":99}
{"timestamp":"2026-01-10T06:51:12.710261Z","level":"info","event":"26/01/10 12:21:12 INFO FileSourceStrategy: Pushed Filters:","logger":"airflow.task.hooks.airflow.providers.standard.hooks.subprocess.SubprocessHook","filename":"subprocess.py","lineno":99}
{"timestamp":"2026-01-10T06:51:12.710492Z","level":"info","event":"26/01/10 12:21:12 INFO FileSourceStrategy: Post-Scan Filters: Set()","logger":"airflow.task.hooks.airflow.providers.standard.hooks.subprocess.SubprocessHook","filename":"subprocess.py","lineno":99}
{"timestamp":"2026-01-10T06:51:12.804164Z","level":"info","event":"26/01/10 12:21:12 INFO ParquetUtils: Using default output committer for Parquet: org.apache.parquet.hadoop.ParquetOutputCommitter","logger":"airflow.task.hooks.airflow.providers.standard.hooks.subprocess.SubprocessHook","filename":"subprocess.py","lineno":99}
{"timestamp":"2026-01-10T06:51:12.825653Z","level":"info","event":"26/01/10 12:21:12 INFO FileOutputCommitter: File Output Committer Algorithm version is 1","logger":"airflow.task.hooks.airflow.providers.standard.hooks.subprocess.SubprocessHook","filename":"subprocess.py","lineno":99}
{"timestamp":"2026-01-10T06:51:12.825952Z","level":"info","event":"26/01/10 12:21:12 INFO FileOutputCommitter: FileOutputCommitter skip cleanup _temporary folders under output directory:false, ignore cleanup failures: false","logger":"airflow.task.hooks.airflow.providers.standard.hooks.subprocess.SubprocessHook","filename":"subprocess.py","lineno":99}
{"timestamp":"2026-01-10T06:51:12.827788Z","level":"info","event":"26/01/10 12:21:12 INFO SQLHadoopMapReduceCommitProtocol: Using user defined output committer class org.apache.parquet.hadoop.ParquetOutputCommitter","logger":"airflow.task.hooks.airflow.providers.standard.hooks.subprocess.SubprocessHook","filename":"subprocess.py","lineno":99}
{"timestamp":"2026-01-10T06:51:12.828132Z","level":"info","event":"26/01/10 12:21:12 INFO FileOutputCommitter: File Output Committer Algorithm version is 1","logger":"airflow.task.hooks.airflow.providers.standard.hooks.subprocess.SubprocessHook","filename":"subprocess.py","lineno":99}
{"timestamp":"2026-01-10T06:51:12.828286Z","level":"info","event":"26/01/10 12:21:12 INFO FileOutputCommitter: FileOutputCommitter skip cleanup _temporary folders under output directory:false, ignore cleanup failures: false","logger":"airflow.task.hooks.airflow.providers.standard.hooks.subprocess.SubprocessHook","filename":"subprocess.py","lineno":99}
{"timestamp":"2026-01-10T06:51:12.829676Z","level":"info","event":"26/01/10 12:21:12 INFO SQLHadoopMapReduceCommitProtocol: Using output committer class org.apache.parquet.hadoop.ParquetOutputCommitter","logger":"airflow.task.hooks.airflow.providers.standard.hooks.subprocess.SubprocessHook","filename":"subprocess.py","lineno":99}
{"timestamp":"2026-01-10T06:51:12.908957Z","level":"info","event":"26/01/10 12:21:12 INFO CodeGenerator: Code generated in 34.945795 ms","logger":"airflow.task.hooks.airflow.providers.standard.hooks.subprocess.SubprocessHook","filename":"subprocess.py","lineno":99}
{"timestamp":"2026-01-10T06:51:12.914972Z","level":"info","event":"26/01/10 12:21:12 INFO MemoryStore: Block broadcast_9 stored as values in memory (estimated size 214.2 KiB, free 431.6 MiB)","logger":"airflow.task.hooks.airflow.providers.standard.hooks.subprocess.SubprocessHook","filename":"subprocess.py","lineno":99}
{"timestamp":"2026-01-10T06:51:12.935210Z","level":"info","event":"26/01/10 12:21:12 INFO MemoryStore: Block broadcast_9_piece0 stored as bytes in memory (estimated size 38.6 KiB, free 431.6 MiB)","logger":"airflow.task.hooks.airflow.providers.standard.hooks.subprocess.SubprocessHook","filename":"subprocess.py","lineno":99}
{"timestamp":"2026-01-10T06:51:12.937123Z","level":"info","event":"26/01/10 12:21:12 INFO SparkContext: Created broadcast 9 from $anonfun$withThreadLocalCaptured$2 at CompletableFuture.java:1768","logger":"airflow.task.hooks.airflow.providers.standard.hooks.subprocess.SubprocessHook","filename":"subprocess.py","lineno":99}
{"timestamp":"2026-01-10T06:51:12.941258Z","level":"info","event":"26/01/10 12:21:12 INFO FileSourceScanExec: Planning scan with bin packing, max size: 4194304 bytes, open cost is considered as scanning 4194304 bytes.","logger":"airflow.task.hooks.airflow.providers.standard.hooks.subprocess.SubprocessHook","filename":"subprocess.py","lineno":99}
{"timestamp":"2026-01-10T06:51:12.959739Z","level":"info","event":"26/01/10 12:21:12 INFO SparkContext: Starting job: $anonfun$withThreadLocalCaptured$2 at CompletableFuture.java:1768","logger":"airflow.task.hooks.airflow.providers.standard.hooks.subprocess.SubprocessHook","filename":"subprocess.py","lineno":99}
{"timestamp":"2026-01-10T06:51:12.961421Z","level":"info","event":"26/01/10 12:21:12 INFO DAGScheduler: Got job 4 ($anonfun$withThreadLocalCaptured$2 at CompletableFuture.java:1768) with 1 output partitions","logger":"airflow.task.hooks.airflow.providers.standard.hooks.subprocess.SubprocessHook","filename":"subprocess.py","lineno":99}
{"timestamp":"2026-01-10T06:51:12.961859Z","level":"info","event":"26/01/10 12:21:12 INFO DAGScheduler: Final stage: ResultStage 4 ($anonfun$withThreadLocalCaptured$2 at CompletableFuture.java:1768)","logger":"airflow.task.hooks.airflow.providers.standard.hooks.subprocess.SubprocessHook","filename":"subprocess.py","lineno":99}
{"timestamp":"2026-01-10T06:51:12.962070Z","level":"info","event":"26/01/10 12:21:12 INFO DAGScheduler: Parents of final stage: List()","logger":"airflow.task.hooks.airflow.providers.standard.hooks.subprocess.SubprocessHook","filename":"subprocess.py","lineno":99}
{"timestamp":"2026-01-10T06:51:12.962190Z","level":"info","event":"26/01/10 12:21:12 INFO DAGScheduler: Missing parents: List()","logger":"airflow.task.hooks.airflow.providers.standard.hooks.subprocess.SubprocessHook","filename":"subprocess.py","lineno":99}
{"timestamp":"2026-01-10T06:51:12.963285Z","level":"info","event":"26/01/10 12:21:12 INFO DAGScheduler: Submitting ResultStage 4 (MapPartitionsRDD[20] at $anonfun$withThreadLocalCaptured$2 at CompletableFuture.java:1768), which has no missing parents","logger":"airflow.task.hooks.airflow.providers.standard.hooks.subprocess.SubprocessHook","filename":"subprocess.py","lineno":99}
{"timestamp":"2026-01-10T06:51:13.018193Z","level":"info","event":"26/01/10 12:21:13 INFO MemoryStore: Block broadcast_10 stored as values in memory (estimated size 264.3 KiB, free 431.3 MiB)","logger":"airflow.task.hooks.airflow.providers.standard.hooks.subprocess.SubprocessHook","filename":"subprocess.py","lineno":99}
{"timestamp":"2026-01-10T06:51:13.022506Z","level":"info","event":"26/01/10 12:21:13 INFO MemoryStore: Block broadcast_10_piece0 stored as bytes in memory (estimated size 92.9 KiB, free 431.2 MiB)","logger":"airflow.task.hooks.airflow.providers.standard.hooks.subprocess.SubprocessHook","filename":"subprocess.py","lineno":99}
{"timestamp":"2026-01-10T06:51:13.024296Z","level":"info","event":"26/01/10 12:21:13 INFO SparkContext: Created broadcast 10 from broadcast at DAGScheduler.scala:1676","logger":"airflow.task.hooks.airflow.providers.standard.hooks.subprocess.SubprocessHook","filename":"subprocess.py","lineno":99}
{"timestamp":"2026-01-10T06:51:13.025759Z","level":"info","event":"26/01/10 12:21:13 INFO DAGScheduler: Submitting 1 missing tasks from ResultStage 4 (MapPartitionsRDD[20] at $anonfun$withThreadLocalCaptured$2 at CompletableFuture.java:1768) (first 15 tasks are for partitions Vector(0))","logger":"airflow.task.hooks.airflow.providers.standard.hooks.subprocess.SubprocessHook","filename":"subprocess.py","lineno":99}
{"timestamp":"2026-01-10T06:51:13.026139Z","level":"info","event":"26/01/10 12:21:13 INFO TaskSchedulerImpl: Adding task set 4.0 with 1 tasks resource profile 0","logger":"airflow.task.hooks.airflow.providers.standard.hooks.subprocess.SubprocessHook","filename":"subprocess.py","lineno":99}
{"timestamp":"2026-01-10T06:51:13.029722Z","level":"info","event":"26/01/10 12:21:13 INFO TaskSetManager: Starting task 0.0 in stage 4.0 (TID 4) (10.1.99.109,executor driver, partition 0, PROCESS_LOCAL, 10265 bytes)","logger":"airflow.task.hooks.airflow.providers.standard.hooks.subprocess.SubprocessHook","filename":"subprocess.py","lineno":99}
{"timestamp":"2026-01-10T06:51:13.031182Z","level":"info","event":"26/01/10 12:21:13 INFO Executor: Running task 0.0 in stage 4.0 (TID 4)","logger":"airflow.task.hooks.airflow.providers.standard.hooks.subprocess.SubprocessHook","filename":"subprocess.py","lineno":99}
{"timestamp":"2026-01-10T06:51:13.153493Z","level":"info","event":"26/01/10 12:21:13 INFO CodeGenerator: Code generated in 43.079455 ms","logger":"airflow.task.hooks.airflow.providers.standard.hooks.subprocess.SubprocessHook","filename":"subprocess.py","lineno":99}
{"timestamp":"2026-01-10T06:51:13.156653Z","level":"info","event":"26/01/10 12:21:13 INFO FileOutputCommitter: File Output Committer Algorithm version is 1","logger":"airflow.task.hooks.airflow.providers.standard.hooks.subprocess.SubprocessHook","filename":"subprocess.py","lineno":99}
{"timestamp":"2026-01-10T06:51:13.156923Z","level":"info","event":"26/01/10 12:21:13 INFO FileOutputCommitter: FileOutputCommitter skip cleanup _temporary folders under output directory:false, ignore cleanup failures: false","logger":"airflow.task.hooks.airflow.providers.standard.hooks.subprocess.SubprocessHook","filename":"subprocess.py","lineno":99}
{"timestamp":"2026-01-10T06:51:13.157874Z","level":"info","event":"26/01/10 12:21:13 INFO SQLHadoopMapReduceCommitProtocol: Using user defined output committer class org.apache.parquet.hadoop.ParquetOutputCommitter","logger":"airflow.task.hooks.airflow.providers.standard.hooks.subprocess.SubprocessHook","filename":"subprocess.py","lineno":99}
{"timestamp":"2026-01-10T06:51:13.158074Z","level":"info","event":"26/01/10 12:21:13 INFO FileOutputCommitter: File Output Committer Algorithm version is 1","logger":"airflow.task.hooks.airflow.providers.standard.hooks.subprocess.SubprocessHook","filename":"subprocess.py","lineno":99}
{"timestamp":"2026-01-10T06:51:13.158193Z","level":"info","event":"26/01/10 12:21:13 INFO FileOutputCommitter: FileOutputCommitter skip cleanup _temporary folders under output directory:false, ignore cleanup failures: false","logger":"airflow.task.hooks.airflow.providers.standard.hooks.subprocess.SubprocessHook","filename":"subprocess.py","lineno":99}
{"timestamp":"2026-01-10T06:51:13.159100Z","level":"info","event":"26/01/10 12:21:13 INFO SQLHadoopMapReduceCommitProtocol: Using output committer class org.apache.parquet.hadoop.ParquetOutputCommitter","logger":"airflow.task.hooks.airflow.providers.standard.hooks.subprocess.SubprocessHook","filename":"subprocess.py","lineno":99}
{"timestamp":"2026-01-10T06:51:13.167400Z","level":"info","event":"26/01/10 12:21:13 INFO CodecConfig: Compression: SNAPPY","logger":"airflow.task.hooks.airflow.providers.standard.hooks.subprocess.SubprocessHook","filename":"subprocess.py","lineno":99}
{"timestamp":"2026-01-10T06:51:13.170734Z","level":"info","event":"26/01/10 12:21:13 INFO CodecConfig: Compression: SNAPPY","logger":"airflow.task.hooks.airflow.providers.standard.hooks.subprocess.SubprocessHook","filename":"subprocess.py","lineno":99}
{"timestamp":"2026-01-10T06:51:13.204951Z","level":"info","event":"26/01/10 12:21:13 INFO ParquetOutputFormat: ParquetRecordWriter [block size: 134217728b, row group padding size: 8388608b, validating: false]","logger":"airflow.task.hooks.airflow.providers.standard.hooks.subprocess.SubprocessHook","filename":"subprocess.py","lineno":99}
{"timestamp":"2026-01-10T06:51:13.376121Z","level":"info","event":"26/01/10 12:21:13 INFO CodecPool: Got brand-new compressor [.snappy]","logger":"airflow.task.hooks.airflow.providers.standard.hooks.subprocess.SubprocessHook","filename":"subprocess.py","lineno":99}
{"timestamp":"2026-01-10T06:51:13.663688Z","level":"info","event":"26/01/10 12:21:13 INFO FileScanRDD: Reading File path: file:///home/nishita/Desktop/IS/BigQueryIS/data/structured/diabetes.csv, range: 0-128, partition values: [empty row]","logger":"airflow.task.hooks.airflow.providers.standard.hooks.subprocess.SubprocessHook","filename":"subprocess.py","lineno":99}
{"timestamp":"2026-01-10T06:51:13.677067Z","level":"info","event":"26/01/10 12:21:13 INFO CodeGenerator: Code generated in 9.517973 ms","logger":"airflow.task.hooks.airflow.providers.standard.hooks.subprocess.SubprocessHook","filename":"subprocess.py","lineno":99}
{"timestamp":"2026-01-10T06:51:14.125858Z","level":"info","event":"26/01/10 12:21:14 INFO FileOutputCommitter: Saved output of task 'attempt_202601101221126383340400705618020_0004_m_000000_4' to file:/home/nishita/Desktop/IS/BigQueryIS/data/output/fused_multimodal_generic/demo.parquet/_temporary/0/task_202601101221126383340400705618020_0004_m_000000","logger":"airflow.task.hooks.airflow.providers.standard.hooks.subprocess.SubprocessHook","filename":"subprocess.py","lineno":99}
{"timestamp":"2026-01-10T06:51:14.128386Z","level":"info","event":"26/01/10 12:21:14 INFO SparkHadoopMapRedUtil: attempt_202601101221126383340400705618020_0004_m_000000_4: Committed. Elapsed time: 2 ms.","logger":"airflow.task.hooks.airflow.providers.standard.hooks.subprocess.SubprocessHook","filename":"subprocess.py","lineno":99}
{"timestamp":"2026-01-10T06:51:14.137898Z","level":"info","event":"26/01/10 12:21:14 INFO Executor: Finished task 0.0 in stage 4.0 (TID 4). 2941 bytes result sent to driver","logger":"airflow.task.hooks.airflow.providers.standard.hooks.subprocess.SubprocessHook","filename":"subprocess.py","lineno":99}
{"timestamp":"2026-01-10T06:51:14.140507Z","level":"info","event":"26/01/10 12:21:14 INFO TaskSetManager: Finished task 0.0 in stage 4.0 (TID 4) in 1111 ms on 10.1.99.109 (executor driver) (1/1)","logger":"airflow.task.hooks.airflow.providers.standard.hooks.subprocess.SubprocessHook","filename":"subprocess.py","lineno":99}
{"timestamp":"2026-01-10T06:51:14.140750Z","level":"info","event":"26/01/10 12:21:14 INFO TaskSchedulerImpl: Removed TaskSet 4.0 whose tasks have all completed, from pool","logger":"airflow.task.hooks.airflow.providers.standard.hooks.subprocess.SubprocessHook","filename":"subprocess.py","lineno":99}
{"timestamp":"2026-01-10T06:51:14.141650Z","level":"info","event":"26/01/10 12:21:14 INFO DAGScheduler: ResultStage 4 ($anonfun$withThreadLocalCaptured$2 at CompletableFuture.java:1768) finished in 1177 ms","logger":"airflow.task.hooks.airflow.providers.standard.hooks.subprocess.SubprocessHook","filename":"subprocess.py","lineno":99}
{"timestamp":"2026-01-10T06:51:14.142168Z","level":"info","event":"26/01/10 12:21:14 INFO DAGScheduler: Job 4 is finished. Cancelling potential speculative or zombie tasks for this job","logger":"airflow.task.hooks.airflow.providers.standard.hooks.subprocess.SubprocessHook","filename":"subprocess.py","lineno":99}
{"timestamp":"2026-01-10T06:51:14.142350Z","level":"info","event":"26/01/10 12:21:14 INFO TaskSchedulerImpl: Canceling stage 4","logger":"airflow.task.hooks.airflow.providers.standard.hooks.subprocess.SubprocessHook","filename":"subprocess.py","lineno":99}
{"timestamp":"2026-01-10T06:51:14.142418Z","level":"info","event":"26/01/10 12:21:14 INFO TaskSchedulerImpl: Killing all running tasks in stage 4: Stage finished","logger":"airflow.task.hooks.airflow.providers.standard.hooks.subprocess.SubprocessHook","filename":"subprocess.py","lineno":99}
{"timestamp":"2026-01-10T06:51:14.143597Z","level":"info","event":"26/01/10 12:21:14 INFO DAGScheduler: Job 4 finished: $anonfun$withThreadLocalCaptured$2 at CompletableFuture.java:1768, took 1183.512713 ms","logger":"airflow.task.hooks.airflow.providers.standard.hooks.subprocess.SubprocessHook","filename":"subprocess.py","lineno":99}
{"timestamp":"2026-01-10T06:51:14.146334Z","level":"info","event":"26/01/10 12:21:14 INFO FileFormatWriter: Start to commit write Job 6c6e528a-9128-4911-b692-08138932e971.","logger":"airflow.task.hooks.airflow.providers.standard.hooks.subprocess.SubprocessHook","filename":"subprocess.py","lineno":99}
{"timestamp":"2026-01-10T06:51:14.165975Z","level":"info","event":"26/01/10 12:21:14 INFO FileFormatWriter: Write Job 6c6e528a-9128-4911-b692-08138932e971 committed. Elapsed time: 18 ms.","logger":"airflow.task.hooks.airflow.providers.standard.hooks.subprocess.SubprocessHook","filename":"subprocess.py","lineno":99}
{"timestamp":"2026-01-10T06:51:14.171125Z","level":"info","event":"26/01/10 12:21:14 INFO FileFormatWriter: Finished processing stats for write job 6c6e528a-9128-4911-b692-08138932e971.","logger":"airflow.task.hooks.airflow.providers.standard.hooks.subprocess.SubprocessHook","filename":"subprocess.py","lineno":99}
{"timestamp":"2026-01-10T06:51:14.182420Z","level":"info","event":"Spark fusion complete - merged unstructured and structured data","logger":"airflow.task.hooks.airflow.providers.standard.hooks.subprocess.SubprocessHook","filename":"subprocess.py","lineno":99}
{"timestamp":"2026-01-10T06:51:14.456204Z","level":"info","event":"26/01/10 12:21:14 INFO SparkContext: Invoking stop() from shutdown hook","logger":"airflow.task.hooks.airflow.providers.standard.hooks.subprocess.SubprocessHook","filename":"subprocess.py","lineno":99}
{"timestamp":"2026-01-10T06:51:14.458904Z","level":"info","event":"26/01/10 12:21:14 INFO SparkContext: SparkContext is stopping with exitCode 0 from run at Executors.java:572.","logger":"airflow.task.hooks.airflow.providers.standard.hooks.subprocess.SubprocessHook","filename":"subprocess.py","lineno":99}
{"timestamp":"2026-01-10T06:51:14.475299Z","level":"info","event":"26/01/10 12:21:14 INFO SparkUI: Stopped Spark web UI at http://10.1.99.109:4040","logger":"airflow.task.hooks.airflow.providers.standard.hooks.subprocess.SubprocessHook","filename":"subprocess.py","lineno":99}
{"timestamp":"2026-01-10T06:51:14.496844Z","level":"info","event":"26/01/10 12:21:14 INFO MapOutputTrackerMasterEndpoint: MapOutputTrackerMasterEndpoint stopped!","logger":"airflow.task.hooks.airflow.providers.standard.hooks.subprocess.SubprocessHook","filename":"subprocess.py","lineno":99}
{"timestamp":"2026-01-10T06:51:14.519158Z","level":"info","event":"26/01/10 12:21:14 INFO MemoryStore: MemoryStore cleared","logger":"airflow.task.hooks.airflow.providers.standard.hooks.subprocess.SubprocessHook","filename":"subprocess.py","lineno":99}
{"timestamp":"2026-01-10T06:51:14.520287Z","level":"info","event":"26/01/10 12:21:14 INFO BlockManager: BlockManager stopped","logger":"airflow.task.hooks.airflow.providers.standard.hooks.subprocess.SubprocessHook","filename":"subprocess.py","lineno":99}
{"timestamp":"2026-01-10T06:51:14.525629Z","level":"info","event":"26/01/10 12:21:14 INFO BlockManagerMaster: BlockManagerMaster stopped","logger":"airflow.task.hooks.airflow.providers.standard.hooks.subprocess.SubprocessHook","filename":"subprocess.py","lineno":99}
{"timestamp":"2026-01-10T06:51:14.531650Z","level":"info","event":"26/01/10 12:21:14 INFO OutputCommitCoordinator$OutputCommitCoordinatorEndpoint: OutputCommitCoordinator stopped!","logger":"airflow.task.hooks.airflow.providers.standard.hooks.subprocess.SubprocessHook","filename":"subprocess.py","lineno":99}
{"timestamp":"2026-01-10T06:51:14.545050Z","level":"info","event":"26/01/10 12:21:14 INFO SparkContext: Successfully stopped SparkContext","logger":"airflow.task.hooks.airflow.providers.standard.hooks.subprocess.SubprocessHook","filename":"subprocess.py","lineno":99}
{"timestamp":"2026-01-10T06:51:14.556182Z","level":"info","event":"26/01/10 12:21:14 INFO ShutdownHookManager: Shutdown hook called","logger":"airflow.task.hooks.airflow.providers.standard.hooks.subprocess.SubprocessHook","filename":"subprocess.py","lineno":99}
{"timestamp":"2026-01-10T06:51:14.557981Z","level":"info","event":"26/01/10 12:21:14 INFO ShutdownHookManager: Deleting directory /tmp/spark-4e8105f7-1879-4c2c-aae4-6abd529f74af","logger":"airflow.task.hooks.airflow.providers.standard.hooks.subprocess.SubprocessHook","filename":"subprocess.py","lineno":99}
{"timestamp":"2026-01-10T06:51:14.563917Z","level":"info","event":"26/01/10 12:21:14 INFO ShutdownHookManager: Deleting directory /tmp/artifacts-ad287502-1a39-4a8d-8631-e5323c1f795d","logger":"airflow.task.hooks.airflow.providers.standard.hooks.subprocess.SubprocessHook","filename":"subprocess.py","lineno":99}
{"timestamp":"2026-01-10T06:51:14.569826Z","level":"info","event":"26/01/10 12:21:14 INFO ShutdownHookManager: Deleting directory /tmp/spark-d78db8bf-252c-43fd-a812-b1b1b035fb67/pyspark-917e0526-4d0c-485d-9024-65ccb60cd13b","logger":"airflow.task.hooks.airflow.providers.standard.hooks.subprocess.SubprocessHook","filename":"subprocess.py","lineno":99}
{"timestamp":"2026-01-10T06:51:14.575200Z","level":"info","event":"26/01/10 12:21:14 INFO ShutdownHookManager: Deleting directory /tmp/spark-d78db8bf-252c-43fd-a812-b1b1b035fb67","logger":"airflow.task.hooks.airflow.providers.standard.hooks.subprocess.SubprocessHook","filename":"subprocess.py","lineno":99}
{"timestamp":"2026-01-10T06:51:14.672866Z","level":"info","event":"Command exited with return code 0","logger":"airflow.task.hooks.airflow.providers.standard.hooks.subprocess.SubprocessHook","filename":"subprocess.py","lineno":103}
{"timestamp":"2026-01-10T06:51:14.673795Z","level":"info","event":"Pushing xcom","ti":"RuntimeTaskInstance(id=UUID('019ba6ac-0d2e-7395-b169-564cb22e1f1d'), task_id='spark_fusion', dag_id='multimodal_pipeline', run_id='manual__2026-01-10T06:50:49+00:00', try_number=1, dag_version_id=UUID('019ba6ab-b6e6-7df8-a6b4-4d91120cee59'), map_index=-1, hostname='bytepaws', context_carrier={}, task=<Task(BashOperator): spark_fusion>, bundle_instance=LocalDagBundle(name=dags-folder), max_tries=0, start_date=datetime.datetime(2026, 1, 10, 6, 50, 54, 163842, tzinfo=datetime.timezone.utc), end_date=None, state=<TaskInstanceState.RUNNING: 'running'>, is_mapped=False, rendered_map_index=None)","logger":"task","filename":"task_runner.py","lineno":1370}
{"timestamp":"2026-01-10T06:51:14.720948Z","level":"info","event":"Task instance in success state","logger":"task.stdout"}
{"timestamp":"2026-01-10T06:51:14.721224Z","level":"info","event":" Previous state of the Task instance: TaskInstanceState.RUNNING","logger":"task.stdout"}
{"timestamp":"2026-01-10T06:51:14.721508Z","level":"info","event":"Task operator:<Task(BashOperator): spark_fusion>","logger":"task.stdout"}
