{"timestamp":"2026-01-10T07:17:26.334585Z","level":"info","event":"DAG bundles loaded: dags-folder, example_dags","logger":"airflow.dag_processing.bundles.manager.DagBundlesManager","filename":"manager.py","lineno":179}
{"timestamp":"2026-01-10T07:17:26.335712Z","level":"info","event":"Filling up the DagBag from /home/nishita/Desktop/IS/BigQueryIS/airflow/dags/multimodal_pipeline.py","logger":"airflow.models.dagbag.DagBag","filename":"dagbag.py","lineno":593}
{"timestamp":"2026-01-10T07:17:26.379162Z","level":"info","event":"Task instance is in running state","logger":"task.stdout"}
{"timestamp":"2026-01-10T07:17:26.379434Z","level":"info","event":" Previous state of the Task instance: TaskInstanceState.QUEUED","logger":"task.stdout"}
{"timestamp":"2026-01-10T07:17:26.379701Z","level":"info","event":"Current task name:spark_fusion","logger":"task.stdout"}
{"timestamp":"2026-01-10T07:17:26.379839Z","level":"info","event":"Dag name:multimodal_pipeline","logger":"task.stdout"}
{"timestamp":"2026-01-10T07:17:26.380771Z","level":"info","event":"Tmp dir root location: /tmp","logger":"airflow.task.hooks.airflow.providers.standard.hooks.subprocess.SubprocessHook","filename":"subprocess.py","lineno":78}
{"timestamp":"2026-01-10T07:17:26.382050Z","level":"info","event":"Running command: ['/usr/bin/bash', '-c', '\\n        set -eux\\n        echo \"PWD=$(pwd)\"\\n        echo \"USER=$(whoami)\"\\n\\n        echo \"JAVA:\"\\n        java -version || true\\n\\n        echo \"SPARK:\"\\n        which spark-submit || true\\n        ls -l /opt/spark/bin || true\\n\\n        echo \"PYTHON:\"\\n        source cuda/bin/activate\\n        which python\\n        python -V\\n\\n        exit 1\\n        ']","logger":"airflow.task.hooks.airflow.providers.standard.hooks.subprocess.SubprocessHook","filename":"subprocess.py","lineno":80}
{"timestamp":"2026-01-10T07:17:26.383680Z","level":"info","event":"Output:","logger":"airflow.task.hooks.airflow.providers.standard.hooks.subprocess.SubprocessHook","filename":"subprocess.py","lineno":92}
{"timestamp":"2026-01-10T07:17:26.386445Z","level":"info","event":"++ pwd","logger":"airflow.task.hooks.airflow.providers.standard.hooks.subprocess.SubprocessHook","filename":"subprocess.py","lineno":99}
{"timestamp":"2026-01-10T07:17:26.386930Z","level":"info","event":"+ echo PWD=/tmp/airflowtmpkhszjjcl","logger":"airflow.task.hooks.airflow.providers.standard.hooks.subprocess.SubprocessHook","filename":"subprocess.py","lineno":99}
{"timestamp":"2026-01-10T07:17:26.387145Z","level":"info","event":"PWD=/tmp/airflowtmpkhszjjcl","logger":"airflow.task.hooks.airflow.providers.standard.hooks.subprocess.SubprocessHook","filename":"subprocess.py","lineno":99}
{"timestamp":"2026-01-10T07:17:26.387788Z","level":"info","event":"++ whoami","logger":"airflow.task.hooks.airflow.providers.standard.hooks.subprocess.SubprocessHook","filename":"subprocess.py","lineno":99}
{"timestamp":"2026-01-10T07:17:26.389658Z","level":"info","event":"+ echo USER=nishita","logger":"airflow.task.hooks.airflow.providers.standard.hooks.subprocess.SubprocessHook","filename":"subprocess.py","lineno":99}
{"timestamp":"2026-01-10T07:17:26.389889Z","level":"info","event":"USER=nishita","logger":"airflow.task.hooks.airflow.providers.standard.hooks.subprocess.SubprocessHook","filename":"subprocess.py","lineno":99}
{"timestamp":"2026-01-10T07:17:26.390010Z","level":"info","event":"+ echo JAVA:","logger":"airflow.task.hooks.airflow.providers.standard.hooks.subprocess.SubprocessHook","filename":"subprocess.py","lineno":99}
{"timestamp":"2026-01-10T07:17:26.390081Z","level":"info","event":"JAVA:","logger":"airflow.task.hooks.airflow.providers.standard.hooks.subprocess.SubprocessHook","filename":"subprocess.py","lineno":99}
{"timestamp":"2026-01-10T07:17:26.390133Z","level":"info","event":"+ java -version","logger":"airflow.task.hooks.airflow.providers.standard.hooks.subprocess.SubprocessHook","filename":"subprocess.py","lineno":99}
{"timestamp":"2026-01-10T07:17:26.438453Z","level":"info","event":"openjdk version \"21.0.9\" 2025-10-21","logger":"airflow.task.hooks.airflow.providers.standard.hooks.subprocess.SubprocessHook","filename":"subprocess.py","lineno":99}
{"timestamp":"2026-01-10T07:17:26.439038Z","level":"info","event":"OpenJDK Runtime Environment (build 21.0.9+10-Ubuntu-124.04)","logger":"airflow.task.hooks.airflow.providers.standard.hooks.subprocess.SubprocessHook","filename":"subprocess.py","lineno":99}
{"timestamp":"2026-01-10T07:17:26.439160Z","level":"info","event":"OpenJDK 64-Bit Server VM (build 21.0.9+10-Ubuntu-124.04, mixed mode, sharing)","logger":"airflow.task.hooks.airflow.providers.standard.hooks.subprocess.SubprocessHook","filename":"subprocess.py","lineno":99}
{"timestamp":"2026-01-10T07:17:26.448502Z","level":"info","event":"+ echo SPARK:","logger":"airflow.task.hooks.airflow.providers.standard.hooks.subprocess.SubprocessHook","filename":"subprocess.py","lineno":99}
{"timestamp":"2026-01-10T07:17:26.448774Z","level":"info","event":"SPARK:","logger":"airflow.task.hooks.airflow.providers.standard.hooks.subprocess.SubprocessHook","filename":"subprocess.py","lineno":99}
{"timestamp":"2026-01-10T07:17:26.448894Z","level":"info","event":"+ which spark-submit","logger":"airflow.task.hooks.airflow.providers.standard.hooks.subprocess.SubprocessHook","filename":"subprocess.py","lineno":99}
{"timestamp":"2026-01-10T07:17:26.450615Z","level":"info","event":"/home/nishita/cuda/bin/spark-submit","logger":"airflow.task.hooks.airflow.providers.standard.hooks.subprocess.SubprocessHook","filename":"subprocess.py","lineno":99}
{"timestamp":"2026-01-10T07:17:26.450943Z","level":"info","event":"+ ls -l /opt/spark/bin","logger":"airflow.task.hooks.airflow.providers.standard.hooks.subprocess.SubprocessHook","filename":"subprocess.py","lineno":99}
{"timestamp":"2026-01-10T07:17:26.454299Z","level":"info","event":"total 120","logger":"airflow.task.hooks.airflow.providers.standard.hooks.subprocess.SubprocessHook","filename":"subprocess.py","lineno":99}
{"timestamp":"2026-01-10T07:17:26.454522Z","level":"info","event":"-rwxr-xr-x 1 nishita nishita  1089 Feb 15  2024 beeline","logger":"airflow.task.hooks.airflow.providers.standard.hooks.subprocess.SubprocessHook","filename":"subprocess.py","lineno":99}
{"timestamp":"2026-01-10T07:17:26.454667Z","level":"info","event":"-rw-r--r-- 1 nishita nishita  1064 Feb 15  2024 beeline.cmd","logger":"airflow.task.hooks.airflow.providers.standard.hooks.subprocess.SubprocessHook","filename":"subprocess.py","lineno":99}
{"timestamp":"2026-01-10T07:17:26.454765Z","level":"info","event":"-rwxr-xr-x 1 nishita nishita 10987 Feb 15  2024 docker-image-tool.sh","logger":"airflow.task.hooks.airflow.providers.standard.hooks.subprocess.SubprocessHook","filename":"subprocess.py","lineno":99}
{"timestamp":"2026-01-10T07:17:26.454855Z","level":"info","event":"-rwxr-xr-x 1 nishita nishita  1935 Feb 15  2024 find-spark-home","logger":"airflow.task.hooks.airflow.providers.standard.hooks.subprocess.SubprocessHook","filename":"subprocess.py","lineno":99}
{"timestamp":"2026-01-10T07:17:26.454941Z","level":"info","event":"-rw-r--r-- 1 nishita nishita  2685 Feb 15  2024 find-spark-home.cmd","logger":"airflow.task.hooks.airflow.providers.standard.hooks.subprocess.SubprocessHook","filename":"subprocess.py","lineno":99}
{"timestamp":"2026-01-10T07:17:26.455025Z","level":"info","event":"-rw-r--r-- 1 nishita nishita  2337 Feb 15  2024 load-spark-env.cmd","logger":"airflow.task.hooks.airflow.providers.standard.hooks.subprocess.SubprocessHook","filename":"subprocess.py","lineno":99}
{"timestamp":"2026-01-10T07:17:26.455108Z","level":"info","event":"-rw-r--r-- 1 nishita nishita  2678 Feb 15  2024 load-spark-env.sh","logger":"airflow.task.hooks.airflow.providers.standard.hooks.subprocess.SubprocessHook","filename":"subprocess.py","lineno":99}
{"timestamp":"2026-01-10T07:17:26.455192Z","level":"info","event":"-rwxr-xr-x 1 nishita nishita  2636 Feb 15  2024 pyspark","logger":"airflow.task.hooks.airflow.providers.standard.hooks.subprocess.SubprocessHook","filename":"subprocess.py","lineno":99}
{"timestamp":"2026-01-10T07:17:26.455277Z","level":"info","event":"-rw-r--r-- 1 nishita nishita  1542 Feb 15  2024 pyspark2.cmd","logger":"airflow.task.hooks.airflow.providers.standard.hooks.subprocess.SubprocessHook","filename":"subprocess.py","lineno":99}
{"timestamp":"2026-01-10T07:17:26.455361Z","level":"info","event":"-rw-r--r-- 1 nishita nishita  1170 Feb 15  2024 pyspark.cmd","logger":"airflow.task.hooks.airflow.providers.standard.hooks.subprocess.SubprocessHook","filename":"subprocess.py","lineno":99}
{"timestamp":"2026-01-10T07:17:26.455445Z","level":"info","event":"-rwxr-xr-x 1 nishita nishita  1030 Feb 15  2024 run-example","logger":"airflow.task.hooks.airflow.providers.standard.hooks.subprocess.SubprocessHook","filename":"subprocess.py","lineno":99}
{"timestamp":"2026-01-10T07:17:26.455526Z","level":"info","event":"-rw-r--r-- 1 nishita nishita  1223 Feb 15  2024 run-example.cmd","logger":"airflow.task.hooks.airflow.providers.standard.hooks.subprocess.SubprocessHook","filename":"subprocess.py","lineno":99}
{"timestamp":"2026-01-10T07:17:26.455627Z","level":"info","event":"-rwxr-xr-x 1 nishita nishita  3561 Feb 15  2024 spark-class","logger":"airflow.task.hooks.airflow.providers.standard.hooks.subprocess.SubprocessHook","filename":"subprocess.py","lineno":99}
{"timestamp":"2026-01-10T07:17:26.455713Z","level":"info","event":"-rwxr-xr-x 1 nishita nishita  2891 Feb 15  2024 spark-class2.cmd","logger":"airflow.task.hooks.airflow.providers.standard.hooks.subprocess.SubprocessHook","filename":"subprocess.py","lineno":99}
{"timestamp":"2026-01-10T07:17:26.455795Z","level":"info","event":"-rw-r--r-- 1 nishita nishita  1180 Feb 15  2024 spark-class.cmd","logger":"airflow.task.hooks.airflow.providers.standard.hooks.subprocess.SubprocessHook","filename":"subprocess.py","lineno":99}
{"timestamp":"2026-01-10T07:17:26.455876Z","level":"info","event":"-rwxr-xr-x 1 nishita nishita  1154 Feb 15  2024 spark-connect-shell","logger":"airflow.task.hooks.airflow.providers.standard.hooks.subprocess.SubprocessHook","filename":"subprocess.py","lineno":99}
{"timestamp":"2026-01-10T07:17:26.455955Z","level":"info","event":"-rwxr-xr-x 1 nishita nishita  1047 Feb 15  2024 sparkR","logger":"airflow.task.hooks.airflow.providers.standard.hooks.subprocess.SubprocessHook","filename":"subprocess.py","lineno":99}
{"timestamp":"2026-01-10T07:17:26.456035Z","level":"info","event":"-rw-r--r-- 1 nishita nishita  1097 Feb 15  2024 sparkR2.cmd","logger":"airflow.task.hooks.airflow.providers.standard.hooks.subprocess.SubprocessHook","filename":"subprocess.py","lineno":99}
{"timestamp":"2026-01-10T07:17:26.456117Z","level":"info","event":"-rw-r--r-- 1 nishita nishita  1168 Feb 15  2024 sparkR.cmd","logger":"airflow.task.hooks.airflow.providers.standard.hooks.subprocess.SubprocessHook","filename":"subprocess.py","lineno":99}
{"timestamp":"2026-01-10T07:17:26.456200Z","level":"info","event":"-rwxr-xr-x 1 nishita nishita  3122 Feb 15  2024 spark-shell","logger":"airflow.task.hooks.airflow.providers.standard.hooks.subprocess.SubprocessHook","filename":"subprocess.py","lineno":99}
{"timestamp":"2026-01-10T07:17:26.456285Z","level":"info","event":"-rw-r--r-- 1 nishita nishita  1818 Feb 15  2024 spark-shell2.cmd","logger":"airflow.task.hooks.airflow.providers.standard.hooks.subprocess.SubprocessHook","filename":"subprocess.py","lineno":99}
{"timestamp":"2026-01-10T07:17:26.456364Z","level":"info","event":"-rw-r--r-- 1 nishita nishita  1178 Feb 15  2024 spark-shell.cmd","logger":"airflow.task.hooks.airflow.providers.standard.hooks.subprocess.SubprocessHook","filename":"subprocess.py","lineno":99}
{"timestamp":"2026-01-10T07:17:26.456446Z","level":"info","event":"-rwxr-xr-x 1 nishita nishita  1065 Feb 15  2024 spark-sql","logger":"airflow.task.hooks.airflow.providers.standard.hooks.subprocess.SubprocessHook","filename":"subprocess.py","lineno":99}
{"timestamp":"2026-01-10T07:17:26.456529Z","level":"info","event":"-rw-r--r-- 1 nishita nishita  1118 Feb 15  2024 spark-sql2.cmd","logger":"airflow.task.hooks.airflow.providers.standard.hooks.subprocess.SubprocessHook","filename":"subprocess.py","lineno":99}
{"timestamp":"2026-01-10T07:17:26.456624Z","level":"info","event":"-rw-r--r-- 1 nishita nishita  1173 Feb 15  2024 spark-sql.cmd","logger":"airflow.task.hooks.airflow.providers.standard.hooks.subprocess.SubprocessHook","filename":"subprocess.py","lineno":99}
{"timestamp":"2026-01-10T07:17:26.456709Z","level":"info","event":"-rwxr-xr-x 1 nishita nishita  1040 Feb 15  2024 spark-submit","logger":"airflow.task.hooks.airflow.providers.standard.hooks.subprocess.SubprocessHook","filename":"subprocess.py","lineno":99}
{"timestamp":"2026-01-10T07:17:26.456790Z","level":"info","event":"-rw-r--r-- 1 nishita nishita  1155 Feb 15  2024 spark-submit2.cmd","logger":"airflow.task.hooks.airflow.providers.standard.hooks.subprocess.SubprocessHook","filename":"subprocess.py","lineno":99}
{"timestamp":"2026-01-10T07:17:26.456870Z","level":"info","event":"-rw-r--r-- 1 nishita nishita  1180 Feb 15  2024 spark-submit.cmd","logger":"airflow.task.hooks.airflow.providers.standard.hooks.subprocess.SubprocessHook","filename":"subprocess.py","lineno":99}
{"timestamp":"2026-01-10T07:17:26.456958Z","level":"info","event":"+ echo PYTHON:","logger":"airflow.task.hooks.airflow.providers.standard.hooks.subprocess.SubprocessHook","filename":"subprocess.py","lineno":99}
{"timestamp":"2026-01-10T07:17:26.457043Z","level":"info","event":"PYTHON:","logger":"airflow.task.hooks.airflow.providers.standard.hooks.subprocess.SubprocessHook","filename":"subprocess.py","lineno":99}
{"timestamp":"2026-01-10T07:17:26.457131Z","level":"info","event":"+ source cuda/bin/activate","logger":"airflow.task.hooks.airflow.providers.standard.hooks.subprocess.SubprocessHook","filename":"subprocess.py","lineno":99}
{"timestamp":"2026-01-10T07:17:26.457212Z","level":"info","event":"/usr/bin/bash: line 14: cuda/bin/activate: No such file or directory","logger":"airflow.task.hooks.airflow.providers.standard.hooks.subprocess.SubprocessHook","filename":"subprocess.py","lineno":99}
{"timestamp":"2026-01-10T07:17:26.457366Z","level":"info","event":"Command exited with return code 1","logger":"airflow.task.hooks.airflow.providers.standard.hooks.subprocess.SubprocessHook","filename":"subprocess.py","lineno":103}
{"timestamp":"2026-01-10T07:17:26.458042Z","level":"error","event":"Task failed with exception","logger":"task","filename":"task_runner.py","lineno":986,"error_detail":[{"exc_type":"AirflowException","exc_value":"Bash command failed. The command returned a non-zero exit code 1.","exc_notes":[],"syntax_error":null,"is_cause":false,"frames":[{"filename":"/home/nishita/cuda/lib/python3.12/site-packages/airflow/sdk/execution_time/task_runner.py","lineno":934,"name":"run"},{"filename":"/home/nishita/cuda/lib/python3.12/site-packages/airflow/sdk/execution_time/task_runner.py","lineno":1325,"name":"_execute_task"},{"filename":"/home/nishita/cuda/lib/python3.12/site-packages/airflow/sdk/bases/operator.py","lineno":417,"name":"wrapper"},{"filename":"/home/nishita/cuda/lib/python3.12/site-packages/airflow/providers/standard/operators/bash.py","lineno":227,"name":"execute"}],"is_group":false,"exceptions":[]}]}
{"timestamp":"2026-01-10T07:17:26.460234Z","level":"info","event":"Task instance in failure state","logger":"task.stdout"}
{"timestamp":"2026-01-10T07:17:26.460834Z","level":"info","event":"Task start","logger":"task.stdout"}
{"timestamp":"2026-01-10T07:17:26.461060Z","level":"info","event":"Task:<Task(BashOperator): spark_fusion>","logger":"task.stdout"}
{"timestamp":"2026-01-10T07:17:26.461206Z","level":"info","event":"Failure caused by Bash command failed. The command returned a non-zero exit code 1.","logger":"task.stdout"}
