{"timestamp":"2026-01-10T07:21:59.357310Z","level":"info","event":"DAG bundles loaded: dags-folder, example_dags","logger":"airflow.dag_processing.bundles.manager.DagBundlesManager","filename":"manager.py","lineno":179}
{"timestamp":"2026-01-10T07:21:59.358481Z","level":"info","event":"Filling up the DagBag from /home/nishita/Desktop/IS/BigQueryIS/airflow/dags/multimodal_pipeline.py","logger":"airflow.models.dagbag.DagBag","filename":"dagbag.py","lineno":593}
{"timestamp":"2026-01-10T07:21:59.407262Z","level":"info","event":"Task instance is in running state","logger":"task.stdout"}
{"timestamp":"2026-01-10T07:21:59.407493Z","level":"info","event":" Previous state of the Task instance: TaskInstanceState.QUEUED","logger":"task.stdout"}
{"timestamp":"2026-01-10T07:21:59.407669Z","level":"info","event":"Current task name:spark_fusion","logger":"task.stdout"}
{"timestamp":"2026-01-10T07:21:59.407787Z","level":"info","event":"Dag name:multimodal_pipeline","logger":"task.stdout"}
{"timestamp":"2026-01-10T07:21:59.408710Z","level":"info","event":"Tmp dir root location: /tmp","logger":"airflow.task.hooks.airflow.providers.standard.hooks.subprocess.SubprocessHook","filename":"subprocess.py","lineno":78}
{"timestamp":"2026-01-10T07:21:59.409647Z","level":"info","event":"Running command: ['/usr/bin/bash', '-c', '\\n        set -ux\\n        echo \"PWD=$(pwd)\"\\n        echo \"USER=$(whoami)\"\\n\\n        echo \"JAVA:\"\\n        java -version || echo \"JAVA NOT FOUND\"\\n\\n        echo \"SPARK:\"\\n        which spark-submit || echo \"spark-submit NOT FOUND\"\\n        ls -l /opt/spark/bin || echo \"/opt/spark/bin NOT FOUND\"\\n\\n        echo \"PYTHON:\"\\n        source cuda/bin/activate\\n        which python\\n        python -V\\n        ']","logger":"airflow.task.hooks.airflow.providers.standard.hooks.subprocess.SubprocessHook","filename":"subprocess.py","lineno":80}
{"timestamp":"2026-01-10T07:21:59.411063Z","level":"info","event":"Output:","logger":"airflow.task.hooks.airflow.providers.standard.hooks.subprocess.SubprocessHook","filename":"subprocess.py","lineno":92}
{"timestamp":"2026-01-10T07:21:59.413457Z","level":"info","event":"++ pwd","logger":"airflow.task.hooks.airflow.providers.standard.hooks.subprocess.SubprocessHook","filename":"subprocess.py","lineno":99}
{"timestamp":"2026-01-10T07:21:59.413857Z","level":"info","event":"+ echo PWD=/tmp/airflowtmpa1r7kwtt","logger":"airflow.task.hooks.airflow.providers.standard.hooks.subprocess.SubprocessHook","filename":"subprocess.py","lineno":99}
{"timestamp":"2026-01-10T07:21:59.413997Z","level":"info","event":"PWD=/tmp/airflowtmpa1r7kwtt","logger":"airflow.task.hooks.airflow.providers.standard.hooks.subprocess.SubprocessHook","filename":"subprocess.py","lineno":99}
{"timestamp":"2026-01-10T07:21:59.414618Z","level":"info","event":"++ whoami","logger":"airflow.task.hooks.airflow.providers.standard.hooks.subprocess.SubprocessHook","filename":"subprocess.py","lineno":99}
{"timestamp":"2026-01-10T07:21:59.416877Z","level":"info","event":"+ echo USER=nishita","logger":"airflow.task.hooks.airflow.providers.standard.hooks.subprocess.SubprocessHook","filename":"subprocess.py","lineno":99}
{"timestamp":"2026-01-10T07:21:59.417084Z","level":"info","event":"USER=nishita","logger":"airflow.task.hooks.airflow.providers.standard.hooks.subprocess.SubprocessHook","filename":"subprocess.py","lineno":99}
{"timestamp":"2026-01-10T07:21:59.417199Z","level":"info","event":"+ echo JAVA:","logger":"airflow.task.hooks.airflow.providers.standard.hooks.subprocess.SubprocessHook","filename":"subprocess.py","lineno":99}
{"timestamp":"2026-01-10T07:21:59.417293Z","level":"info","event":"JAVA:","logger":"airflow.task.hooks.airflow.providers.standard.hooks.subprocess.SubprocessHook","filename":"subprocess.py","lineno":99}
{"timestamp":"2026-01-10T07:21:59.417389Z","level":"info","event":"+ java -version","logger":"airflow.task.hooks.airflow.providers.standard.hooks.subprocess.SubprocessHook","filename":"subprocess.py","lineno":99}
{"timestamp":"2026-01-10T07:21:59.465425Z","level":"info","event":"openjdk version \"21.0.9\" 2025-10-21","logger":"airflow.task.hooks.airflow.providers.standard.hooks.subprocess.SubprocessHook","filename":"subprocess.py","lineno":99}
{"timestamp":"2026-01-10T07:21:59.465654Z","level":"info","event":"OpenJDK Runtime Environment (build 21.0.9+10-Ubuntu-124.04)","logger":"airflow.task.hooks.airflow.providers.standard.hooks.subprocess.SubprocessHook","filename":"subprocess.py","lineno":99}
{"timestamp":"2026-01-10T07:21:59.465731Z","level":"info","event":"OpenJDK 64-Bit Server VM (build 21.0.9+10-Ubuntu-124.04, mixed mode, sharing)","logger":"airflow.task.hooks.airflow.providers.standard.hooks.subprocess.SubprocessHook","filename":"subprocess.py","lineno":99}
{"timestamp":"2026-01-10T07:21:59.474289Z","level":"info","event":"+ echo SPARK:","logger":"airflow.task.hooks.airflow.providers.standard.hooks.subprocess.SubprocessHook","filename":"subprocess.py","lineno":99}
{"timestamp":"2026-01-10T07:21:59.474515Z","level":"info","event":"SPARK:","logger":"airflow.task.hooks.airflow.providers.standard.hooks.subprocess.SubprocessHook","filename":"subprocess.py","lineno":99}
{"timestamp":"2026-01-10T07:21:59.474642Z","level":"info","event":"+ which spark-submit","logger":"airflow.task.hooks.airflow.providers.standard.hooks.subprocess.SubprocessHook","filename":"subprocess.py","lineno":99}
{"timestamp":"2026-01-10T07:21:59.476289Z","level":"info","event":"/home/nishita/cuda/bin/spark-submit","logger":"airflow.task.hooks.airflow.providers.standard.hooks.subprocess.SubprocessHook","filename":"subprocess.py","lineno":99}
{"timestamp":"2026-01-10T07:21:59.476544Z","level":"info","event":"+ ls -l /opt/spark/bin","logger":"airflow.task.hooks.airflow.providers.standard.hooks.subprocess.SubprocessHook","filename":"subprocess.py","lineno":99}
{"timestamp":"2026-01-10T07:21:59.479815Z","level":"info","event":"total 120","logger":"airflow.task.hooks.airflow.providers.standard.hooks.subprocess.SubprocessHook","filename":"subprocess.py","lineno":99}
{"timestamp":"2026-01-10T07:21:59.480063Z","level":"info","event":"-rwxr-xr-x 1 nishita nishita  1089 Feb 15  2024 beeline","logger":"airflow.task.hooks.airflow.providers.standard.hooks.subprocess.SubprocessHook","filename":"subprocess.py","lineno":99}
{"timestamp":"2026-01-10T07:21:59.480198Z","level":"info","event":"-rw-r--r-- 1 nishita nishita  1064 Feb 15  2024 beeline.cmd","logger":"airflow.task.hooks.airflow.providers.standard.hooks.subprocess.SubprocessHook","filename":"subprocess.py","lineno":99}
{"timestamp":"2026-01-10T07:21:59.480296Z","level":"info","event":"-rwxr-xr-x 1 nishita nishita 10987 Feb 15  2024 docker-image-tool.sh","logger":"airflow.task.hooks.airflow.providers.standard.hooks.subprocess.SubprocessHook","filename":"subprocess.py","lineno":99}
{"timestamp":"2026-01-10T07:21:59.480380Z","level":"info","event":"-rwxr-xr-x 1 nishita nishita  1935 Feb 15  2024 find-spark-home","logger":"airflow.task.hooks.airflow.providers.standard.hooks.subprocess.SubprocessHook","filename":"subprocess.py","lineno":99}
{"timestamp":"2026-01-10T07:21:59.480462Z","level":"info","event":"-rw-r--r-- 1 nishita nishita  2685 Feb 15  2024 find-spark-home.cmd","logger":"airflow.task.hooks.airflow.providers.standard.hooks.subprocess.SubprocessHook","filename":"subprocess.py","lineno":99}
{"timestamp":"2026-01-10T07:21:59.480546Z","level":"info","event":"-rw-r--r-- 1 nishita nishita  2337 Feb 15  2024 load-spark-env.cmd","logger":"airflow.task.hooks.airflow.providers.standard.hooks.subprocess.SubprocessHook","filename":"subprocess.py","lineno":99}
{"timestamp":"2026-01-10T07:21:59.480656Z","level":"info","event":"-rw-r--r-- 1 nishita nishita  2678 Feb 15  2024 load-spark-env.sh","logger":"airflow.task.hooks.airflow.providers.standard.hooks.subprocess.SubprocessHook","filename":"subprocess.py","lineno":99}
{"timestamp":"2026-01-10T07:21:59.480742Z","level":"info","event":"-rwxr-xr-x 1 nishita nishita  2636 Feb 15  2024 pyspark","logger":"airflow.task.hooks.airflow.providers.standard.hooks.subprocess.SubprocessHook","filename":"subprocess.py","lineno":99}
{"timestamp":"2026-01-10T07:21:59.480825Z","level":"info","event":"-rw-r--r-- 1 nishita nishita  1542 Feb 15  2024 pyspark2.cmd","logger":"airflow.task.hooks.airflow.providers.standard.hooks.subprocess.SubprocessHook","filename":"subprocess.py","lineno":99}
{"timestamp":"2026-01-10T07:21:59.480911Z","level":"info","event":"-rw-r--r-- 1 nishita nishita  1170 Feb 15  2024 pyspark.cmd","logger":"airflow.task.hooks.airflow.providers.standard.hooks.subprocess.SubprocessHook","filename":"subprocess.py","lineno":99}
{"timestamp":"2026-01-10T07:21:59.480997Z","level":"info","event":"-rwxr-xr-x 1 nishita nishita  1030 Feb 15  2024 run-example","logger":"airflow.task.hooks.airflow.providers.standard.hooks.subprocess.SubprocessHook","filename":"subprocess.py","lineno":99}
{"timestamp":"2026-01-10T07:21:59.481083Z","level":"info","event":"-rw-r--r-- 1 nishita nishita  1223 Feb 15  2024 run-example.cmd","logger":"airflow.task.hooks.airflow.providers.standard.hooks.subprocess.SubprocessHook","filename":"subprocess.py","lineno":99}
{"timestamp":"2026-01-10T07:21:59.481174Z","level":"info","event":"-rwxr-xr-x 1 nishita nishita  3561 Feb 15  2024 spark-class","logger":"airflow.task.hooks.airflow.providers.standard.hooks.subprocess.SubprocessHook","filename":"subprocess.py","lineno":99}
{"timestamp":"2026-01-10T07:21:59.481263Z","level":"info","event":"-rwxr-xr-x 1 nishita nishita  2891 Feb 15  2024 spark-class2.cmd","logger":"airflow.task.hooks.airflow.providers.standard.hooks.subprocess.SubprocessHook","filename":"subprocess.py","lineno":99}
{"timestamp":"2026-01-10T07:21:59.481346Z","level":"info","event":"-rw-r--r-- 1 nishita nishita  1180 Feb 15  2024 spark-class.cmd","logger":"airflow.task.hooks.airflow.providers.standard.hooks.subprocess.SubprocessHook","filename":"subprocess.py","lineno":99}
{"timestamp":"2026-01-10T07:21:59.481441Z","level":"info","event":"-rwxr-xr-x 1 nishita nishita  1154 Feb 15  2024 spark-connect-shell","logger":"airflow.task.hooks.airflow.providers.standard.hooks.subprocess.SubprocessHook","filename":"subprocess.py","lineno":99}
{"timestamp":"2026-01-10T07:21:59.481531Z","level":"info","event":"-rwxr-xr-x 1 nishita nishita  1047 Feb 15  2024 sparkR","logger":"airflow.task.hooks.airflow.providers.standard.hooks.subprocess.SubprocessHook","filename":"subprocess.py","lineno":99}
{"timestamp":"2026-01-10T07:21:59.481646Z","level":"info","event":"-rw-r--r-- 1 nishita nishita  1097 Feb 15  2024 sparkR2.cmd","logger":"airflow.task.hooks.airflow.providers.standard.hooks.subprocess.SubprocessHook","filename":"subprocess.py","lineno":99}
{"timestamp":"2026-01-10T07:21:59.481743Z","level":"info","event":"-rw-r--r-- 1 nishita nishita  1168 Feb 15  2024 sparkR.cmd","logger":"airflow.task.hooks.airflow.providers.standard.hooks.subprocess.SubprocessHook","filename":"subprocess.py","lineno":99}
{"timestamp":"2026-01-10T07:21:59.481837Z","level":"info","event":"-rwxr-xr-x 1 nishita nishita  3122 Feb 15  2024 spark-shell","logger":"airflow.task.hooks.airflow.providers.standard.hooks.subprocess.SubprocessHook","filename":"subprocess.py","lineno":99}
{"timestamp":"2026-01-10T07:21:59.481931Z","level":"info","event":"-rw-r--r-- 1 nishita nishita  1818 Feb 15  2024 spark-shell2.cmd","logger":"airflow.task.hooks.airflow.providers.standard.hooks.subprocess.SubprocessHook","filename":"subprocess.py","lineno":99}
{"timestamp":"2026-01-10T07:21:59.482032Z","level":"info","event":"-rw-r--r-- 1 nishita nishita  1178 Feb 15  2024 spark-shell.cmd","logger":"airflow.task.hooks.airflow.providers.standard.hooks.subprocess.SubprocessHook","filename":"subprocess.py","lineno":99}
{"timestamp":"2026-01-10T07:21:59.482130Z","level":"info","event":"-rwxr-xr-x 1 nishita nishita  1065 Feb 15  2024 spark-sql","logger":"airflow.task.hooks.airflow.providers.standard.hooks.subprocess.SubprocessHook","filename":"subprocess.py","lineno":99}
{"timestamp":"2026-01-10T07:21:59.482227Z","level":"info","event":"-rw-r--r-- 1 nishita nishita  1118 Feb 15  2024 spark-sql2.cmd","logger":"airflow.task.hooks.airflow.providers.standard.hooks.subprocess.SubprocessHook","filename":"subprocess.py","lineno":99}
{"timestamp":"2026-01-10T07:21:59.482321Z","level":"info","event":"-rw-r--r-- 1 nishita nishita  1173 Feb 15  2024 spark-sql.cmd","logger":"airflow.task.hooks.airflow.providers.standard.hooks.subprocess.SubprocessHook","filename":"subprocess.py","lineno":99}
{"timestamp":"2026-01-10T07:21:59.482415Z","level":"info","event":"-rwxr-xr-x 1 nishita nishita  1040 Feb 15  2024 spark-submit","logger":"airflow.task.hooks.airflow.providers.standard.hooks.subprocess.SubprocessHook","filename":"subprocess.py","lineno":99}
{"timestamp":"2026-01-10T07:21:59.482511Z","level":"info","event":"-rw-r--r-- 1 nishita nishita  1155 Feb 15  2024 spark-submit2.cmd","logger":"airflow.task.hooks.airflow.providers.standard.hooks.subprocess.SubprocessHook","filename":"subprocess.py","lineno":99}
{"timestamp":"2026-01-10T07:21:59.482633Z","level":"info","event":"-rw-r--r-- 1 nishita nishita  1180 Feb 15  2024 spark-submit.cmd","logger":"airflow.task.hooks.airflow.providers.standard.hooks.subprocess.SubprocessHook","filename":"subprocess.py","lineno":99}
{"timestamp":"2026-01-10T07:21:59.482752Z","level":"info","event":"+ echo PYTHON:","logger":"airflow.task.hooks.airflow.providers.standard.hooks.subprocess.SubprocessHook","filename":"subprocess.py","lineno":99}
{"timestamp":"2026-01-10T07:21:59.482853Z","level":"info","event":"PYTHON:","logger":"airflow.task.hooks.airflow.providers.standard.hooks.subprocess.SubprocessHook","filename":"subprocess.py","lineno":99}
{"timestamp":"2026-01-10T07:21:59.482949Z","level":"info","event":"+ source cuda/bin/activate","logger":"airflow.task.hooks.airflow.providers.standard.hooks.subprocess.SubprocessHook","filename":"subprocess.py","lineno":99}
{"timestamp":"2026-01-10T07:21:59.483045Z","level":"info","event":"/usr/bin/bash: line 14: cuda/bin/activate: No such file or directory","logger":"airflow.task.hooks.airflow.providers.standard.hooks.subprocess.SubprocessHook","filename":"subprocess.py","lineno":99}
{"timestamp":"2026-01-10T07:21:59.483139Z","level":"info","event":"+ which python","logger":"airflow.task.hooks.airflow.providers.standard.hooks.subprocess.SubprocessHook","filename":"subprocess.py","lineno":99}
{"timestamp":"2026-01-10T07:21:59.483243Z","level":"info","event":"/home/nishita/cuda/bin/python","logger":"airflow.task.hooks.airflow.providers.standard.hooks.subprocess.SubprocessHook","filename":"subprocess.py","lineno":99}
{"timestamp":"2026-01-10T07:21:59.483582Z","level":"info","event":"+ python -V","logger":"airflow.task.hooks.airflow.providers.standard.hooks.subprocess.SubprocessHook","filename":"subprocess.py","lineno":99}
{"timestamp":"2026-01-10T07:21:59.485877Z","level":"info","event":"Python 3.12.7","logger":"airflow.task.hooks.airflow.providers.standard.hooks.subprocess.SubprocessHook","filename":"subprocess.py","lineno":99}
{"timestamp":"2026-01-10T07:21:59.486464Z","level":"info","event":"Command exited with return code 0","logger":"airflow.task.hooks.airflow.providers.standard.hooks.subprocess.SubprocessHook","filename":"subprocess.py","lineno":103}
{"timestamp":"2026-01-10T07:21:59.487325Z","level":"info","event":"Pushing xcom","ti":"RuntimeTaskInstance(id=UUID('019ba6c8-8027-740a-a25d-a98435be6efd'), task_id='spark_fusion', dag_id='multimodal_pipeline', run_id='manual__2026-01-10T07:21:53+00:00', try_number=1, dag_version_id=UUID('019ba6c8-12c6-747e-94b5-8de71e635472'), map_index=-1, hostname='bytepaws', context_carrier={}, task=<Task(BashOperator): spark_fusion>, bundle_instance=LocalDagBundle(name=dags-folder), max_tries=0, start_date=datetime.datetime(2026, 1, 10, 7, 21, 59, 321620, tzinfo=datetime.timezone.utc), end_date=None, state=<TaskInstanceState.RUNNING: 'running'>, is_mapped=False, rendered_map_index=None)","logger":"task","filename":"task_runner.py","lineno":1370}
{"timestamp":"2026-01-10T07:21:59.545339Z","level":"info","event":"Task instance in success state","logger":"task.stdout"}
{"timestamp":"2026-01-10T07:21:59.545560Z","level":"info","event":" Previous state of the Task instance: TaskInstanceState.RUNNING","logger":"task.stdout"}
{"timestamp":"2026-01-10T07:21:59.545767Z","level":"info","event":"Task operator:<Task(BashOperator): spark_fusion>","logger":"task.stdout"}
