{"timestamp":"2026-01-07T16:54:15.869326Z","level":"info","event":"DAG bundles loaded: dags-folder, example_dags","logger":"airflow.dag_processing.bundles.manager.DagBundlesManager","filename":"manager.py","lineno":179}
{"timestamp":"2026-01-07T16:54:15.869946Z","level":"info","event":"Filling up the DagBag from /home/dell/BigQueryIS/airflow/dags/multimodal_pipeline.py","logger":"airflow.models.dagbag.DagBag","filename":"dagbag.py","lineno":593}
{"timestamp":"2026-01-07T16:54:15.897731Z","level":"info","event":"Task instance is in running state","logger":"task.stdout"}
{"timestamp":"2026-01-07T16:54:15.897839Z","level":"info","event":" Previous state of the Task instance: TaskInstanceState.QUEUED","logger":"task.stdout"}
{"timestamp":"2026-01-07T16:54:15.897936Z","level":"info","event":"Current task name:spark_fusion","logger":"task.stdout"}
{"timestamp":"2026-01-07T16:54:15.897985Z","level":"info","event":"Dag name:multimodal_pipeline","logger":"task.stdout"}
{"timestamp":"2026-01-07T16:54:15.898393Z","level":"info","event":"Tmp dir root location: /tmp","logger":"airflow.task.hooks.airflow.providers.standard.hooks.subprocess.SubprocessHook","filename":"subprocess.py","lineno":78}
{"timestamp":"2026-01-07T16:54:15.899158Z","level":"info","event":"Running command: ['/usr/bin/bash', '-c', '\\n        source /home/dell/BigQueryIS/venv/bin/activate\\n        spark-submit /home/dell/BigQueryIS/spark_fusion.py\\n        ']","logger":"airflow.task.hooks.airflow.providers.standard.hooks.subprocess.SubprocessHook","filename":"subprocess.py","lineno":80}
{"timestamp":"2026-01-07T16:54:15.899812Z","level":"info","event":"Output:","logger":"airflow.task.hooks.airflow.providers.standard.hooks.subprocess.SubprocessHook","filename":"subprocess.py","lineno":92}
{"timestamp":"2026-01-07T16:54:16.180016Z","level":"info","event":"WARNING: Using incubator modules: jdk.incubator.vector","logger":"airflow.task.hooks.airflow.providers.standard.hooks.subprocess.SubprocessHook","filename":"subprocess.py","lineno":99}
{"timestamp":"2026-01-07T16:54:17.194823Z","level":"info","event":"Using Spark's default log4j profile: org/apache/spark/log4j2-defaults.properties","logger":"airflow.task.hooks.airflow.providers.standard.hooks.subprocess.SubprocessHook","filename":"subprocess.py","lineno":99}
{"timestamp":"2026-01-07T16:54:17.234031Z","level":"info","event":"26/01/07 22:24:17 WARN Utils: Your hostname, dell-Vostro-3590, resolves to a loopback address: 127.0.1.1; using 10.1.99.189 instead (on interface enp1s0)","logger":"airflow.task.hooks.airflow.providers.standard.hooks.subprocess.SubprocessHook","filename":"subprocess.py","lineno":99}
{"timestamp":"2026-01-07T16:54:17.237167Z","level":"info","event":"26/01/07 22:24:17 WARN Utils: Set SPARK_LOCAL_IP if you need to bind to another address","logger":"airflow.task.hooks.airflow.providers.standard.hooks.subprocess.SubprocessHook","filename":"subprocess.py","lineno":99}
{"timestamp":"2026-01-07T16:54:19.610286Z","level":"info","event":"Using Spark's default log4j profile: org/apache/spark/log4j2-defaults.properties","logger":"airflow.task.hooks.airflow.providers.standard.hooks.subprocess.SubprocessHook","filename":"subprocess.py","lineno":99}
{"timestamp":"2026-01-07T16:54:19.616061Z","level":"info","event":"26/01/07 22:24:19 INFO SparkContext: Running Spark version 4.1.0","logger":"airflow.task.hooks.airflow.providers.standard.hooks.subprocess.SubprocessHook","filename":"subprocess.py","lineno":99}
{"timestamp":"2026-01-07T16:54:19.617036Z","level":"info","event":"26/01/07 22:24:19 INFO SparkContext: OS info Linux, 6.14.0-37-generic, amd64","logger":"airflow.task.hooks.airflow.providers.standard.hooks.subprocess.SubprocessHook","filename":"subprocess.py","lineno":99}
{"timestamp":"2026-01-07T16:54:19.617727Z","level":"info","event":"26/01/07 22:24:19 INFO SparkContext: Java version 21.0.9+10-Ubuntu-124.04","logger":"airflow.task.hooks.airflow.providers.standard.hooks.subprocess.SubprocessHook","filename":"subprocess.py","lineno":99}
{"timestamp":"2026-01-07T16:54:19.747673Z","level":"info","event":"26/01/07 22:24:19 WARN NativeCodeLoader: Unable to load native-hadoop library for your platform... using builtin-java classes where applicable","logger":"airflow.task.hooks.airflow.providers.standard.hooks.subprocess.SubprocessHook","filename":"subprocess.py","lineno":99}
{"timestamp":"2026-01-07T16:54:19.823937Z","level":"info","event":"26/01/07 22:24:19 INFO ResourceUtils: ==============================================================","logger":"airflow.task.hooks.airflow.providers.standard.hooks.subprocess.SubprocessHook","filename":"subprocess.py","lineno":99}
{"timestamp":"2026-01-07T16:54:19.824636Z","level":"info","event":"26/01/07 22:24:19 INFO ResourceUtils: No custom resources configured for spark.driver.","logger":"airflow.task.hooks.airflow.providers.standard.hooks.subprocess.SubprocessHook","filename":"subprocess.py","lineno":99}
{"timestamp":"2026-01-07T16:54:19.825404Z","level":"info","event":"26/01/07 22:24:19 INFO ResourceUtils: ==============================================================","logger":"airflow.task.hooks.airflow.providers.standard.hooks.subprocess.SubprocessHook","filename":"subprocess.py","lineno":99}
{"timestamp":"2026-01-07T16:54:19.826168Z","level":"info","event":"26/01/07 22:24:19 INFO SparkContext: Submitted application: Generic-Multimodal-Fusion","logger":"airflow.task.hooks.airflow.providers.standard.hooks.subprocess.SubprocessHook","filename":"subprocess.py","lineno":99}
{"timestamp":"2026-01-07T16:54:19.915674Z","level":"info","event":"26/01/07 22:24:19 INFO SecurityManager: Changing view acls to: dell","logger":"airflow.task.hooks.airflow.providers.standard.hooks.subprocess.SubprocessHook","filename":"subprocess.py","lineno":99}
{"timestamp":"2026-01-07T16:54:19.916598Z","level":"info","event":"26/01/07 22:24:19 INFO SecurityManager: Changing modify acls to: dell","logger":"airflow.task.hooks.airflow.providers.standard.hooks.subprocess.SubprocessHook","filename":"subprocess.py","lineno":99}
{"timestamp":"2026-01-07T16:54:19.917602Z","level":"info","event":"26/01/07 22:24:19 INFO SecurityManager: Changing view acls groups to: dell","logger":"airflow.task.hooks.airflow.providers.standard.hooks.subprocess.SubprocessHook","filename":"subprocess.py","lineno":99}
{"timestamp":"2026-01-07T16:54:19.918446Z","level":"info","event":"26/01/07 22:24:19 INFO SecurityManager: Changing modify acls groups to: dell","logger":"airflow.task.hooks.airflow.providers.standard.hooks.subprocess.SubprocessHook","filename":"subprocess.py","lineno":99}
{"timestamp":"2026-01-07T16:54:19.919585Z","level":"info","event":"26/01/07 22:24:19 INFO SecurityManager: SecurityManager: authentication disabled; ui acls disabled; users with view permissions: dell groups with view permissions: EMPTY; users with modify permissions: dell; groups with modify permissions: EMPTY; RPC SSL disabled","logger":"airflow.task.hooks.airflow.providers.standard.hooks.subprocess.SubprocessHook","filename":"subprocess.py","lineno":99}
{"timestamp":"2026-01-07T16:54:20.281312Z","level":"info","event":"26/01/07 22:24:20 INFO Utils: Successfully started service 'sparkDriver' on port 35665.","logger":"airflow.task.hooks.airflow.providers.standard.hooks.subprocess.SubprocessHook","filename":"subprocess.py","lineno":99}
{"timestamp":"2026-01-07T16:54:20.315113Z","level":"info","event":"26/01/07 22:24:20 INFO SparkEnv: Registering MapOutputTracker","logger":"airflow.task.hooks.airflow.providers.standard.hooks.subprocess.SubprocessHook","filename":"subprocess.py","lineno":99}
{"timestamp":"2026-01-07T16:54:20.331245Z","level":"info","event":"26/01/07 22:24:20 INFO SparkEnv: Registering BlockManagerMaster","logger":"airflow.task.hooks.airflow.providers.standard.hooks.subprocess.SubprocessHook","filename":"subprocess.py","lineno":99}
{"timestamp":"2026-01-07T16:54:20.355233Z","level":"info","event":"26/01/07 22:24:20 INFO BlockManagerMasterEndpoint: Using org.apache.spark.storage.DefaultTopologyMapper for getting topology information","logger":"airflow.task.hooks.airflow.providers.standard.hooks.subprocess.SubprocessHook","filename":"subprocess.py","lineno":99}
{"timestamp":"2026-01-07T16:54:20.355917Z","level":"info","event":"26/01/07 22:24:20 INFO BlockManagerMasterEndpoint: BlockManagerMasterEndpoint up","logger":"airflow.task.hooks.airflow.providers.standard.hooks.subprocess.SubprocessHook","filename":"subprocess.py","lineno":99}
{"timestamp":"2026-01-07T16:54:20.361355Z","level":"info","event":"26/01/07 22:24:20 INFO SparkEnv: Registering BlockManagerMasterHeartbeat","logger":"airflow.task.hooks.airflow.providers.standard.hooks.subprocess.SubprocessHook","filename":"subprocess.py","lineno":99}
{"timestamp":"2026-01-07T16:54:20.395774Z","level":"info","event":"26/01/07 22:24:20 INFO DiskBlockManager: Created local directory at /tmp/blockmgr-7e41ee96-6732-403a-991a-f6c0f7544bf4","logger":"airflow.task.hooks.airflow.providers.standard.hooks.subprocess.SubprocessHook","filename":"subprocess.py","lineno":99}
{"timestamp":"2026-01-07T16:54:20.431732Z","level":"info","event":"26/01/07 22:24:20 INFO SparkEnv: Registering OutputCommitCoordinator","logger":"airflow.task.hooks.airflow.providers.standard.hooks.subprocess.SubprocessHook","filename":"subprocess.py","lineno":99}
{"timestamp":"2026-01-07T16:54:20.644878Z","level":"info","event":"26/01/07 22:24:20 INFO JettyUtils: Start Jetty 0.0.0.0:4040 for SparkUI","logger":"airflow.task.hooks.airflow.providers.standard.hooks.subprocess.SubprocessHook","filename":"subprocess.py","lineno":99}
{"timestamp":"2026-01-07T16:54:20.800462Z","level":"info","event":"26/01/07 22:24:20 INFO Utils: Successfully started service 'SparkUI' on port 4040.","logger":"airflow.task.hooks.airflow.providers.standard.hooks.subprocess.SubprocessHook","filename":"subprocess.py","lineno":99}
{"timestamp":"2026-01-07T16:54:20.908800Z","level":"info","event":"26/01/07 22:24:20 INFO ResourceProfile: Default ResourceProfile created, executor resources: Map(cores -> name: cores, amount: 1, script: , vendor: , memory -> name: memory, amount: 1024, script: , vendor: , offHeap -> name: offHeap, amount: 0, script: , vendor: ), task resources: Map(cpus -> name: cpus, amount: 1.0)","logger":"airflow.task.hooks.airflow.providers.standard.hooks.subprocess.SubprocessHook","filename":"subprocess.py","lineno":99}
{"timestamp":"2026-01-07T16:54:20.912740Z","level":"info","event":"26/01/07 22:24:20 INFO ResourceProfile: Limiting resource is cpu","logger":"airflow.task.hooks.airflow.providers.standard.hooks.subprocess.SubprocessHook","filename":"subprocess.py","lineno":99}
{"timestamp":"2026-01-07T16:54:20.913986Z","level":"info","event":"26/01/07 22:24:20 INFO ResourceProfileManager: Added ResourceProfile id: 0","logger":"airflow.task.hooks.airflow.providers.standard.hooks.subprocess.SubprocessHook","filename":"subprocess.py","lineno":99}
{"timestamp":"2026-01-07T16:54:20.939185Z","level":"info","event":"26/01/07 22:24:20 INFO SecurityManager: Changing view acls to: dell","logger":"airflow.task.hooks.airflow.providers.standard.hooks.subprocess.SubprocessHook","filename":"subprocess.py","lineno":99}
{"timestamp":"2026-01-07T16:54:20.939657Z","level":"info","event":"26/01/07 22:24:20 INFO SecurityManager: Changing modify acls to: dell","logger":"airflow.task.hooks.airflow.providers.standard.hooks.subprocess.SubprocessHook","filename":"subprocess.py","lineno":99}
{"timestamp":"2026-01-07T16:54:20.940120Z","level":"info","event":"26/01/07 22:24:20 INFO SecurityManager: Changing view acls groups to: dell","logger":"airflow.task.hooks.airflow.providers.standard.hooks.subprocess.SubprocessHook","filename":"subprocess.py","lineno":99}
{"timestamp":"2026-01-07T16:54:20.940636Z","level":"info","event":"26/01/07 22:24:20 INFO SecurityManager: Changing modify acls groups to: dell","logger":"airflow.task.hooks.airflow.providers.standard.hooks.subprocess.SubprocessHook","filename":"subprocess.py","lineno":99}
{"timestamp":"2026-01-07T16:54:20.941146Z","level":"info","event":"26/01/07 22:24:20 INFO SecurityManager: SecurityManager: authentication disabled; ui acls disabled; users with view permissions: dell groups with view permissions: EMPTY; users with modify permissions: dell; groups with modify permissions: EMPTY; RPC SSL disabled","logger":"airflow.task.hooks.airflow.providers.standard.hooks.subprocess.SubprocessHook","filename":"subprocess.py","lineno":99}
{"timestamp":"2026-01-07T16:54:21.201865Z","level":"info","event":"26/01/07 22:24:21 INFO Executor: Starting executor ID driver on host 10.1.99.189","logger":"airflow.task.hooks.airflow.providers.standard.hooks.subprocess.SubprocessHook","filename":"subprocess.py","lineno":99}
{"timestamp":"2026-01-07T16:54:21.202530Z","level":"info","event":"26/01/07 22:24:21 INFO Executor: OS info Linux, 6.14.0-37-generic, amd64","logger":"airflow.task.hooks.airflow.providers.standard.hooks.subprocess.SubprocessHook","filename":"subprocess.py","lineno":99}
{"timestamp":"2026-01-07T16:54:21.203043Z","level":"info","event":"26/01/07 22:24:21 INFO Executor: Java version 21.0.9+10-Ubuntu-124.04","logger":"airflow.task.hooks.airflow.providers.standard.hooks.subprocess.SubprocessHook","filename":"subprocess.py","lineno":99}
{"timestamp":"2026-01-07T16:54:21.215518Z","level":"info","event":"26/01/07 22:24:21 INFO Executor: Starting executor with user classpath (userClassPathFirst = false): ''","logger":"airflow.task.hooks.airflow.providers.standard.hooks.subprocess.SubprocessHook","filename":"subprocess.py","lineno":99}
{"timestamp":"2026-01-07T16:54:21.217061Z","level":"info","event":"26/01/07 22:24:21 INFO Executor: Created or updated repl class loader org.apache.spark.util.MutableURLClassLoader@169633f9 for default.","logger":"airflow.task.hooks.airflow.providers.standard.hooks.subprocess.SubprocessHook","filename":"subprocess.py","lineno":99}
{"timestamp":"2026-01-07T16:54:21.245368Z","level":"info","event":"26/01/07 22:24:21 INFO Utils: Successfully started service 'org.apache.spark.network.netty.NettyBlockTransferService' on port 35609.","logger":"airflow.task.hooks.airflow.providers.standard.hooks.subprocess.SubprocessHook","filename":"subprocess.py","lineno":99}
{"timestamp":"2026-01-07T16:54:21.256760Z","level":"info","event":"26/01/07 22:24:21 INFO NettyBlockTransferService: Server created on 10.1.99.189:35609","logger":"airflow.task.hooks.airflow.providers.standard.hooks.subprocess.SubprocessHook","filename":"subprocess.py","lineno":99}
{"timestamp":"2026-01-07T16:54:21.259314Z","level":"info","event":"26/01/07 22:24:21 INFO BlockManager: Using org.apache.spark.storage.RandomBlockReplicationPolicy for block replication policy","logger":"airflow.task.hooks.airflow.providers.standard.hooks.subprocess.SubprocessHook","filename":"subprocess.py","lineno":99}
{"timestamp":"2026-01-07T16:54:21.279309Z","level":"info","event":"26/01/07 22:24:21 INFO BlockManagerMaster: Registering BlockManager BlockManagerId(driver, 10.1.99.189, 35609, None)","logger":"airflow.task.hooks.airflow.providers.standard.hooks.subprocess.SubprocessHook","filename":"subprocess.py","lineno":99}
{"timestamp":"2026-01-07T16:54:21.286394Z","level":"info","event":"26/01/07 22:24:21 INFO BlockManagerMasterEndpoint: Registering block manager 10.1.99.189:35609 with 434.4 MiB RAM, BlockManagerId(driver, 10.1.99.189, 35609, None)","logger":"airflow.task.hooks.airflow.providers.standard.hooks.subprocess.SubprocessHook","filename":"subprocess.py","lineno":99}
{"timestamp":"2026-01-07T16:54:21.290146Z","level":"info","event":"26/01/07 22:24:21 INFO BlockManagerMaster: Registered BlockManager BlockManagerId(driver, 10.1.99.189, 35609, None)","logger":"airflow.task.hooks.airflow.providers.standard.hooks.subprocess.SubprocessHook","filename":"subprocess.py","lineno":99}
{"timestamp":"2026-01-07T16:54:21.291995Z","level":"info","event":"26/01/07 22:24:21 INFO BlockManager: Initialized BlockManager: BlockManagerId(driver, 10.1.99.189, 35609, None)","logger":"airflow.task.hooks.airflow.providers.standard.hooks.subprocess.SubprocessHook","filename":"subprocess.py","lineno":99}
{"timestamp":"2026-01-07T16:54:24.618529Z","level":"info","event":"26/01/07 22:24:24 INFO SharedState: Setting hive.metastore.warehouse.dir ('null') to the value of spark.sql.warehouse.dir.","logger":"airflow.task.hooks.airflow.providers.standard.hooks.subprocess.SubprocessHook","filename":"subprocess.py","lineno":99}
{"timestamp":"2026-01-07T16:54:24.626943Z","level":"info","event":"26/01/07 22:24:24 INFO SharedState: Warehouse path is 'file:/tmp/airflowtmpmi0ydirv/spark-warehouse'.","logger":"airflow.task.hooks.airflow.providers.standard.hooks.subprocess.SubprocessHook","filename":"subprocess.py","lineno":99}
{"timestamp":"2026-01-07T16:54:25.731739Z","level":"info","event":"26/01/07 22:24:25 INFO InMemoryFileIndex: It took 46 ms to list leaf files for 1 paths.","logger":"airflow.task.hooks.airflow.providers.standard.hooks.subprocess.SubprocessHook","filename":"subprocess.py","lineno":99}
{"timestamp":"2026-01-07T16:54:25.806672Z","level":"info","event":"26/01/07 22:24:25 INFO InMemoryFileIndex: It took 3 ms to list leaf files for 1 paths.","logger":"airflow.task.hooks.airflow.providers.standard.hooks.subprocess.SubprocessHook","filename":"subprocess.py","lineno":99}
{"timestamp":"2026-01-07T16:54:27.008317Z","level":"info","event":"26/01/07 22:24:27 INFO FileSourceStrategy: Pushed Filters:","logger":"airflow.task.hooks.airflow.providers.standard.hooks.subprocess.SubprocessHook","filename":"subprocess.py","lineno":99}
{"timestamp":"2026-01-07T16:54:27.013022Z","level":"info","event":"26/01/07 22:24:27 INFO FileSourceStrategy: Post-Scan Filters: Set((length(trim(value#0, None)) > 0))","logger":"airflow.task.hooks.airflow.providers.standard.hooks.subprocess.SubprocessHook","filename":"subprocess.py","lineno":99}
{"timestamp":"2026-01-07T16:54:27.846401Z","level":"info","event":"26/01/07 22:24:27 INFO CodeGenerator: Code generated in 399.737688 ms","logger":"airflow.task.hooks.airflow.providers.standard.hooks.subprocess.SubprocessHook","filename":"subprocess.py","lineno":99}
{"timestamp":"2026-01-07T16:54:27.872767Z","level":"info","event":"26/01/07 22:24:27 INFO MemoryStore: MemoryStore started with capacity 434.4 MiB","logger":"airflow.task.hooks.airflow.providers.standard.hooks.subprocess.SubprocessHook","filename":"subprocess.py","lineno":99}
{"timestamp":"2026-01-07T16:54:27.914167Z","level":"info","event":"26/01/07 22:24:27 INFO MemoryStore: Block broadcast_0 stored as values in memory (estimated size 214.5 KiB, free 434.2 MiB)","logger":"airflow.task.hooks.airflow.providers.standard.hooks.subprocess.SubprocessHook","filename":"subprocess.py","lineno":99}
{"timestamp":"2026-01-07T16:54:28.013788Z","level":"info","event":"26/01/07 22:24:28 INFO MemoryStore: Block broadcast_0_piece0 stored as bytes in memory (estimated size 38.7 KiB, free 434.2 MiB)","logger":"airflow.task.hooks.airflow.providers.standard.hooks.subprocess.SubprocessHook","filename":"subprocess.py","lineno":99}
{"timestamp":"2026-01-07T16:54:28.025778Z","level":"info","event":"26/01/07 22:24:28 INFO SparkContext: Created broadcast 0 from csv at NativeMethodAccessorImpl.java:0","logger":"airflow.task.hooks.airflow.providers.standard.hooks.subprocess.SubprocessHook","filename":"subprocess.py","lineno":99}
{"timestamp":"2026-01-07T16:54:28.048304Z","level":"info","event":"26/01/07 22:24:28 INFO FileSourceScanExec: Planning scan with bin packing, max size: 4194304 bytes, open cost is considered as scanning 4194304 bytes.","logger":"airflow.task.hooks.airflow.providers.standard.hooks.subprocess.SubprocessHook","filename":"subprocess.py","lineno":99}
{"timestamp":"2026-01-07T16:54:28.256277Z","level":"info","event":"26/01/07 22:24:28 INFO SparkContext: Starting job: csv at NativeMethodAccessorImpl.java:0","logger":"airflow.task.hooks.airflow.providers.standard.hooks.subprocess.SubprocessHook","filename":"subprocess.py","lineno":99}
{"timestamp":"2026-01-07T16:54:28.283134Z","level":"info","event":"26/01/07 22:24:28 INFO DAGScheduler: Got job 0 (csv at NativeMethodAccessorImpl.java:0) with 1 output partitions","logger":"airflow.task.hooks.airflow.providers.standard.hooks.subprocess.SubprocessHook","filename":"subprocess.py","lineno":99}
{"timestamp":"2026-01-07T16:54:28.284294Z","level":"info","event":"26/01/07 22:24:28 INFO DAGScheduler: Final stage: ResultStage 0 (csv at NativeMethodAccessorImpl.java:0)","logger":"airflow.task.hooks.airflow.providers.standard.hooks.subprocess.SubprocessHook","filename":"subprocess.py","lineno":99}
{"timestamp":"2026-01-07T16:54:28.285093Z","level":"info","event":"26/01/07 22:24:28 INFO DAGScheduler: Parents of final stage: List()","logger":"airflow.task.hooks.airflow.providers.standard.hooks.subprocess.SubprocessHook","filename":"subprocess.py","lineno":99}
{"timestamp":"2026-01-07T16:54:28.286771Z","level":"info","event":"26/01/07 22:24:28 INFO DAGScheduler: Missing parents: List()","logger":"airflow.task.hooks.airflow.providers.standard.hooks.subprocess.SubprocessHook","filename":"subprocess.py","lineno":99}
{"timestamp":"2026-01-07T16:54:28.290379Z","level":"info","event":"26/01/07 22:24:28 INFO DAGScheduler: Missing parents found for ResultStage 0: List()","logger":"airflow.task.hooks.airflow.providers.standard.hooks.subprocess.SubprocessHook","filename":"subprocess.py","lineno":99}
{"timestamp":"2026-01-07T16:54:28.292616Z","level":"info","event":"26/01/07 22:24:28 INFO DAGScheduler: Submitting ResultStage 0 (MapPartitionsRDD[3] at csv at NativeMethodAccessorImpl.java:0), which has no missing parents","logger":"airflow.task.hooks.airflow.providers.standard.hooks.subprocess.SubprocessHook","filename":"subprocess.py","lineno":99}
{"timestamp":"2026-01-07T16:54:28.458691Z","level":"info","event":"26/01/07 22:24:28 INFO MemoryStore: Block broadcast_1 stored as values in memory (estimated size 14.3 KiB, free 434.1 MiB)","logger":"airflow.task.hooks.airflow.providers.standard.hooks.subprocess.SubprocessHook","filename":"subprocess.py","lineno":99}
{"timestamp":"2026-01-07T16:54:28.461823Z","level":"info","event":"26/01/07 22:24:28 INFO MemoryStore: Block broadcast_1_piece0 stored as bytes in memory (estimated size 6.8 KiB, free 434.1 MiB)","logger":"airflow.task.hooks.airflow.providers.standard.hooks.subprocess.SubprocessHook","filename":"subprocess.py","lineno":99}
{"timestamp":"2026-01-07T16:54:28.463605Z","level":"info","event":"26/01/07 22:24:28 INFO SparkContext: Created broadcast 1 from broadcast at DAGScheduler.scala:1701","logger":"airflow.task.hooks.airflow.providers.standard.hooks.subprocess.SubprocessHook","filename":"subprocess.py","lineno":99}
{"timestamp":"2026-01-07T16:54:28.498351Z","level":"info","event":"26/01/07 22:24:28 INFO DAGScheduler: Submitting 1 missing tasks from ResultStage 0 (MapPartitionsRDD[3] at csv at NativeMethodAccessorImpl.java:0) (first 15 tasks are for partitions Vector(0))","logger":"airflow.task.hooks.airflow.providers.standard.hooks.subprocess.SubprocessHook","filename":"subprocess.py","lineno":99}
{"timestamp":"2026-01-07T16:54:28.502553Z","level":"info","event":"26/01/07 22:24:28 INFO TaskSchedulerImpl: Adding task set 0.0 with 1 tasks resource profile 0","logger":"airflow.task.hooks.airflow.providers.standard.hooks.subprocess.SubprocessHook","filename":"subprocess.py","lineno":99}
{"timestamp":"2026-01-07T16:54:28.563430Z","level":"info","event":"26/01/07 22:24:28 INFO TaskSetManager: Starting task 0.0 in stage 0.0 (TID 0) (10.1.99.189,executor driver, partition 0, PROCESS_LOCAL, 10251 bytes)","logger":"airflow.task.hooks.airflow.providers.standard.hooks.subprocess.SubprocessHook","filename":"subprocess.py","lineno":99}
{"timestamp":"2026-01-07T16:54:28.591416Z","level":"info","event":"26/01/07 22:24:28 INFO Executor: Running task 0.0 in stage 0.0 (TID 0)","logger":"airflow.task.hooks.airflow.providers.standard.hooks.subprocess.SubprocessHook","filename":"subprocess.py","lineno":99}
{"timestamp":"2026-01-07T16:54:28.775883Z","level":"info","event":"26/01/07 22:24:28 INFO CodeGenerator: Code generated in 37.57154 ms","logger":"airflow.task.hooks.airflow.providers.standard.hooks.subprocess.SubprocessHook","filename":"subprocess.py","lineno":99}
{"timestamp":"2026-01-07T16:54:28.789587Z","level":"info","event":"26/01/07 22:24:28 INFO FileScanRDD: Reading File path: file:///home/dell/BigQueryIS/data/structured/diabetes.csv, range: 0-128, partition values: [empty row]","logger":"airflow.task.hooks.airflow.providers.standard.hooks.subprocess.SubprocessHook","filename":"subprocess.py","lineno":99}
{"timestamp":"2026-01-07T16:54:28.818952Z","level":"info","event":"26/01/07 22:24:28 INFO CodeGenerator: Code generated in 17.737242 ms","logger":"airflow.task.hooks.airflow.providers.standard.hooks.subprocess.SubprocessHook","filename":"subprocess.py","lineno":99}
{"timestamp":"2026-01-07T16:54:28.949877Z","level":"info","event":"26/01/07 22:24:28 INFO Executor: Finished task 0.0 in stage 0.0 (TID 0). 1727 bytes result sent to driver","logger":"airflow.task.hooks.airflow.providers.standard.hooks.subprocess.SubprocessHook","filename":"subprocess.py","lineno":99}
{"timestamp":"2026-01-07T16:54:28.964513Z","level":"info","event":"26/01/07 22:24:28 INFO TaskSetManager: Finished task 0.0 in stage 0.0 (TID 0) in 427 ms on 10.1.99.189 (executor driver) (1/1)","logger":"airflow.task.hooks.airflow.providers.standard.hooks.subprocess.SubprocessHook","filename":"subprocess.py","lineno":99}
{"timestamp":"2026-01-07T16:54:28.967833Z","level":"info","event":"26/01/07 22:24:28 INFO TaskSchedulerImpl: Removed TaskSet 0.0 whose tasks have all completed, from pool","logger":"airflow.task.hooks.airflow.providers.standard.hooks.subprocess.SubprocessHook","filename":"subprocess.py","lineno":99}
{"timestamp":"2026-01-07T16:54:28.977051Z","level":"info","event":"26/01/07 22:24:28 INFO DAGScheduler: ResultStage 0 (csv at NativeMethodAccessorImpl.java:0) finished in 661 ms","logger":"airflow.task.hooks.airflow.providers.standard.hooks.subprocess.SubprocessHook","filename":"subprocess.py","lineno":99}
{"timestamp":"2026-01-07T16:54:28.982717Z","level":"info","event":"26/01/07 22:24:28 INFO DAGScheduler: Job 0 is finished. Cancelling potential speculative or zombie tasks for this job","logger":"airflow.task.hooks.airflow.providers.standard.hooks.subprocess.SubprocessHook","filename":"subprocess.py","lineno":99}
{"timestamp":"2026-01-07T16:54:28.983597Z","level":"info","event":"26/01/07 22:24:28 INFO TaskSchedulerImpl: Canceling stage 0","logger":"airflow.task.hooks.airflow.providers.standard.hooks.subprocess.SubprocessHook","filename":"subprocess.py","lineno":99}
{"timestamp":"2026-01-07T16:54:28.984701Z","level":"info","event":"26/01/07 22:24:28 INFO TaskSchedulerImpl: Killing all running tasks in stage 0: Stage finished","logger":"airflow.task.hooks.airflow.providers.standard.hooks.subprocess.SubprocessHook","filename":"subprocess.py","lineno":99}
{"timestamp":"2026-01-07T16:54:28.988093Z","level":"info","event":"26/01/07 22:24:28 INFO DAGScheduler: Job 0 finished: csv at NativeMethodAccessorImpl.java:0, took 731.408203 ms","logger":"airflow.task.hooks.airflow.providers.standard.hooks.subprocess.SubprocessHook","filename":"subprocess.py","lineno":99}
{"timestamp":"2026-01-07T16:54:29.026700Z","level":"info","event":"26/01/07 22:24:29 INFO CodeGenerator: Code generated in 18.289575 ms","logger":"airflow.task.hooks.airflow.providers.standard.hooks.subprocess.SubprocessHook","filename":"subprocess.py","lineno":99}
{"timestamp":"2026-01-07T16:54:29.117005Z","level":"info","event":"26/01/07 22:24:29 INFO FileSourceStrategy: Pushed Filters:","logger":"airflow.task.hooks.airflow.providers.standard.hooks.subprocess.SubprocessHook","filename":"subprocess.py","lineno":99}
{"timestamp":"2026-01-07T16:54:29.117318Z","level":"info","event":"26/01/07 22:24:29 INFO FileSourceStrategy: Post-Scan Filters: Set()","logger":"airflow.task.hooks.airflow.providers.standard.hooks.subprocess.SubprocessHook","filename":"subprocess.py","lineno":99}
{"timestamp":"2026-01-07T16:54:29.138323Z","level":"info","event":"26/01/07 22:24:29 INFO MemoryStore: Block broadcast_2 stored as values in memory (estimated size 214.5 KiB, free 433.9 MiB)","logger":"airflow.task.hooks.airflow.providers.standard.hooks.subprocess.SubprocessHook","filename":"subprocess.py","lineno":99}
{"timestamp":"2026-01-07T16:54:29.188083Z","level":"info","event":"26/01/07 22:24:29 INFO MemoryStore: Block broadcast_2_piece0 stored as bytes in memory (estimated size 38.7 KiB, free 433.9 MiB)","logger":"airflow.task.hooks.airflow.providers.standard.hooks.subprocess.SubprocessHook","filename":"subprocess.py","lineno":99}
{"timestamp":"2026-01-07T16:54:29.192419Z","level":"info","event":"26/01/07 22:24:29 INFO SparkContext: Created broadcast 2 from csv at NativeMethodAccessorImpl.java:0","logger":"airflow.task.hooks.airflow.providers.standard.hooks.subprocess.SubprocessHook","filename":"subprocess.py","lineno":99}
{"timestamp":"2026-01-07T16:54:29.195245Z","level":"info","event":"26/01/07 22:24:29 INFO FileSourceScanExec: Planning scan with bin packing, max size: 4194304 bytes, open cost is considered as scanning 4194304 bytes.","logger":"airflow.task.hooks.airflow.providers.standard.hooks.subprocess.SubprocessHook","filename":"subprocess.py","lineno":99}
{"timestamp":"2026-01-07T16:54:29.334544Z","level":"info","event":"26/01/07 22:24:29 INFO SparkContext: Starting job: csv at NativeMethodAccessorImpl.java:0","logger":"airflow.task.hooks.airflow.providers.standard.hooks.subprocess.SubprocessHook","filename":"subprocess.py","lineno":99}
{"timestamp":"2026-01-07T16:54:29.338133Z","level":"info","event":"26/01/07 22:24:29 INFO DAGScheduler: Got job 1 (csv at NativeMethodAccessorImpl.java:0) with 1 output partitions","logger":"airflow.task.hooks.airflow.providers.standard.hooks.subprocess.SubprocessHook","filename":"subprocess.py","lineno":99}
{"timestamp":"2026-01-07T16:54:29.338419Z","level":"info","event":"26/01/07 22:24:29 INFO DAGScheduler: Final stage: ResultStage 1 (csv at NativeMethodAccessorImpl.java:0)","logger":"airflow.task.hooks.airflow.providers.standard.hooks.subprocess.SubprocessHook","filename":"subprocess.py","lineno":99}
{"timestamp":"2026-01-07T16:54:29.338585Z","level":"info","event":"26/01/07 22:24:29 INFO DAGScheduler: Parents of final stage: List()","logger":"airflow.task.hooks.airflow.providers.standard.hooks.subprocess.SubprocessHook","filename":"subprocess.py","lineno":99}
{"timestamp":"2026-01-07T16:54:29.340294Z","level":"info","event":"26/01/07 22:24:29 INFO DAGScheduler: Missing parents: List()","logger":"airflow.task.hooks.airflow.providers.standard.hooks.subprocess.SubprocessHook","filename":"subprocess.py","lineno":99}
{"timestamp":"2026-01-07T16:54:29.342731Z","level":"info","event":"26/01/07 22:24:29 INFO DAGScheduler: Missing parents found for ResultStage 1: List()","logger":"airflow.task.hooks.airflow.providers.standard.hooks.subprocess.SubprocessHook","filename":"subprocess.py","lineno":99}
{"timestamp":"2026-01-07T16:54:29.344590Z","level":"info","event":"26/01/07 22:24:29 INFO DAGScheduler: Submitting ResultStage 1 (MapPartitionsRDD[9] at csv at NativeMethodAccessorImpl.java:0), which has no missing parents","logger":"airflow.task.hooks.airflow.providers.standard.hooks.subprocess.SubprocessHook","filename":"subprocess.py","lineno":99}
{"timestamp":"2026-01-07T16:54:29.383093Z","level":"info","event":"26/01/07 22:24:29 INFO MemoryStore: Block broadcast_3 stored as values in memory (estimated size 22.9 KiB, free 433.9 MiB)","logger":"airflow.task.hooks.airflow.providers.standard.hooks.subprocess.SubprocessHook","filename":"subprocess.py","lineno":99}
{"timestamp":"2026-01-07T16:54:29.385672Z","level":"info","event":"26/01/07 22:24:29 INFO MemoryStore: Block broadcast_3_piece0 stored as bytes in memory (estimated size 10.4 KiB, free 433.9 MiB)","logger":"airflow.task.hooks.airflow.providers.standard.hooks.subprocess.SubprocessHook","filename":"subprocess.py","lineno":99}
{"timestamp":"2026-01-07T16:54:29.387022Z","level":"info","event":"26/01/07 22:24:29 INFO SparkContext: Created broadcast 3 from broadcast at DAGScheduler.scala:1701","logger":"airflow.task.hooks.airflow.providers.standard.hooks.subprocess.SubprocessHook","filename":"subprocess.py","lineno":99}
{"timestamp":"2026-01-07T16:54:29.388796Z","level":"info","event":"26/01/07 22:24:29 INFO DAGScheduler: Submitting 1 missing tasks from ResultStage 1 (MapPartitionsRDD[9] at csv at NativeMethodAccessorImpl.java:0) (first 15 tasks are for partitions Vector(0))","logger":"airflow.task.hooks.airflow.providers.standard.hooks.subprocess.SubprocessHook","filename":"subprocess.py","lineno":99}
{"timestamp":"2026-01-07T16:54:29.389192Z","level":"info","event":"26/01/07 22:24:29 INFO TaskSchedulerImpl: Adding task set 1.0 with 1 tasks resource profile 0","logger":"airflow.task.hooks.airflow.providers.standard.hooks.subprocess.SubprocessHook","filename":"subprocess.py","lineno":99}
{"timestamp":"2026-01-07T16:54:29.392755Z","level":"info","event":"26/01/07 22:24:29 INFO TaskSetManager: Starting task 0.0 in stage 1.0 (TID 1) (10.1.99.189,executor driver, partition 0, PROCESS_LOCAL, 10251 bytes)","logger":"airflow.task.hooks.airflow.providers.standard.hooks.subprocess.SubprocessHook","filename":"subprocess.py","lineno":99}
{"timestamp":"2026-01-07T16:54:29.394134Z","level":"info","event":"26/01/07 22:24:29 INFO Executor: Running task 0.0 in stage 1.0 (TID 1)","logger":"airflow.task.hooks.airflow.providers.standard.hooks.subprocess.SubprocessHook","filename":"subprocess.py","lineno":99}
{"timestamp":"2026-01-07T16:54:29.465718Z","level":"info","event":"26/01/07 22:24:29 INFO CodeGenerator: Code generated in 18.345018 ms","logger":"airflow.task.hooks.airflow.providers.standard.hooks.subprocess.SubprocessHook","filename":"subprocess.py","lineno":99}
{"timestamp":"2026-01-07T16:54:29.469676Z","level":"info","event":"26/01/07 22:24:29 INFO FileScanRDD: Reading File path: file:///home/dell/BigQueryIS/data/structured/diabetes.csv, range: 0-128, partition values: [empty row]","logger":"airflow.task.hooks.airflow.providers.standard.hooks.subprocess.SubprocessHook","filename":"subprocess.py","lineno":99}
{"timestamp":"2026-01-07T16:54:29.502609Z","level":"info","event":"26/01/07 22:24:29 INFO Executor: Finished task 0.0 in stage 1.0 (TID 1). 1911 bytes result sent to driver","logger":"airflow.task.hooks.airflow.providers.standard.hooks.subprocess.SubprocessHook","filename":"subprocess.py","lineno":99}
{"timestamp":"2026-01-07T16:54:29.506427Z","level":"info","event":"26/01/07 22:24:29 INFO TaskSetManager: Finished task 0.0 in stage 1.0 (TID 1) in 114 ms on 10.1.99.189 (executor driver) (1/1)","logger":"airflow.task.hooks.airflow.providers.standard.hooks.subprocess.SubprocessHook","filename":"subprocess.py","lineno":99}
{"timestamp":"2026-01-07T16:54:29.508547Z","level":"info","event":"26/01/07 22:24:29 INFO TaskSchedulerImpl: Removed TaskSet 1.0 whose tasks have all completed, from pool","logger":"airflow.task.hooks.airflow.providers.standard.hooks.subprocess.SubprocessHook","filename":"subprocess.py","lineno":99}
{"timestamp":"2026-01-07T16:54:29.510437Z","level":"info","event":"26/01/07 22:24:29 INFO DAGScheduler: ResultStage 1 (csv at NativeMethodAccessorImpl.java:0) finished in 163 ms","logger":"airflow.task.hooks.airflow.providers.standard.hooks.subprocess.SubprocessHook","filename":"subprocess.py","lineno":99}
{"timestamp":"2026-01-07T16:54:29.511400Z","level":"info","event":"26/01/07 22:24:29 INFO DAGScheduler: Job 1 is finished. Cancelling potential speculative or zombie tasks for this job","logger":"airflow.task.hooks.airflow.providers.standard.hooks.subprocess.SubprocessHook","filename":"subprocess.py","lineno":99}
{"timestamp":"2026-01-07T16:54:29.512644Z","level":"info","event":"26/01/07 22:24:29 INFO TaskSchedulerImpl: Canceling stage 1","logger":"airflow.task.hooks.airflow.providers.standard.hooks.subprocess.SubprocessHook","filename":"subprocess.py","lineno":99}
{"timestamp":"2026-01-07T16:54:29.513512Z","level":"info","event":"26/01/07 22:24:29 INFO TaskSchedulerImpl: Killing all running tasks in stage 1: Stage finished","logger":"airflow.task.hooks.airflow.providers.standard.hooks.subprocess.SubprocessHook","filename":"subprocess.py","lineno":99}
{"timestamp":"2026-01-07T16:54:29.515529Z","level":"info","event":"26/01/07 22:24:29 INFO DAGScheduler: Job 1 finished: csv at NativeMethodAccessorImpl.java:0, took 180.471298 ms","logger":"airflow.task.hooks.airflow.providers.standard.hooks.subprocess.SubprocessHook","filename":"subprocess.py","lineno":99}
{"timestamp":"2026-01-07T16:54:29.714508Z","level":"info","event":"26/01/07 22:24:29 INFO InMemoryFileIndex: It took 2 ms to list leaf files for 1 paths.","logger":"airflow.task.hooks.airflow.providers.standard.hooks.subprocess.SubprocessHook","filename":"subprocess.py","lineno":99}
{"timestamp":"2026-01-07T16:54:29.758823Z","level":"info","event":"26/01/07 22:24:29 INFO MemoryStore: Block broadcast_4 stored as values in memory (estimated size 214.9 KiB, free 433.7 MiB)","logger":"airflow.task.hooks.airflow.providers.standard.hooks.subprocess.SubprocessHook","filename":"subprocess.py","lineno":99}
{"timestamp":"2026-01-07T16:54:29.781991Z","level":"info","event":"26/01/07 22:24:29 INFO MemoryStore: Block broadcast_4_piece0 stored as bytes in memory (estimated size 38.7 KiB, free 433.6 MiB)","logger":"airflow.task.hooks.airflow.providers.standard.hooks.subprocess.SubprocessHook","filename":"subprocess.py","lineno":99}
{"timestamp":"2026-01-07T16:54:29.784202Z","level":"info","event":"26/01/07 22:24:29 INFO SparkContext: Created broadcast 4 from json at NativeMethodAccessorImpl.java:0","logger":"airflow.task.hooks.airflow.providers.standard.hooks.subprocess.SubprocessHook","filename":"subprocess.py","lineno":99}
{"timestamp":"2026-01-07T16:54:29.873709Z","level":"info","event":"26/01/07 22:24:29 INFO FileInputFormat: Total input files to process : 1","logger":"airflow.task.hooks.airflow.providers.standard.hooks.subprocess.SubprocessHook","filename":"subprocess.py","lineno":99}
{"timestamp":"2026-01-07T16:54:29.876749Z","level":"info","event":"26/01/07 22:24:29 INFO FileInputFormat: Total input files to process : 1","logger":"airflow.task.hooks.airflow.providers.standard.hooks.subprocess.SubprocessHook","filename":"subprocess.py","lineno":99}
{"timestamp":"2026-01-07T16:54:29.899164Z","level":"info","event":"26/01/07 22:24:29 INFO SparkContext: Starting job: json at NativeMethodAccessorImpl.java:0","logger":"airflow.task.hooks.airflow.providers.standard.hooks.subprocess.SubprocessHook","filename":"subprocess.py","lineno":99}
{"timestamp":"2026-01-07T16:54:29.900404Z","level":"info","event":"26/01/07 22:24:29 INFO DAGScheduler: Got job 2 (json at NativeMethodAccessorImpl.java:0) with 1 output partitions","logger":"airflow.task.hooks.airflow.providers.standard.hooks.subprocess.SubprocessHook","filename":"subprocess.py","lineno":99}
{"timestamp":"2026-01-07T16:54:29.900647Z","level":"info","event":"26/01/07 22:24:29 INFO DAGScheduler: Final stage: ResultStage 2 (json at NativeMethodAccessorImpl.java:0)","logger":"airflow.task.hooks.airflow.providers.standard.hooks.subprocess.SubprocessHook","filename":"subprocess.py","lineno":99}
{"timestamp":"2026-01-07T16:54:29.900890Z","level":"info","event":"26/01/07 22:24:29 INFO DAGScheduler: Parents of final stage: List()","logger":"airflow.task.hooks.airflow.providers.standard.hooks.subprocess.SubprocessHook","filename":"subprocess.py","lineno":99}
{"timestamp":"2026-01-07T16:54:29.901342Z","level":"info","event":"26/01/07 22:24:29 INFO DAGScheduler: Missing parents: List()","logger":"airflow.task.hooks.airflow.providers.standard.hooks.subprocess.SubprocessHook","filename":"subprocess.py","lineno":99}
{"timestamp":"2026-01-07T16:54:29.902462Z","level":"info","event":"26/01/07 22:24:29 INFO DAGScheduler: Missing parents found for ResultStage 2: List()","logger":"airflow.task.hooks.airflow.providers.standard.hooks.subprocess.SubprocessHook","filename":"subprocess.py","lineno":99}
{"timestamp":"2026-01-07T16:54:29.903265Z","level":"info","event":"26/01/07 22:24:29 INFO DAGScheduler: Submitting ResultStage 2 (MapPartitionsRDD[12] at json at NativeMethodAccessorImpl.java:0), which has no missing parents","logger":"airflow.task.hooks.airflow.providers.standard.hooks.subprocess.SubprocessHook","filename":"subprocess.py","lineno":99}
{"timestamp":"2026-01-07T16:54:29.931935Z","level":"info","event":"26/01/07 22:24:29 INFO MemoryStore: Block broadcast_5 stored as values in memory (estimated size 9.1 KiB, free 433.6 MiB)","logger":"airflow.task.hooks.airflow.providers.standard.hooks.subprocess.SubprocessHook","filename":"subprocess.py","lineno":99}
{"timestamp":"2026-01-07T16:54:29.934521Z","level":"info","event":"26/01/07 22:24:29 INFO MemoryStore: Block broadcast_5_piece0 stored as bytes in memory (estimated size 4.8 KiB, free 433.6 MiB)","logger":"airflow.task.hooks.airflow.providers.standard.hooks.subprocess.SubprocessHook","filename":"subprocess.py","lineno":99}
{"timestamp":"2026-01-07T16:54:29.936171Z","level":"info","event":"26/01/07 22:24:29 INFO SparkContext: Created broadcast 5 from broadcast at DAGScheduler.scala:1701","logger":"airflow.task.hooks.airflow.providers.standard.hooks.subprocess.SubprocessHook","filename":"subprocess.py","lineno":99}
{"timestamp":"2026-01-07T16:54:29.937731Z","level":"info","event":"26/01/07 22:24:29 INFO DAGScheduler: Submitting 1 missing tasks from ResultStage 2 (MapPartitionsRDD[12] at json at NativeMethodAccessorImpl.java:0) (first 15 tasks are for partitions Vector(0))","logger":"airflow.task.hooks.airflow.providers.standard.hooks.subprocess.SubprocessHook","filename":"subprocess.py","lineno":99}
{"timestamp":"2026-01-07T16:54:29.938072Z","level":"info","event":"26/01/07 22:24:29 INFO TaskSchedulerImpl: Adding task set 2.0 with 1 tasks resource profile 0","logger":"airflow.task.hooks.airflow.providers.standard.hooks.subprocess.SubprocessHook","filename":"subprocess.py","lineno":99}
{"timestamp":"2026-01-07T16:54:29.946092Z","level":"info","event":"26/01/07 22:24:29 INFO TaskSetManager: Starting task 0.0 in stage 2.0 (TID 2) (10.1.99.189,executor driver, partition 0, PROCESS_LOCAL, 9774 bytes)","logger":"airflow.task.hooks.airflow.providers.standard.hooks.subprocess.SubprocessHook","filename":"subprocess.py","lineno":99}
{"timestamp":"2026-01-07T16:54:29.947114Z","level":"info","event":"26/01/07 22:24:29 INFO Executor: Running task 0.0 in stage 2.0 (TID 2)","logger":"airflow.task.hooks.airflow.providers.standard.hooks.subprocess.SubprocessHook","filename":"subprocess.py","lineno":99}
{"timestamp":"2026-01-07T16:54:29.996795Z","level":"info","event":"26/01/07 22:24:29 INFO BinaryFileRDD: Task (TID 2) input split: Paths:/home/dell/BigQueryIS/data/extracted_text.json:0+65777","logger":"airflow.task.hooks.airflow.providers.standard.hooks.subprocess.SubprocessHook","filename":"subprocess.py","lineno":99}
{"timestamp":"2026-01-07T16:54:30.084654Z","level":"info","event":"26/01/07 22:24:30 INFO Executor: Finished task 0.0 in stage 2.0 (TID 2). 4678 bytes result sent to driver","logger":"airflow.task.hooks.airflow.providers.standard.hooks.subprocess.SubprocessHook","filename":"subprocess.py","lineno":99}
{"timestamp":"2026-01-07T16:54:30.088840Z","level":"info","event":"26/01/07 22:24:30 INFO TaskSetManager: Finished task 0.0 in stage 2.0 (TID 2) in 149 ms on 10.1.99.189 (executor driver) (1/1)","logger":"airflow.task.hooks.airflow.providers.standard.hooks.subprocess.SubprocessHook","filename":"subprocess.py","lineno":99}
{"timestamp":"2026-01-07T16:54:30.089814Z","level":"info","event":"26/01/07 22:24:30 INFO TaskSchedulerImpl: Removed TaskSet 2.0 whose tasks have all completed, from pool","logger":"airflow.task.hooks.airflow.providers.standard.hooks.subprocess.SubprocessHook","filename":"subprocess.py","lineno":99}
{"timestamp":"2026-01-07T16:54:30.090052Z","level":"info","event":"26/01/07 22:24:30 INFO DAGScheduler: ResultStage 2 (json at NativeMethodAccessorImpl.java:0) finished in 181 ms","logger":"airflow.task.hooks.airflow.providers.standard.hooks.subprocess.SubprocessHook","filename":"subprocess.py","lineno":99}
{"timestamp":"2026-01-07T16:54:30.090685Z","level":"info","event":"26/01/07 22:24:30 INFO DAGScheduler: Job 2 is finished. Cancelling potential speculative or zombie tasks for this job","logger":"airflow.task.hooks.airflow.providers.standard.hooks.subprocess.SubprocessHook","filename":"subprocess.py","lineno":99}
{"timestamp":"2026-01-07T16:54:30.090949Z","level":"info","event":"26/01/07 22:24:30 INFO TaskSchedulerImpl: Canceling stage 2","logger":"airflow.task.hooks.airflow.providers.standard.hooks.subprocess.SubprocessHook","filename":"subprocess.py","lineno":99}
{"timestamp":"2026-01-07T16:54:30.091406Z","level":"info","event":"26/01/07 22:24:30 INFO TaskSchedulerImpl: Killing all running tasks in stage 2: Stage finished","logger":"airflow.task.hooks.airflow.providers.standard.hooks.subprocess.SubprocessHook","filename":"subprocess.py","lineno":99}
{"timestamp":"2026-01-07T16:54:30.092680Z","level":"info","event":"26/01/07 22:24:30 INFO DAGScheduler: Job 2 finished: json at NativeMethodAccessorImpl.java:0, took 193.273603 ms","logger":"airflow.task.hooks.airflow.providers.standard.hooks.subprocess.SubprocessHook","filename":"subprocess.py","lineno":99}
{"timestamp":"2026-01-07T16:54:30.361842Z","level":"info","event":"26/01/07 22:24:30 INFO FileSourceStrategy: Pushed Filters:","logger":"airflow.task.hooks.airflow.providers.standard.hooks.subprocess.SubprocessHook","filename":"subprocess.py","lineno":99}
{"timestamp":"2026-01-07T16:54:30.362093Z","level":"info","event":"26/01/07 22:24:30 INFO FileSourceStrategy: Post-Scan Filters: Set()","logger":"airflow.task.hooks.airflow.providers.standard.hooks.subprocess.SubprocessHook","filename":"subprocess.py","lineno":99}
{"timestamp":"2026-01-07T16:54:30.365398Z","level":"info","event":"26/01/07 22:24:30 INFO FileSourceStrategy: Pushed Filters: IsNotNull(file_name)","logger":"airflow.task.hooks.airflow.providers.standard.hooks.subprocess.SubprocessHook","filename":"subprocess.py","lineno":99}
{"timestamp":"2026-01-07T16:54:30.365850Z","level":"info","event":"26/01/07 22:24:30 INFO FileSourceStrategy: Post-Scan Filters: Set(isnotnull(file_name#28))","logger":"airflow.task.hooks.airflow.providers.standard.hooks.subprocess.SubprocessHook","filename":"subprocess.py","lineno":99}
{"timestamp":"2026-01-07T16:54:30.690139Z","level":"info","event":"26/01/07 22:24:30 INFO CodeGenerator: Code generated in 145.325099 ms","logger":"airflow.task.hooks.airflow.providers.standard.hooks.subprocess.SubprocessHook","filename":"subprocess.py","lineno":99}
{"timestamp":"2026-01-07T16:54:30.696305Z","level":"info","event":"26/01/07 22:24:30 INFO MemoryStore: Block broadcast_6 stored as values in memory (estimated size 214.3 KiB, free 433.4 MiB)","logger":"airflow.task.hooks.airflow.providers.standard.hooks.subprocess.SubprocessHook","filename":"subprocess.py","lineno":99}
{"timestamp":"2026-01-07T16:54:30.722527Z","level":"info","event":"26/01/07 22:24:30 INFO MemoryStore: Block broadcast_6_piece0 stored as bytes in memory (estimated size 38.7 KiB, free 433.4 MiB)","logger":"airflow.task.hooks.airflow.providers.standard.hooks.subprocess.SubprocessHook","filename":"subprocess.py","lineno":99}
{"timestamp":"2026-01-07T16:54:30.724223Z","level":"info","event":"26/01/07 22:24:30 INFO SparkContext: Created broadcast 6 from $anonfun$withThreadLocalCaptured$2 at CompletableFuture.java:1768","logger":"airflow.task.hooks.airflow.providers.standard.hooks.subprocess.SubprocessHook","filename":"subprocess.py","lineno":99}
{"timestamp":"2026-01-07T16:54:30.728479Z","level":"info","event":"26/01/07 22:24:30 INFO FileSourceScanExec: Planning scan with bin packing, max size: 4194304 bytes, open cost is considered as scanning 4194304 bytes.","logger":"airflow.task.hooks.airflow.providers.standard.hooks.subprocess.SubprocessHook","filename":"subprocess.py","lineno":99}
{"timestamp":"2026-01-07T16:54:30.755702Z","level":"info","event":"26/01/07 22:24:30 INFO SparkContext: Starting job: $anonfun$withThreadLocalCaptured$2 at CompletableFuture.java:1768","logger":"airflow.task.hooks.airflow.providers.standard.hooks.subprocess.SubprocessHook","filename":"subprocess.py","lineno":99}
{"timestamp":"2026-01-07T16:54:30.756658Z","level":"info","event":"26/01/07 22:24:30 INFO DAGScheduler: Got job 3 ($anonfun$withThreadLocalCaptured$2 at CompletableFuture.java:1768) with 1 output partitions","logger":"airflow.task.hooks.airflow.providers.standard.hooks.subprocess.SubprocessHook","filename":"subprocess.py","lineno":99}
{"timestamp":"2026-01-07T16:54:30.756804Z","level":"info","event":"26/01/07 22:24:30 INFO DAGScheduler: Final stage: ResultStage 3 ($anonfun$withThreadLocalCaptured$2 at CompletableFuture.java:1768)","logger":"airflow.task.hooks.airflow.providers.standard.hooks.subprocess.SubprocessHook","filename":"subprocess.py","lineno":99}
{"timestamp":"2026-01-07T16:54:30.756962Z","level":"info","event":"26/01/07 22:24:30 INFO DAGScheduler: Parents of final stage: List()","logger":"airflow.task.hooks.airflow.providers.standard.hooks.subprocess.SubprocessHook","filename":"subprocess.py","lineno":99}
{"timestamp":"2026-01-07T16:54:30.757371Z","level":"info","event":"26/01/07 22:24:30 INFO DAGScheduler: Missing parents: List()","logger":"airflow.task.hooks.airflow.providers.standard.hooks.subprocess.SubprocessHook","filename":"subprocess.py","lineno":99}
{"timestamp":"2026-01-07T16:54:30.757911Z","level":"info","event":"26/01/07 22:24:30 INFO DAGScheduler: Missing parents found for ResultStage 3: List()","logger":"airflow.task.hooks.airflow.providers.standard.hooks.subprocess.SubprocessHook","filename":"subprocess.py","lineno":99}
{"timestamp":"2026-01-07T16:54:30.758195Z","level":"info","event":"26/01/07 22:24:30 INFO DAGScheduler: Submitting ResultStage 3 (MapPartitionsRDD[16] at $anonfun$withThreadLocalCaptured$2 at CompletableFuture.java:1768), which has no missing parents","logger":"airflow.task.hooks.airflow.providers.standard.hooks.subprocess.SubprocessHook","filename":"subprocess.py","lineno":99}
{"timestamp":"2026-01-07T16:54:30.762632Z","level":"info","event":"26/01/07 22:24:30 INFO MemoryStore: Block broadcast_7 stored as values in memory (estimated size 50.1 KiB, free 433.3 MiB)","logger":"airflow.task.hooks.airflow.providers.standard.hooks.subprocess.SubprocessHook","filename":"subprocess.py","lineno":99}
{"timestamp":"2026-01-07T16:54:30.764734Z","level":"info","event":"26/01/07 22:24:30 INFO MemoryStore: Block broadcast_7_piece0 stored as bytes in memory (estimated size 15.1 KiB, free 433.3 MiB)","logger":"airflow.task.hooks.airflow.providers.standard.hooks.subprocess.SubprocessHook","filename":"subprocess.py","lineno":99}
{"timestamp":"2026-01-07T16:54:30.766037Z","level":"info","event":"26/01/07 22:24:30 INFO SparkContext: Created broadcast 7 from broadcast at DAGScheduler.scala:1701","logger":"airflow.task.hooks.airflow.providers.standard.hooks.subprocess.SubprocessHook","filename":"subprocess.py","lineno":99}
{"timestamp":"2026-01-07T16:54:30.766991Z","level":"info","event":"26/01/07 22:24:30 INFO DAGScheduler: Submitting 1 missing tasks from ResultStage 3 (MapPartitionsRDD[16] at $anonfun$withThreadLocalCaptured$2 at CompletableFuture.java:1768) (first 15 tasks are for partitions Vector(0))","logger":"airflow.task.hooks.airflow.providers.standard.hooks.subprocess.SubprocessHook","filename":"subprocess.py","lineno":99}
{"timestamp":"2026-01-07T16:54:30.767146Z","level":"info","event":"26/01/07 22:24:30 INFO TaskSchedulerImpl: Adding task set 3.0 with 1 tasks resource profile 0","logger":"airflow.task.hooks.airflow.providers.standard.hooks.subprocess.SubprocessHook","filename":"subprocess.py","lineno":99}
{"timestamp":"2026-01-07T16:54:30.769015Z","level":"info","event":"26/01/07 22:24:30 INFO TaskSetManager: Starting task 0.0 in stage 3.0 (TID 3) (10.1.99.189,executor driver, partition 0, PROCESS_LOCAL, 10247 bytes)","logger":"airflow.task.hooks.airflow.providers.standard.hooks.subprocess.SubprocessHook","filename":"subprocess.py","lineno":99}
{"timestamp":"2026-01-07T16:54:30.769865Z","level":"info","event":"26/01/07 22:24:30 INFO Executor: Running task 0.0 in stage 3.0 (TID 3)","logger":"airflow.task.hooks.airflow.providers.standard.hooks.subprocess.SubprocessHook","filename":"subprocess.py","lineno":99}
{"timestamp":"2026-01-07T16:54:30.900651Z","level":"info","event":"26/01/07 22:24:30 INFO CodeGenerator: Code generated in 117.0468 ms","logger":"airflow.task.hooks.airflow.providers.standard.hooks.subprocess.SubprocessHook","filename":"subprocess.py","lineno":99}
{"timestamp":"2026-01-07T16:54:30.902919Z","level":"info","event":"26/01/07 22:24:30 INFO FileScanRDD: Reading File path: file:///home/dell/BigQueryIS/data/extracted_text.json, range: 0-65777, partition values: [empty row]","logger":"airflow.task.hooks.airflow.providers.standard.hooks.subprocess.SubprocessHook","filename":"subprocess.py","lineno":99}
{"timestamp":"2026-01-07T16:54:30.944783Z","level":"info","event":"26/01/07 22:24:30 INFO CodeGenerator: Code generated in 33.950101 ms","logger":"airflow.task.hooks.airflow.providers.standard.hooks.subprocess.SubprocessHook","filename":"subprocess.py","lineno":99}
{"timestamp":"2026-01-07T16:54:30.969150Z","level":"info","event":"26/01/07 22:24:30 INFO CodeGenerator: Code generated in 5.200321 ms","logger":"airflow.task.hooks.airflow.providers.standard.hooks.subprocess.SubprocessHook","filename":"subprocess.py","lineno":99}
{"timestamp":"2026-01-07T16:54:31.023090Z","level":"info","event":"26/01/07 22:24:31 INFO Executor: Finished task 0.0 in stage 3.0 (TID 3). 34008 bytes result sent to driver","logger":"airflow.task.hooks.airflow.providers.standard.hooks.subprocess.SubprocessHook","filename":"subprocess.py","lineno":99}
{"timestamp":"2026-01-07T16:54:31.025440Z","level":"info","event":"26/01/07 22:24:31 INFO TaskSetManager: Finished task 0.0 in stage 3.0 (TID 3) in 256 ms on 10.1.99.189 (executor driver) (1/1)","logger":"airflow.task.hooks.airflow.providers.standard.hooks.subprocess.SubprocessHook","filename":"subprocess.py","lineno":99}
{"timestamp":"2026-01-07T16:54:31.025748Z","level":"info","event":"26/01/07 22:24:31 INFO TaskSchedulerImpl: Removed TaskSet 3.0 whose tasks have all completed, from pool","logger":"airflow.task.hooks.airflow.providers.standard.hooks.subprocess.SubprocessHook","filename":"subprocess.py","lineno":99}
{"timestamp":"2026-01-07T16:54:31.026530Z","level":"info","event":"26/01/07 22:24:31 INFO DAGScheduler: ResultStage 3 ($anonfun$withThreadLocalCaptured$2 at CompletableFuture.java:1768) finished in 268 ms","logger":"airflow.task.hooks.airflow.providers.standard.hooks.subprocess.SubprocessHook","filename":"subprocess.py","lineno":99}
{"timestamp":"2026-01-07T16:54:31.026934Z","level":"info","event":"26/01/07 22:24:31 INFO DAGScheduler: Job 3 is finished. Cancelling potential speculative or zombie tasks for this job","logger":"airflow.task.hooks.airflow.providers.standard.hooks.subprocess.SubprocessHook","filename":"subprocess.py","lineno":99}
{"timestamp":"2026-01-07T16:54:31.027123Z","level":"info","event":"26/01/07 22:24:31 INFO TaskSchedulerImpl: Canceling stage 3","logger":"airflow.task.hooks.airflow.providers.standard.hooks.subprocess.SubprocessHook","filename":"subprocess.py","lineno":99}
{"timestamp":"2026-01-07T16:54:31.027290Z","level":"info","event":"26/01/07 22:24:31 INFO TaskSchedulerImpl: Killing all running tasks in stage 3: Stage finished","logger":"airflow.task.hooks.airflow.providers.standard.hooks.subprocess.SubprocessHook","filename":"subprocess.py","lineno":99}
{"timestamp":"2026-01-07T16:54:31.027750Z","level":"info","event":"26/01/07 22:24:31 INFO DAGScheduler: Job 3 finished: $anonfun$withThreadLocalCaptured$2 at CompletableFuture.java:1768, took 271.883765 ms","logger":"airflow.task.hooks.airflow.providers.standard.hooks.subprocess.SubprocessHook","filename":"subprocess.py","lineno":99}
{"timestamp":"2026-01-07T16:54:31.067842Z","level":"info","event":"26/01/07 22:24:31 INFO CodeGenerator: Code generated in 19.413564 ms","logger":"airflow.task.hooks.airflow.providers.standard.hooks.subprocess.SubprocessHook","filename":"subprocess.py","lineno":99}
{"timestamp":"2026-01-07T16:54:31.074401Z","level":"info","event":"26/01/07 22:24:31 INFO MemoryStore: Block broadcast_8 stored as values in memory (estimated size 2.0 MiB, free 431.8 MiB)","logger":"airflow.task.hooks.airflow.providers.standard.hooks.subprocess.SubprocessHook","filename":"subprocess.py","lineno":99}
{"timestamp":"2026-01-07T16:54:31.080804Z","level":"info","event":"26/01/07 22:24:31 INFO MemoryStore: Block broadcast_8_piece0 stored as bytes in memory (estimated size 31.7 KiB, free 431.8 MiB)","logger":"airflow.task.hooks.airflow.providers.standard.hooks.subprocess.SubprocessHook","filename":"subprocess.py","lineno":99}
{"timestamp":"2026-01-07T16:54:31.082243Z","level":"info","event":"26/01/07 22:24:31 INFO SparkContext: Created broadcast 8 from $anonfun$withThreadLocalCaptured$2 at CompletableFuture.java:1768","logger":"airflow.task.hooks.airflow.providers.standard.hooks.subprocess.SubprocessHook","filename":"subprocess.py","lineno":99}
{"timestamp":"2026-01-07T16:54:31.096725Z","level":"info","event":"26/01/07 22:24:31 INFO FileSourceStrategy: Pushed Filters:","logger":"airflow.task.hooks.airflow.providers.standard.hooks.subprocess.SubprocessHook","filename":"subprocess.py","lineno":99}
{"timestamp":"2026-01-07T16:54:31.096955Z","level":"info","event":"26/01/07 22:24:31 INFO FileSourceStrategy: Post-Scan Filters: Set()","logger":"airflow.task.hooks.airflow.providers.standard.hooks.subprocess.SubprocessHook","filename":"subprocess.py","lineno":99}
{"timestamp":"2026-01-07T16:54:31.156533Z","level":"info","event":"26/01/07 22:24:31 INFO ParquetUtils: Using default output committer for Parquet: org.apache.parquet.hadoop.ParquetOutputCommitter","logger":"airflow.task.hooks.airflow.providers.standard.hooks.subprocess.SubprocessHook","filename":"subprocess.py","lineno":99}
{"timestamp":"2026-01-07T16:54:31.176578Z","level":"info","event":"26/01/07 22:24:31 INFO FileOutputCommitter: File Output Committer Algorithm version is 1","logger":"airflow.task.hooks.airflow.providers.standard.hooks.subprocess.SubprocessHook","filename":"subprocess.py","lineno":99}
{"timestamp":"2026-01-07T16:54:31.176720Z","level":"info","event":"26/01/07 22:24:31 INFO FileOutputCommitter: FileOutputCommitter skip cleanup _temporary folders under output directory:false, ignore cleanup failures: false","logger":"airflow.task.hooks.airflow.providers.standard.hooks.subprocess.SubprocessHook","filename":"subprocess.py","lineno":99}
{"timestamp":"2026-01-07T16:54:31.178190Z","level":"info","event":"26/01/07 22:24:31 INFO SQLHadoopMapReduceCommitProtocol: Using user defined output committer class org.apache.parquet.hadoop.ParquetOutputCommitter","logger":"airflow.task.hooks.airflow.providers.standard.hooks.subprocess.SubprocessHook","filename":"subprocess.py","lineno":99}
{"timestamp":"2026-01-07T16:54:31.178363Z","level":"info","event":"26/01/07 22:24:31 INFO FileOutputCommitter: File Output Committer Algorithm version is 1","logger":"airflow.task.hooks.airflow.providers.standard.hooks.subprocess.SubprocessHook","filename":"subprocess.py","lineno":99}
{"timestamp":"2026-01-07T16:54:31.178557Z","level":"info","event":"26/01/07 22:24:31 INFO FileOutputCommitter: FileOutputCommitter skip cleanup _temporary folders under output directory:false, ignore cleanup failures: false","logger":"airflow.task.hooks.airflow.providers.standard.hooks.subprocess.SubprocessHook","filename":"subprocess.py","lineno":99}
{"timestamp":"2026-01-07T16:54:31.179845Z","level":"info","event":"26/01/07 22:24:31 INFO SQLHadoopMapReduceCommitProtocol: Using output committer class org.apache.parquet.hadoop.ParquetOutputCommitter","logger":"airflow.task.hooks.airflow.providers.standard.hooks.subprocess.SubprocessHook","filename":"subprocess.py","lineno":99}
{"timestamp":"2026-01-07T16:54:31.255518Z","level":"info","event":"26/01/07 22:24:31 INFO CodeGenerator: Code generated in 35.513912 ms","logger":"airflow.task.hooks.airflow.providers.standard.hooks.subprocess.SubprocessHook","filename":"subprocess.py","lineno":99}
{"timestamp":"2026-01-07T16:54:31.259751Z","level":"info","event":"26/01/07 22:24:31 INFO MemoryStore: Block broadcast_9 stored as values in memory (estimated size 214.4 KiB, free 431.6 MiB)","logger":"airflow.task.hooks.airflow.providers.standard.hooks.subprocess.SubprocessHook","filename":"subprocess.py","lineno":99}
{"timestamp":"2026-01-07T16:54:31.275394Z","level":"info","event":"26/01/07 22:24:31 INFO MemoryStore: Block broadcast_9_piece0 stored as bytes in memory (estimated size 38.7 KiB, free 431.6 MiB)","logger":"airflow.task.hooks.airflow.providers.standard.hooks.subprocess.SubprocessHook","filename":"subprocess.py","lineno":99}
{"timestamp":"2026-01-07T16:54:31.276666Z","level":"info","event":"26/01/07 22:24:31 INFO SparkContext: Created broadcast 9 from $anonfun$withThreadLocalCaptured$2 at CompletableFuture.java:1768","logger":"airflow.task.hooks.airflow.providers.standard.hooks.subprocess.SubprocessHook","filename":"subprocess.py","lineno":99}
{"timestamp":"2026-01-07T16:54:31.279359Z","level":"info","event":"26/01/07 22:24:31 INFO FileSourceScanExec: Planning scan with bin packing, max size: 4194304 bytes, open cost is considered as scanning 4194304 bytes.","logger":"airflow.task.hooks.airflow.providers.standard.hooks.subprocess.SubprocessHook","filename":"subprocess.py","lineno":99}
{"timestamp":"2026-01-07T16:54:31.293108Z","level":"info","event":"26/01/07 22:24:31 INFO SparkContext: Starting job: $anonfun$withThreadLocalCaptured$2 at CompletableFuture.java:1768","logger":"airflow.task.hooks.airflow.providers.standard.hooks.subprocess.SubprocessHook","filename":"subprocess.py","lineno":99}
{"timestamp":"2026-01-07T16:54:31.294184Z","level":"info","event":"26/01/07 22:24:31 INFO DAGScheduler: Got job 4 ($anonfun$withThreadLocalCaptured$2 at CompletableFuture.java:1768) with 1 output partitions","logger":"airflow.task.hooks.airflow.providers.standard.hooks.subprocess.SubprocessHook","filename":"subprocess.py","lineno":99}
{"timestamp":"2026-01-07T16:54:31.294355Z","level":"info","event":"26/01/07 22:24:31 INFO DAGScheduler: Final stage: ResultStage 4 ($anonfun$withThreadLocalCaptured$2 at CompletableFuture.java:1768)","logger":"airflow.task.hooks.airflow.providers.standard.hooks.subprocess.SubprocessHook","filename":"subprocess.py","lineno":99}
{"timestamp":"2026-01-07T16:54:31.294584Z","level":"info","event":"26/01/07 22:24:31 INFO DAGScheduler: Parents of final stage: List()","logger":"airflow.task.hooks.airflow.providers.standard.hooks.subprocess.SubprocessHook","filename":"subprocess.py","lineno":99}
{"timestamp":"2026-01-07T16:54:31.295072Z","level":"info","event":"26/01/07 22:24:31 INFO DAGScheduler: Missing parents: List()","logger":"airflow.task.hooks.airflow.providers.standard.hooks.subprocess.SubprocessHook","filename":"subprocess.py","lineno":99}
{"timestamp":"2026-01-07T16:54:31.295643Z","level":"info","event":"26/01/07 22:24:31 INFO DAGScheduler: Missing parents found for ResultStage 4: List()","logger":"airflow.task.hooks.airflow.providers.standard.hooks.subprocess.SubprocessHook","filename":"subprocess.py","lineno":99}
{"timestamp":"2026-01-07T16:54:31.295900Z","level":"info","event":"26/01/07 22:24:31 INFO DAGScheduler: Submitting ResultStage 4 (MapPartitionsRDD[20] at $anonfun$withThreadLocalCaptured$2 at CompletableFuture.java:1768), which has no missing parents","logger":"airflow.task.hooks.airflow.providers.standard.hooks.subprocess.SubprocessHook","filename":"subprocess.py","lineno":99}
{"timestamp":"2026-01-07T16:54:31.336130Z","level":"info","event":"26/01/07 22:24:31 INFO MemoryStore: Block broadcast_10 stored as values in memory (estimated size 265.2 KiB, free 431.3 MiB)","logger":"airflow.task.hooks.airflow.providers.standard.hooks.subprocess.SubprocessHook","filename":"subprocess.py","lineno":99}
{"timestamp":"2026-01-07T16:54:31.339160Z","level":"info","event":"26/01/07 22:24:31 INFO MemoryStore: Block broadcast_10_piece0 stored as bytes in memory (estimated size 93.5 KiB, free 431.2 MiB)","logger":"airflow.task.hooks.airflow.providers.standard.hooks.subprocess.SubprocessHook","filename":"subprocess.py","lineno":99}
{"timestamp":"2026-01-07T16:54:31.340382Z","level":"info","event":"26/01/07 22:24:31 INFO SparkContext: Created broadcast 10 from broadcast at DAGScheduler.scala:1701","logger":"airflow.task.hooks.airflow.providers.standard.hooks.subprocess.SubprocessHook","filename":"subprocess.py","lineno":99}
{"timestamp":"2026-01-07T16:54:31.341426Z","level":"info","event":"26/01/07 22:24:31 INFO DAGScheduler: Submitting 1 missing tasks from ResultStage 4 (MapPartitionsRDD[20] at $anonfun$withThreadLocalCaptured$2 at CompletableFuture.java:1768) (first 15 tasks are for partitions Vector(0))","logger":"airflow.task.hooks.airflow.providers.standard.hooks.subprocess.SubprocessHook","filename":"subprocess.py","lineno":99}
{"timestamp":"2026-01-07T16:54:31.341689Z","level":"info","event":"26/01/07 22:24:31 INFO TaskSchedulerImpl: Adding task set 4.0 with 1 tasks resource profile 0","logger":"airflow.task.hooks.airflow.providers.standard.hooks.subprocess.SubprocessHook","filename":"subprocess.py","lineno":99}
{"timestamp":"2026-01-07T16:54:31.343311Z","level":"info","event":"26/01/07 22:24:31 INFO TaskSetManager: Starting task 0.0 in stage 4.0 (TID 4) (10.1.99.189,executor driver, partition 0, PROCESS_LOCAL, 10251 bytes)","logger":"airflow.task.hooks.airflow.providers.standard.hooks.subprocess.SubprocessHook","filename":"subprocess.py","lineno":99}
{"timestamp":"2026-01-07T16:54:31.344164Z","level":"info","event":"26/01/07 22:24:31 INFO Executor: Running task 0.0 in stage 4.0 (TID 4)","logger":"airflow.task.hooks.airflow.providers.standard.hooks.subprocess.SubprocessHook","filename":"subprocess.py","lineno":99}
{"timestamp":"2026-01-07T16:54:31.460082Z","level":"info","event":"26/01/07 22:24:31 INFO CodeGenerator: Code generated in 40.850695 ms","logger":"airflow.task.hooks.airflow.providers.standard.hooks.subprocess.SubprocessHook","filename":"subprocess.py","lineno":99}
{"timestamp":"2026-01-07T16:54:31.463046Z","level":"info","event":"26/01/07 22:24:31 INFO FileOutputCommitter: File Output Committer Algorithm version is 1","logger":"airflow.task.hooks.airflow.providers.standard.hooks.subprocess.SubprocessHook","filename":"subprocess.py","lineno":99}
{"timestamp":"2026-01-07T16:54:31.463262Z","level":"info","event":"26/01/07 22:24:31 INFO FileOutputCommitter: FileOutputCommitter skip cleanup _temporary folders under output directory:false, ignore cleanup failures: false","logger":"airflow.task.hooks.airflow.providers.standard.hooks.subprocess.SubprocessHook","filename":"subprocess.py","lineno":99}
{"timestamp":"2026-01-07T16:54:31.463970Z","level":"info","event":"26/01/07 22:24:31 INFO SQLHadoopMapReduceCommitProtocol: Using user defined output committer class org.apache.parquet.hadoop.ParquetOutputCommitter","logger":"airflow.task.hooks.airflow.providers.standard.hooks.subprocess.SubprocessHook","filename":"subprocess.py","lineno":99}
{"timestamp":"2026-01-07T16:54:31.464128Z","level":"info","event":"26/01/07 22:24:31 INFO FileOutputCommitter: File Output Committer Algorithm version is 1","logger":"airflow.task.hooks.airflow.providers.standard.hooks.subprocess.SubprocessHook","filename":"subprocess.py","lineno":99}
{"timestamp":"2026-01-07T16:54:31.464252Z","level":"info","event":"26/01/07 22:24:31 INFO FileOutputCommitter: FileOutputCommitter skip cleanup _temporary folders under output directory:false, ignore cleanup failures: false","logger":"airflow.task.hooks.airflow.providers.standard.hooks.subprocess.SubprocessHook","filename":"subprocess.py","lineno":99}
{"timestamp":"2026-01-07T16:54:31.464780Z","level":"info","event":"26/01/07 22:24:31 INFO SQLHadoopMapReduceCommitProtocol: Using output committer class org.apache.parquet.hadoop.ParquetOutputCommitter","logger":"airflow.task.hooks.airflow.providers.standard.hooks.subprocess.SubprocessHook","filename":"subprocess.py","lineno":99}
{"timestamp":"2026-01-07T16:54:31.473095Z","level":"info","event":"26/01/07 22:24:31 INFO CodecConfig: Compression: SNAPPY","logger":"airflow.task.hooks.airflow.providers.standard.hooks.subprocess.SubprocessHook","filename":"subprocess.py","lineno":99}
{"timestamp":"2026-01-07T16:54:31.476806Z","level":"info","event":"26/01/07 22:24:31 INFO CodecConfig: Compression: SNAPPY","logger":"airflow.task.hooks.airflow.providers.standard.hooks.subprocess.SubprocessHook","filename":"subprocess.py","lineno":99}
{"timestamp":"2026-01-07T16:54:31.508304Z","level":"info","event":"26/01/07 22:24:31 INFO ParquetOutputFormat: ParquetRecordWriter [block size: 134217728b, row group padding size: 8388608b, validating: false]","logger":"airflow.task.hooks.airflow.providers.standard.hooks.subprocess.SubprocessHook","filename":"subprocess.py","lineno":99}
{"timestamp":"2026-01-07T16:54:31.624548Z","level":"info","event":"26/01/07 22:24:31 INFO CodecPool: Got brand-new compressor [.snappy]","logger":"airflow.task.hooks.airflow.providers.standard.hooks.subprocess.SubprocessHook","filename":"subprocess.py","lineno":99}
{"timestamp":"2026-01-07T16:54:31.949011Z","level":"info","event":"26/01/07 22:24:31 INFO FileScanRDD: Reading File path: file:///home/dell/BigQueryIS/data/structured/diabetes.csv, range: 0-128, partition values: [empty row]","logger":"airflow.task.hooks.airflow.providers.standard.hooks.subprocess.SubprocessHook","filename":"subprocess.py","lineno":99}
{"timestamp":"2026-01-07T16:54:31.962554Z","level":"info","event":"26/01/07 22:24:31 INFO CodeGenerator: Code generated in 9.923978 ms","logger":"airflow.task.hooks.airflow.providers.standard.hooks.subprocess.SubprocessHook","filename":"subprocess.py","lineno":99}
{"timestamp":"2026-01-07T16:54:32.421399Z","level":"info","event":"26/01/07 22:24:32 INFO FileOutputCommitter: Saved output of task 'attempt_202601072224315786323772715013681_0004_m_000000_4' to file:/home/dell/BigQueryIS/data/output/fused_multimodal_generic/_temporary/0/task_202601072224315786323772715013681_0004_m_000000","logger":"airflow.task.hooks.airflow.providers.standard.hooks.subprocess.SubprocessHook","filename":"subprocess.py","lineno":99}
{"timestamp":"2026-01-07T16:54:32.422541Z","level":"info","event":"26/01/07 22:24:32 INFO SparkHadoopMapRedUtil: attempt_202601072224315786323772715013681_0004_m_000000_4: Committed. Elapsed time: 1 ms.","logger":"airflow.task.hooks.airflow.providers.standard.hooks.subprocess.SubprocessHook","filename":"subprocess.py","lineno":99}
{"timestamp":"2026-01-07T16:54:32.431519Z","level":"info","event":"26/01/07 22:24:32 INFO Executor: Finished task 0.0 in stage 4.0 (TID 4). 2941 bytes result sent to driver","logger":"airflow.task.hooks.airflow.providers.standard.hooks.subprocess.SubprocessHook","filename":"subprocess.py","lineno":99}
{"timestamp":"2026-01-07T16:54:32.433216Z","level":"info","event":"26/01/07 22:24:32 INFO TaskSetManager: Finished task 0.0 in stage 4.0 (TID 4) in 1090 ms on 10.1.99.189 (executor driver) (1/1)","logger":"airflow.task.hooks.airflow.providers.standard.hooks.subprocess.SubprocessHook","filename":"subprocess.py","lineno":99}
{"timestamp":"2026-01-07T16:54:32.433530Z","level":"info","event":"26/01/07 22:24:32 INFO TaskSchedulerImpl: Removed TaskSet 4.0 whose tasks have all completed, from pool","logger":"airflow.task.hooks.airflow.providers.standard.hooks.subprocess.SubprocessHook","filename":"subprocess.py","lineno":99}
{"timestamp":"2026-01-07T16:54:32.434067Z","level":"info","event":"26/01/07 22:24:32 INFO DAGScheduler: ResultStage 4 ($anonfun$withThreadLocalCaptured$2 at CompletableFuture.java:1768) finished in 1137 ms","logger":"airflow.task.hooks.airflow.providers.standard.hooks.subprocess.SubprocessHook","filename":"subprocess.py","lineno":99}
{"timestamp":"2026-01-07T16:54:32.434371Z","level":"info","event":"26/01/07 22:24:32 INFO DAGScheduler: Job 4 is finished. Cancelling potential speculative or zombie tasks for this job","logger":"airflow.task.hooks.airflow.providers.standard.hooks.subprocess.SubprocessHook","filename":"subprocess.py","lineno":99}
{"timestamp":"2026-01-07T16:54:32.434564Z","level":"info","event":"26/01/07 22:24:32 INFO TaskSchedulerImpl: Canceling stage 4","logger":"airflow.task.hooks.airflow.providers.standard.hooks.subprocess.SubprocessHook","filename":"subprocess.py","lineno":99}
{"timestamp":"2026-01-07T16:54:32.434716Z","level":"info","event":"26/01/07 22:24:32 INFO TaskSchedulerImpl: Killing all running tasks in stage 4: Stage finished","logger":"airflow.task.hooks.airflow.providers.standard.hooks.subprocess.SubprocessHook","filename":"subprocess.py","lineno":99}
{"timestamp":"2026-01-07T16:54:32.435707Z","level":"info","event":"26/01/07 22:24:32 INFO DAGScheduler: Job 4 finished: $anonfun$withThreadLocalCaptured$2 at CompletableFuture.java:1768, took 1142.390811 ms","logger":"airflow.task.hooks.airflow.providers.standard.hooks.subprocess.SubprocessHook","filename":"subprocess.py","lineno":99}
{"timestamp":"2026-01-07T16:54:32.437639Z","level":"info","event":"26/01/07 22:24:32 INFO FileFormatWriter: Start to commit write Job b67b9f80-2c01-46bf-919b-5071e453d62b.","logger":"airflow.task.hooks.airflow.providers.standard.hooks.subprocess.SubprocessHook","filename":"subprocess.py","lineno":99}
{"timestamp":"2026-01-07T16:54:32.454327Z","level":"info","event":"26/01/07 22:24:32 INFO FileFormatWriter: Write Job b67b9f80-2c01-46bf-919b-5071e453d62b committed. Elapsed time: 15 ms.","logger":"airflow.task.hooks.airflow.providers.standard.hooks.subprocess.SubprocessHook","filename":"subprocess.py","lineno":99}
{"timestamp":"2026-01-07T16:54:32.457664Z","level":"info","event":"26/01/07 22:24:32 INFO FileFormatWriter: Finished processing stats for write job b67b9f80-2c01-46bf-919b-5071e453d62b.","logger":"airflow.task.hooks.airflow.providers.standard.hooks.subprocess.SubprocessHook","filename":"subprocess.py","lineno":99}
{"timestamp":"2026-01-07T16:54:32.467720Z","level":"info","event":"Spark fusion complete - merged unstructured and structured data","logger":"airflow.task.hooks.airflow.providers.standard.hooks.subprocess.SubprocessHook","filename":"subprocess.py","lineno":99}
{"timestamp":"2026-01-07T16:54:32.544808Z","level":"info","event":"26/01/07 22:24:32 INFO SparkContext: Invoking stop() from shutdown hook","logger":"airflow.task.hooks.airflow.providers.standard.hooks.subprocess.SubprocessHook","filename":"subprocess.py","lineno":99}
{"timestamp":"2026-01-07T16:54:32.545645Z","level":"info","event":"26/01/07 22:24:32 INFO SparkContext: SparkContext is stopping with exitCode 0 from run at Executors.java:572.","logger":"airflow.task.hooks.airflow.providers.standard.hooks.subprocess.SubprocessHook","filename":"subprocess.py","lineno":99}
{"timestamp":"2026-01-07T16:54:32.574021Z","level":"info","event":"26/01/07 22:24:32 INFO SparkUI: Stopped Spark web UI at http://10.1.99.189:4040","logger":"airflow.task.hooks.airflow.providers.standard.hooks.subprocess.SubprocessHook","filename":"subprocess.py","lineno":99}
{"timestamp":"2026-01-07T16:54:32.586628Z","level":"info","event":"26/01/07 22:24:32 INFO MapOutputTrackerMasterEndpoint: MapOutputTrackerMasterEndpoint stopped!","logger":"airflow.task.hooks.airflow.providers.standard.hooks.subprocess.SubprocessHook","filename":"subprocess.py","lineno":99}
{"timestamp":"2026-01-07T16:54:32.600596Z","level":"info","event":"26/01/07 22:24:32 INFO MemoryStore: MemoryStore cleared","logger":"airflow.task.hooks.airflow.providers.standard.hooks.subprocess.SubprocessHook","filename":"subprocess.py","lineno":99}
{"timestamp":"2026-01-07T16:54:32.601006Z","level":"info","event":"26/01/07 22:24:32 INFO BlockManager: BlockManager stopped","logger":"airflow.task.hooks.airflow.providers.standard.hooks.subprocess.SubprocessHook","filename":"subprocess.py","lineno":99}
{"timestamp":"2026-01-07T16:54:32.605204Z","level":"info","event":"26/01/07 22:24:32 INFO BlockManagerMaster: BlockManagerMaster stopped","logger":"airflow.task.hooks.airflow.providers.standard.hooks.subprocess.SubprocessHook","filename":"subprocess.py","lineno":99}
{"timestamp":"2026-01-07T16:54:32.607787Z","level":"info","event":"26/01/07 22:24:32 INFO OutputCommitCoordinator$OutputCommitCoordinatorEndpoint: OutputCommitCoordinator stopped!","logger":"airflow.task.hooks.airflow.providers.standard.hooks.subprocess.SubprocessHook","filename":"subprocess.py","lineno":99}
{"timestamp":"2026-01-07T16:54:32.615271Z","level":"info","event":"26/01/07 22:24:32 INFO SparkContext: Successfully stopped SparkContext (Uptime: 13016 ms)","logger":"airflow.task.hooks.airflow.providers.standard.hooks.subprocess.SubprocessHook","filename":"subprocess.py","lineno":99}
{"timestamp":"2026-01-07T16:54:32.700766Z","level":"info","event":"Command exited with return code 0","logger":"airflow.task.hooks.airflow.providers.standard.hooks.subprocess.SubprocessHook","filename":"subprocess.py","lineno":103}
{"timestamp":"2026-01-07T16:54:32.701258Z","level":"info","event":"Pushing xcom","ti":"RuntimeTaskInstance(id=UUID('019b9961-57a9-7aba-9229-0a25729bd25f'), task_id='spark_fusion', dag_id='multimodal_pipeline', run_id='manual__2026-01-07T16:54:10+00:00', try_number=1, dag_version_id=UUID('019b9952-9e07-7538-a49b-433a29d01d1a'), map_index=-1, hostname='dell-Vostro-3590', context_carrier={}, task=<Task(BashOperator): spark_fusion>, bundle_instance=LocalDagBundle(name=dags-folder), max_tries=0, start_date=datetime.datetime(2026, 1, 7, 16, 54, 15, 844948, tzinfo=datetime.timezone.utc), end_date=None, state=<TaskInstanceState.RUNNING: 'running'>, is_mapped=False, rendered_map_index=None)","logger":"task","filename":"task_runner.py","lineno":1370}
{"timestamp":"2026-01-07T16:54:32.738396Z","level":"info","event":"Task instance in success state","logger":"task.stdout"}
{"timestamp":"2026-01-07T16:54:32.738591Z","level":"info","event":" Previous state of the Task instance: TaskInstanceState.RUNNING","logger":"task.stdout"}
{"timestamp":"2026-01-07T16:54:32.738766Z","level":"info","event":"Task operator:<Task(BashOperator): spark_fusion>","logger":"task.stdout"}
